{"timestamp":"2024-11-17T16:16:31.797Z","logLevel":"info","context":"general","message":"Browsertrix-Crawler 1.3.3 (with warcio.js 2.3.1)","details":{}}
{"timestamp":"2024-11-17T16:16:31.798Z","logLevel":"info","context":"general","message":"Seeds","details":[{"url":"https://www.tg.no/","scopeType":"custom","include":["/www.tg.no/"],"exclude":[],"allowHash":false,"depth":-1,"sitemap":null,"auth":null,"_authEncoded":null,"maxExtraHops":0,"maxDepth":1000000,"_includeStr":["www.tg.no"]}]}
{"timestamp":"2024-11-17T16:16:31.798Z","logLevel":"info","context":"general","message":"Behavior Options","details":{"message":"{\"autoscroll\":true,\"autoplay\":true,\"autofetch\":true,\"siteSpecific\":true,\"log\":\"__bx_log\",\"startEarly\":true}"}}
{"timestamp":"2024-11-17T16:16:32.549Z","logLevel":"info","context":"worker","message":"Creating 4 workers","details":{}}
{"timestamp":"2024-11-17T16:16:32.549Z","logLevel":"info","context":"worker","message":"Worker starting","details":{"workerid":0}}
{"timestamp":"2024-11-17T16:16:32.550Z","logLevel":"info","context":"worker","message":"Worker starting","details":{"workerid":1}}
{"timestamp":"2024-11-17T16:16:32.550Z","logLevel":"info","context":"worker","message":"Worker starting","details":{"workerid":2}}
{"timestamp":"2024-11-17T16:16:32.550Z","logLevel":"info","context":"worker","message":"Worker starting","details":{"workerid":3}}
{"timestamp":"2024-11-17T16:16:33.092Z","logLevel":"info","context":"worker","message":"Starting page","details":{"workerid":0,"page":"https://www.tg.no/"}}
{"timestamp":"2024-11-17T16:16:33.093Z","logLevel":"info","context":"crawlStatus","message":"Crawl statistics","details":{"crawled":0,"total":1,"pending":1,"failed":0,"limit":{"max":0,"hit":false},"pendingPages":["{\"seedId\":0,\"started\":\"2024-11-17T16:16:32.552Z\",\"extraHops\":0,\"url\":\"https:\\/\\/www.tg.no\\/\",\"added\":\"2024-11-17T16:16:31.940Z\",\"depth\":0}"]}}
{"timestamp":"2024-11-17T16:16:33.342Z","logLevel":"info","context":"general","message":"Awaiting page load","details":{"page":"https://www.tg.no/","workerid":0}}
{"timestamp":"2024-11-17T16:16:33.630Z","logLevel":"warn","context":"recorder","message":"Request failed","details":{"url":"https://matomo.gathering.org/matomo.js","errorText":"net::ERR_BLOCKED_BY_CLIENT.Inspector","page":"https://www.tg.no/","workerid":0}}
{"timestamp":"2024-11-17T16:16:36.210Z","logLevel":"info","context":"behavior","message":"Running behaviors","details":{"frames":1,"frameUrls":["https://www.tg.no/"],"page":"https://www.tg.no/","workerid":0}}
{"timestamp":"2024-11-17T16:16:36.210Z","logLevel":"info","context":"behavior","message":"Run Script Started","details":{"frameUrl":"https://www.tg.no/","page":"https://www.tg.no/","workerid":0}}
{"timestamp":"2024-11-17T16:16:36.215Z","logLevel":"info","context":"behaviorScript","message":"Behavior log","details":{"state":{"segments":1},"msg":"Skipping autoscroll, page seems to not be responsive to scrolling events","page":"https://www.tg.no/","workerid":0}}
{"timestamp":"2024-11-17T16:16:36.215Z","logLevel":"info","context":"behaviorScript","message":"Behavior log","details":{"state":{"segments":1},"msg":"done!","page":"https://www.tg.no/","workerid":0}}
{"timestamp":"2024-11-17T16:16:36.789Z","logLevel":"info","context":"behavior","message":"Run Script Finished","details":{"frameUrl":"https://www.tg.no/","page":"https://www.tg.no/","workerid":0}}
{"timestamp":"2024-11-17T16:16:36.793Z","logLevel":"info","context":"behavior","message":"Behaviors finished","details":{"finished":1,"page":"https://www.tg.no/","workerid":0}}
{"timestamp":"2024-11-17T16:16:36.897Z","logLevel":"info","context":"worker","message":"Starting page","details":{"workerid":3,"page":"https://www.tg.no/contact"}}
{"timestamp":"2024-11-17T16:16:36.898Z","logLevel":"info","context":"crawlStatus","message":"Crawl statistics","details":{"crawled":0,"total":14,"pending":4,"failed":0,"limit":{"max":0,"hit":false},"pendingPages":["{\"seedId\":0,\"started\":\"2024-11-17T16:16:36.627Z\",\"extraHops\":0,\"url\":\"https:\\/\\/www.tg.no\\/contact\",\"added\":\"2024-11-17T16:16:36.199Z\",\"depth\":1}","{\"seedId\":0,\"started\":\"2024-11-17T16:16:36.627Z\",\"extraHops\":0,\"url\":\"https:\\/\\/www.tg.no\\/competitions\\/creative\",\"added\":\"2024-11-17T16:16:36.198Z\",\"depth\":1}","{\"seedId\":0,\"started\":\"2024-11-17T16:16:32.552Z\",\"extraHops\":0,\"url\":\"https:\\/\\/www.tg.no\\/\",\"added\":\"2024-11-17T16:16:31.940Z\",\"depth\":0}","{\"seedId\":0,\"started\":\"2024-11-17T16:16:36.627Z\",\"extraHops\":0,\"url\":\"https:\\/\\/www.tg.no\\/competitions\\/esport\",\"added\":\"2024-11-17T16:16:36.198Z\",\"depth\":1}"]}}
{"timestamp":"2024-11-17T16:16:36.902Z","logLevel":"info","context":"worker","message":"Starting page","details":{"workerid":1,"page":"https://www.tg.no/competitions/creative"}}
{"timestamp":"2024-11-17T16:16:36.903Z","logLevel":"info","context":"worker","message":"Starting page","details":{"workerid":2,"page":"https://www.tg.no/competitions/esport"}}
{"timestamp":"2024-11-17T16:16:36.903Z","logLevel":"info","context":"crawlStatus","message":"Crawl statistics","details":{"crawled":0,"total":14,"pending":4,"failed":0,"limit":{"max":0,"hit":false},"pendingPages":["{\"seedId\":0,\"started\":\"2024-11-17T16:16:36.627Z\",\"extraHops\":0,\"url\":\"https:\\/\\/www.tg.no\\/contact\",\"added\":\"2024-11-17T16:16:36.199Z\",\"depth\":1}","{\"seedId\":0,\"started\":\"2024-11-17T16:16:36.627Z\",\"extraHops\":0,\"url\":\"https:\\/\\/www.tg.no\\/competitions\\/creative\",\"added\":\"2024-11-17T16:16:36.198Z\",\"depth\":1}","{\"seedId\":0,\"started\":\"2024-11-17T16:16:32.552Z\",\"extraHops\":0,\"url\":\"https:\\/\\/www.tg.no\\/\",\"added\":\"2024-11-17T16:16:31.940Z\",\"depth\":0}","{\"seedId\":0,\"started\":\"2024-11-17T16:16:36.627Z\",\"extraHops\":0,\"url\":\"https:\\/\\/www.tg.no\\/competitions\\/esport\",\"added\":\"2024-11-17T16:16:36.198Z\",\"depth\":1}"]}}
{"timestamp":"2024-11-17T16:16:36.904Z","logLevel":"info","context":"crawlStatus","message":"Crawl statistics","details":{"crawled":0,"total":14,"pending":4,"failed":0,"limit":{"max":0,"hit":false},"pendingPages":["{\"seedId\":0,\"started\":\"2024-11-17T16:16:36.627Z\",\"extraHops\":0,\"url\":\"https:\\/\\/www.tg.no\\/contact\",\"added\":\"2024-11-17T16:16:36.199Z\",\"depth\":1}","{\"seedId\":0,\"started\":\"2024-11-17T16:16:36.627Z\",\"extraHops\":0,\"url\":\"https:\\/\\/www.tg.no\\/competitions\\/creative\",\"added\":\"2024-11-17T16:16:36.198Z\",\"depth\":1}","{\"seedId\":0,\"started\":\"2024-11-17T16:16:32.552Z\",\"extraHops\":0,\"url\":\"https:\\/\\/www.tg.no\\/\",\"added\":\"2024-11-17T16:16:31.940Z\",\"depth\":0}","{\"seedId\":0,\"started\":\"2024-11-17T16:16:36.627Z\",\"extraHops\":0,\"url\":\"https:\\/\\/www.tg.no\\/competitions\\/esport\",\"added\":\"2024-11-17T16:16:36.198Z\",\"depth\":1}"]}}
{"timestamp":"2024-11-17T16:16:36.935Z","logLevel":"info","context":"general","message":"Awaiting page load","details":{"page":"https://www.tg.no/contact","workerid":3}}
{"timestamp":"2024-11-17T16:16:36.985Z","logLevel":"info","context":"general","message":"Awaiting page load","details":{"page":"https://www.tg.no/competitions/esport","workerid":2}}
{"timestamp":"2024-11-17T16:16:36.986Z","logLevel":"info","context":"general","message":"Awaiting page load","details":{"page":"https://www.tg.no/competitions/creative","workerid":1}}
{"timestamp":"2024-11-17T16:16:37.797Z","logLevel":"info","context":"pageStatus","message":"Page Finished","details":{"loadState":4,"page":"https://www.tg.no/","workerid":0}}
{"timestamp":"2024-11-17T16:16:37.804Z","logLevel":"info","context":"general","message":"Saving crawl state to: /crawls/collections/tgno/crawls/crawl-20241117161637-1ab1e20f4dfb.yaml","details":{}}
{"timestamp":"2024-11-17T16:16:37.811Z","logLevel":"info","context":"worker","message":"Starting page","details":{"workerid":0,"page":"https://www.tg.no/event/construction-rules"}}
{"timestamp":"2024-11-17T16:16:37.812Z","logLevel":"info","context":"crawlStatus","message":"Crawl statistics","details":{"crawled":1,"total":14,"pending":4,"failed":0,"limit":{"max":0,"hit":false},"pendingPages":["{\"seedId\":0,\"started\":\"2024-11-17T16:16:36.627Z\",\"extraHops\":0,\"url\":\"https:\\/\\/www.tg.no\\/contact\",\"added\":\"2024-11-17T16:16:36.199Z\",\"depth\":1}","{\"seedId\":0,\"started\":\"2024-11-17T16:16:36.627Z\",\"extraHops\":0,\"url\":\"https:\\/\\/www.tg.no\\/competitions\\/creative\",\"added\":\"2024-11-17T16:16:36.198Z\",\"depth\":1}","{\"seedId\":0,\"started\":\"2024-11-17T16:16:37.811Z\",\"extraHops\":0,\"url\":\"https:\\/\\/www.tg.no\\/event\\/construction-rules\",\"added\":\"2024-11-17T16:16:36.199Z\",\"depth\":1}","{\"seedId\":0,\"started\":\"2024-11-17T16:16:36.627Z\",\"extraHops\":0,\"url\":\"https:\\/\\/www.tg.no\\/competitions\\/esport\",\"added\":\"2024-11-17T16:16:36.198Z\",\"depth\":1}"]}}
{"timestamp":"2024-11-17T16:16:37.848Z","logLevel":"info","context":"general","message":"Awaiting page load","details":{"page":"https://www.tg.no/event/construction-rules","workerid":0}}
{"timestamp":"2024-11-17T16:16:38.811Z","logLevel":"info","context":"behavior","message":"Running behaviors","details":{"frames":1,"frameUrls":["https://www.tg.no/competitions/creative"],"page":"https://www.tg.no/competitions/creative","workerid":1}}
{"timestamp":"2024-11-17T16:16:38.811Z","logLevel":"info","context":"behavior","message":"Run Script Started","details":{"frameUrl":"https://www.tg.no/competitions/creative","page":"https://www.tg.no/competitions/creative","workerid":1}}
{"timestamp":"2024-11-17T16:16:38.813Z","logLevel":"info","context":"behavior","message":"Running behaviors","details":{"frames":1,"frameUrls":["https://www.tg.no/competitions/esport"],"page":"https://www.tg.no/competitions/esport","workerid":2}}
{"timestamp":"2024-11-17T16:16:38.813Z","logLevel":"info","context":"behavior","message":"Run Script Started","details":{"frameUrl":"https://www.tg.no/competitions/esport","page":"https://www.tg.no/competitions/esport","workerid":2}}
{"timestamp":"2024-11-17T16:16:38.821Z","logLevel":"info","context":"behaviorScript","message":"Behavior log","details":{"state":{"segments":1},"msg":"Skipping autoscroll, page seems to not be responsive to scrolling events","page":"https://www.tg.no/competitions/creative","workerid":1}}
{"timestamp":"2024-11-17T16:16:38.826Z","logLevel":"info","context":"behaviorScript","message":"Behavior log","details":{"state":{"segments":1},"msg":"done!","page":"https://www.tg.no/competitions/esport","workerid":2}}
{"timestamp":"2024-11-17T16:16:38.996Z","logLevel":"warn","context":"general","message":"Invalid Page - URL must start with http:// or https://","details":{"url":"tel:004792088797","page":"https://www.tg.no/contact","workerid":3}}
{"timestamp":"2024-11-17T16:16:38.996Z","logLevel":"warn","context":"general","message":"Invalid Page - URL must start with http:// or https://","details":{"url":"mailto:presse@tg.no","page":"https://www.tg.no/contact","workerid":3}}
{"timestamp":"2024-11-17T16:16:39.004Z","logLevel":"info","context":"behavior","message":"Running behaviors","details":{"frames":1,"frameUrls":["https://www.tg.no/contact"],"page":"https://www.tg.no/contact","workerid":3}}
{"timestamp":"2024-11-17T16:16:39.004Z","logLevel":"info","context":"behavior","message":"Run Script Started","details":{"frameUrl":"https://www.tg.no/contact","page":"https://www.tg.no/contact","workerid":3}}
{"timestamp":"2024-11-17T16:16:39.011Z","logLevel":"info","context":"behaviorScript","message":"Behavior log","details":{"state":{"segments":1},"msg":"Skipping autoscroll, page seems to not be responsive to scrolling events","page":"https://www.tg.no/contact","workerid":3}}
{"timestamp":"2024-11-17T16:16:39.011Z","logLevel":"info","context":"behaviorScript","message":"Behavior log","details":{"state":{"segments":1},"msg":"done!","page":"https://www.tg.no/contact","workerid":3}}
{"timestamp":"2024-11-17T16:16:39.321Z","logLevel":"info","context":"behavior","message":"Run Script Finished","details":{"frameUrl":"https://www.tg.no/competitions/esport","page":"https://www.tg.no/competitions/esport","workerid":2}}
{"timestamp":"2024-11-17T16:16:39.321Z","logLevel":"info","context":"behavior","message":"Behaviors finished","details":{"finished":1,"page":"https://www.tg.no/competitions/esport","workerid":2}}
{"timestamp":"2024-11-17T16:16:39.322Z","logLevel":"info","context":"behavior","message":"Run Script Finished","details":{"frameUrl":"https://www.tg.no/competitions/creative","page":"https://www.tg.no/competitions/creative","workerid":1}}
{"timestamp":"2024-11-17T16:16:39.322Z","logLevel":"info","context":"behavior","message":"Behaviors finished","details":{"finished":1,"page":"https://www.tg.no/competitions/creative","workerid":1}}
{"timestamp":"2024-11-17T16:16:39.512Z","logLevel":"info","context":"behavior","message":"Run Script Finished","details":{"frameUrl":"https://www.tg.no/contact","page":"https://www.tg.no/contact","workerid":3}}
{"timestamp":"2024-11-17T16:16:39.512Z","logLevel":"info","context":"behavior","message":"Behaviors finished","details":{"finished":1,"page":"https://www.tg.no/contact","workerid":3}}
{"timestamp":"2024-11-17T16:16:39.540Z","logLevel":"warn","context":"general","message":"Invalid Page - URL must start with http:// or https://","details":{"url":"mailto:konstruksjon@tg.no","page":"https://www.tg.no/event/construction-rules","workerid":0}}
{"timestamp":"2024-11-17T16:16:39.551Z","logLevel":"info","context":"behavior","message":"Running behaviors","details":{"frames":1,"frameUrls":["https://www.tg.no/event/construction-rules"],"page":"https://www.tg.no/event/construction-rules","workerid":0}}
{"timestamp":"2024-11-17T16:16:39.551Z","logLevel":"info","context":"behavior","message":"Run Script Started","details":{"frameUrl":"https://www.tg.no/event/construction-rules","page":"https://www.tg.no/event/construction-rules","workerid":0}}
{"timestamp":"2024-11-17T16:16:39.556Z","logLevel":"info","context":"behaviorScript","message":"Behavior log","details":{"state":{"segments":1},"msg":"Skipping autoscroll, page seems to not be responsive to scrolling events","page":"https://www.tg.no/event/construction-rules","workerid":0}}
{"timestamp":"2024-11-17T16:16:39.556Z","logLevel":"info","context":"behaviorScript","message":"Behavior log","details":{"state":{"segments":1},"msg":"done!","page":"https://www.tg.no/event/construction-rules","workerid":0}}
{"timestamp":"2024-11-17T16:16:40.060Z","logLevel":"info","context":"behavior","message":"Run Script Finished","details":{"frameUrl":"https://www.tg.no/event/construction-rules","page":"https://www.tg.no/event/construction-rules","workerid":0}}
{"timestamp":"2024-11-17T16:16:40.060Z","logLevel":"info","context":"behavior","message":"Behaviors finished","details":{"finished":1,"page":"https://www.tg.no/event/construction-rules","workerid":0}}
{"timestamp":"2024-11-17T16:16:40.323Z","logLevel":"info","context":"pageStatus","message":"Page Finished","details":{"loadState":4,"page":"https://www.tg.no/competitions/esport","workerid":2}}
{"timestamp":"2024-11-17T16:16:40.323Z","logLevel":"info","context":"pageStatus","message":"Page Finished","details":{"loadState":4,"page":"https://www.tg.no/competitions/creative","workerid":1}}
{"timestamp":"2024-11-17T16:16:40.329Z","logLevel":"info","context":"worker","message":"Starting page","details":{"workerid":2,"page":"https://www.tg.no/event/rules"}}
{"timestamp":"2024-11-17T16:16:40.329Z","logLevel":"info","context":"worker","message":"Starting page","details":{"workerid":1,"page":"https://www.tg.no/tickets"}}
{"timestamp":"2024-11-17T16:16:40.329Z","logLevel":"info","context":"crawlStatus","message":"Crawl statistics","details":{"crawled":3,"total":14,"pending":4,"failed":0,"limit":{"max":0,"hit":false},"pendingPages":["{\"seedId\":0,\"started\":\"2024-11-17T16:16:36.627Z\",\"extraHops\":0,\"url\":\"https:\\/\\/www.tg.no\\/contact\",\"added\":\"2024-11-17T16:16:36.199Z\",\"depth\":1}","{\"seedId\":0,\"started\":\"2024-11-17T16:16:40.328Z\",\"extraHops\":0,\"url\":\"https:\\/\\/www.tg.no\\/event\\/rules\",\"added\":\"2024-11-17T16:16:36.199Z\",\"depth\":1}","{\"seedId\":0,\"started\":\"2024-11-17T16:16:37.811Z\",\"extraHops\":0,\"url\":\"https:\\/\\/www.tg.no\\/event\\/construction-rules\",\"added\":\"2024-11-17T16:16:36.199Z\",\"depth\":1}","{\"seedId\":0,\"started\":\"2024-11-17T16:16:40.328Z\",\"extraHops\":0,\"url\":\"https:\\/\\/www.tg.no\\/tickets\",\"added\":\"2024-11-17T16:16:36.199Z\",\"depth\":1}"]}}
{"timestamp":"2024-11-17T16:16:40.330Z","logLevel":"info","context":"crawlStatus","message":"Crawl statistics","details":{"crawled":3,"total":14,"pending":4,"failed":0,"limit":{"max":0,"hit":false},"pendingPages":["{\"seedId\":0,\"started\":\"2024-11-17T16:16:36.627Z\",\"extraHops\":0,\"url\":\"https:\\/\\/www.tg.no\\/contact\",\"added\":\"2024-11-17T16:16:36.199Z\",\"depth\":1}","{\"seedId\":0,\"started\":\"2024-11-17T16:16:40.328Z\",\"extraHops\":0,\"url\":\"https:\\/\\/www.tg.no\\/event\\/rules\",\"added\":\"2024-11-17T16:16:36.199Z\",\"depth\":1}","{\"seedId\":0,\"started\":\"2024-11-17T16:16:37.811Z\",\"extraHops\":0,\"url\":\"https:\\/\\/www.tg.no\\/event\\/construction-rules\",\"added\":\"2024-11-17T16:16:36.199Z\",\"depth\":1}","{\"seedId\":0,\"started\":\"2024-11-17T16:16:40.328Z\",\"extraHops\":0,\"url\":\"https:\\/\\/www.tg.no\\/tickets\",\"added\":\"2024-11-17T16:16:36.199Z\",\"depth\":1}"]}}
{"timestamp":"2024-11-17T16:16:40.363Z","logLevel":"info","context":"general","message":"Awaiting page load","details":{"page":"https://www.tg.no/event/rules","workerid":2}}
{"timestamp":"2024-11-17T16:16:40.370Z","logLevel":"info","context":"general","message":"Awaiting page load","details":{"page":"https://www.tg.no/tickets","workerid":1}}
{"timestamp":"2024-11-17T16:16:40.517Z","logLevel":"info","context":"pageStatus","message":"Page Finished","details":{"loadState":4,"page":"https://www.tg.no/contact","workerid":3}}
{"timestamp":"2024-11-17T16:16:40.519Z","logLevel":"info","context":"worker","message":"Starting page","details":{"workerid":3,"page":"https://www.tg.no/tickets/terms-and-conditions"}}
{"timestamp":"2024-11-17T16:16:40.520Z","logLevel":"info","context":"crawlStatus","message":"Crawl statistics","details":{"crawled":4,"total":14,"pending":4,"failed":0,"limit":{"max":0,"hit":false},"pendingPages":["{\"seedId\":0,\"started\":\"2024-11-17T16:16:40.519Z\",\"extraHops\":0,\"url\":\"https:\\/\\/www.tg.no\\/tickets\\/terms-and-conditions\",\"added\":\"2024-11-17T16:16:36.199Z\",\"depth\":1}","{\"seedId\":0,\"started\":\"2024-11-17T16:16:40.328Z\",\"extraHops\":0,\"url\":\"https:\\/\\/www.tg.no\\/event\\/rules\",\"added\":\"2024-11-17T16:16:36.199Z\",\"depth\":1}","{\"seedId\":0,\"started\":\"2024-11-17T16:16:37.811Z\",\"extraHops\":0,\"url\":\"https:\\/\\/www.tg.no\\/event\\/construction-rules\",\"added\":\"2024-11-17T16:16:36.199Z\",\"depth\":1}","{\"seedId\":0,\"started\":\"2024-11-17T16:16:40.328Z\",\"extraHops\":0,\"url\":\"https:\\/\\/www.tg.no\\/tickets\",\"added\":\"2024-11-17T16:16:36.199Z\",\"depth\":1}"]}}
{"timestamp":"2024-11-17T16:16:40.555Z","logLevel":"info","context":"general","message":"Awaiting page load","details":{"page":"https://www.tg.no/tickets/terms-and-conditions","workerid":3}}
{"timestamp":"2024-11-17T16:16:41.061Z","logLevel":"info","context":"pageStatus","message":"Page Finished","details":{"loadState":4,"page":"https://www.tg.no/event/construction-rules","workerid":0}}
{"timestamp":"2024-11-17T16:16:41.066Z","logLevel":"info","context":"worker","message":"Starting page","details":{"workerid":0,"page":"https://www.tg.no/news/bes%C3%B8k-oss-p%C3%A5-spillexpo"}}
{"timestamp":"2024-11-17T16:16:41.067Z","logLevel":"info","context":"crawlStatus","message":"Crawl statistics","details":{"crawled":5,"total":14,"pending":4,"failed":0,"limit":{"max":0,"hit":false},"pendingPages":["{\"seedId\":0,\"started\":\"2024-11-17T16:16:41.066Z\",\"extraHops\":0,\"url\":\"https:\\/\\/www.tg.no\\/news\\/bes%C3%B8k-oss-p%C3%A5-spillexpo\",\"added\":\"2024-11-17T16:16:36.200Z\",\"depth\":1}","{\"seedId\":0,\"started\":\"2024-11-17T16:16:40.519Z\",\"extraHops\":0,\"url\":\"https:\\/\\/www.tg.no\\/tickets\\/terms-and-conditions\",\"added\":\"2024-11-17T16:16:36.199Z\",\"depth\":1}","{\"seedId\":0,\"started\":\"2024-11-17T16:16:40.328Z\",\"extraHops\":0,\"url\":\"https:\\/\\/www.tg.no\\/event\\/rules\",\"added\":\"2024-11-17T16:16:36.199Z\",\"depth\":1}","{\"seedId\":0,\"started\":\"2024-11-17T16:16:40.328Z\",\"extraHops\":0,\"url\":\"https:\\/\\/www.tg.no\\/tickets\",\"added\":\"2024-11-17T16:16:36.199Z\",\"depth\":1}"]}}
{"timestamp":"2024-11-17T16:16:41.186Z","logLevel":"info","context":"general","message":"Awaiting page load","details":{"page":"https://www.tg.no/news/bes%C3%B8k-oss-p%C3%A5-spillexpo","workerid":0}}
{"timestamp":"2024-11-17T16:16:42.074Z","logLevel":"warn","context":"general","message":"Invalid Page - URL must start with http:// or https://","details":{"url":"mailto:sikkerhet@tg.no","page":"https://www.tg.no/event/rules","workerid":2}}
{"timestamp":"2024-11-17T16:16:42.074Z","logLevel":"warn","context":"general","message":"Invalid Page - URL must start with http:// or https://","details":{"url":"mailto:konstruksjon@tg.no","page":"https://www.tg.no/event/rules","workerid":2}}
{"timestamp":"2024-11-17T16:16:42.085Z","logLevel":"info","context":"behavior","message":"Running behaviors","details":{"frames":1,"frameUrls":["https://www.tg.no/event/rules"],"page":"https://www.tg.no/event/rules","workerid":2}}
{"timestamp":"2024-11-17T16:16:42.085Z","logLevel":"info","context":"behavior","message":"Run Script Started","details":{"frameUrl":"https://www.tg.no/event/rules","page":"https://www.tg.no/event/rules","workerid":2}}
{"timestamp":"2024-11-17T16:16:42.090Z","logLevel":"info","context":"behavior","message":"Running behaviors","details":{"frames":1,"frameUrls":["https://www.tg.no/tickets"],"page":"https://www.tg.no/tickets","workerid":1}}
{"timestamp":"2024-11-17T16:16:42.090Z","logLevel":"info","context":"behavior","message":"Run Script Started","details":{"frameUrl":"https://www.tg.no/tickets","page":"https://www.tg.no/tickets","workerid":1}}
{"timestamp":"2024-11-17T16:16:42.090Z","logLevel":"info","context":"behaviorScript","message":"Behavior log","details":{"state":{"segments":1},"msg":"Skipping autoscroll, page seems to not be responsive to scrolling events","page":"https://www.tg.no/event/rules","workerid":2}}
{"timestamp":"2024-11-17T16:16:42.091Z","logLevel":"info","context":"behaviorScript","message":"Behavior log","details":{"state":{"segments":1},"msg":"done!","page":"https://www.tg.no/event/rules","workerid":2}}
{"timestamp":"2024-11-17T16:16:42.096Z","logLevel":"info","context":"behaviorScript","message":"Behavior log","details":{"state":{"segments":1},"msg":"Skipping autoscroll, page seems to not be responsive to scrolling events","page":"https://www.tg.no/tickets","workerid":1}}
{"timestamp":"2024-11-17T16:16:42.096Z","logLevel":"info","context":"behaviorScript","message":"Behavior log","details":{"state":{"segments":1},"msg":"done!","page":"https://www.tg.no/tickets","workerid":1}}
{"timestamp":"2024-11-17T16:16:42.200Z","logLevel":"warn","context":"general","message":"Invalid Page - URL must start with http:// or https://","details":{"url":"mailto:info@tg.no","page":"https://www.tg.no/tickets/terms-and-conditions","workerid":3}}
{"timestamp":"2024-11-17T16:16:42.201Z","logLevel":"warn","context":"general","message":"Invalid Page - URL must start with http:// or https://","details":{"url":"mailto:support@geekevents.no","page":"https://www.tg.no/tickets/terms-and-conditions","workerid":3}}
{"timestamp":"2024-11-17T16:16:42.208Z","logLevel":"info","context":"behavior","message":"Running behaviors","details":{"frames":1,"frameUrls":["https://www.tg.no/tickets/terms-and-conditions"],"page":"https://www.tg.no/tickets/terms-and-conditions","workerid":3}}
{"timestamp":"2024-11-17T16:16:42.208Z","logLevel":"info","context":"behavior","message":"Run Script Started","details":{"frameUrl":"https://www.tg.no/tickets/terms-and-conditions","page":"https://www.tg.no/tickets/terms-and-conditions","workerid":3}}
{"timestamp":"2024-11-17T16:16:42.211Z","logLevel":"info","context":"behaviorScript","message":"Behavior log","details":{"state":{"segments":1},"msg":"Skipping autoscroll, page seems to not be responsive to scrolling events","page":"https://www.tg.no/tickets/terms-and-conditions","workerid":3}}
{"timestamp":"2024-11-17T16:16:42.212Z","logLevel":"info","context":"behaviorScript","message":"Behavior log","details":{"state":{"segments":1},"msg":"done!","page":"https://www.tg.no/tickets/terms-and-conditions","workerid":3}}
{"timestamp":"2024-11-17T16:16:42.590Z","logLevel":"info","context":"behavior","message":"Run Script Finished","details":{"frameUrl":"https://www.tg.no/event/rules","page":"https://www.tg.no/event/rules","workerid":2}}
{"timestamp":"2024-11-17T16:16:42.590Z","logLevel":"info","context":"behavior","message":"Behaviors finished","details":{"finished":1,"page":"https://www.tg.no/event/rules","workerid":2}}
{"timestamp":"2024-11-17T16:16:42.595Z","logLevel":"info","context":"behavior","message":"Run Script Finished","details":{"frameUrl":"https://www.tg.no/tickets","page":"https://www.tg.no/tickets","workerid":1}}
{"timestamp":"2024-11-17T16:16:42.595Z","logLevel":"info","context":"behavior","message":"Behaviors finished","details":{"finished":1,"page":"https://www.tg.no/tickets","workerid":1}}
{"timestamp":"2024-11-17T16:16:42.713Z","logLevel":"info","context":"behavior","message":"Run Script Finished","details":{"frameUrl":"https://www.tg.no/tickets/terms-and-conditions","page":"https://www.tg.no/tickets/terms-and-conditions","workerid":3}}
{"timestamp":"2024-11-17T16:16:42.713Z","logLevel":"info","context":"behavior","message":"Behaviors finished","details":{"finished":1,"page":"https://www.tg.no/tickets/terms-and-conditions","workerid":3}}
{"timestamp":"2024-11-17T16:16:43.592Z","logLevel":"info","context":"pageStatus","message":"Page Finished","details":{"loadState":4,"page":"https://www.tg.no/event/rules","workerid":2}}
{"timestamp":"2024-11-17T16:16:43.595Z","logLevel":"info","context":"pageStatus","message":"Page Finished","details":{"loadState":4,"page":"https://www.tg.no/tickets","workerid":1}}
{"timestamp":"2024-11-17T16:16:43.597Z","logLevel":"info","context":"worker","message":"Starting page","details":{"workerid":2,"page":"https://www.tg.no/news/bli-en-utstiller-tg25"}}
{"timestamp":"2024-11-17T16:16:43.598Z","logLevel":"info","context":"crawlStatus","message":"Crawl statistics","details":{"crawled":7,"total":14,"pending":3,"failed":0,"limit":{"max":0,"hit":false},"pendingPages":["{\"seedId\":0,\"started\":\"2024-11-17T16:16:43.596Z\",\"extraHops\":0,\"url\":\"https:\\/\\/www.tg.no\\/news\\/bli-en-utstiller-tg25\",\"added\":\"2024-11-17T16:16:36.200Z\",\"depth\":1}","{\"seedId\":0,\"started\":\"2024-11-17T16:16:41.066Z\",\"extraHops\":0,\"url\":\"https:\\/\\/www.tg.no\\/news\\/bes%C3%B8k-oss-p%C3%A5-spillexpo\",\"added\":\"2024-11-17T16:16:36.200Z\",\"depth\":1}","{\"seedId\":0,\"started\":\"2024-11-17T16:16:40.519Z\",\"extraHops\":0,\"url\":\"https:\\/\\/www.tg.no\\/tickets\\/terms-and-conditions\",\"added\":\"2024-11-17T16:16:36.199Z\",\"depth\":1}"]}}
{"timestamp":"2024-11-17T16:16:43.598Z","logLevel":"info","context":"worker","message":"Starting page","details":{"workerid":1,"page":"https://www.tg.no/news/kreativia-p%C3%A5-tg25-der-ideer-blir-til-virkelighet"}}
{"timestamp":"2024-11-17T16:16:43.600Z","logLevel":"info","context":"crawlStatus","message":"Crawl statistics","details":{"crawled":7,"total":14,"pending":4,"failed":0,"limit":{"max":0,"hit":false},"pendingPages":["{\"seedId\":0,\"started\":\"2024-11-17T16:16:43.596Z\",\"extraHops\":0,\"url\":\"https:\\/\\/www.tg.no\\/news\\/bli-en-utstiller-tg25\",\"added\":\"2024-11-17T16:16:36.200Z\",\"depth\":1}","{\"seedId\":0,\"started\":\"2024-11-17T16:16:41.066Z\",\"extraHops\":0,\"url\":\"https:\\/\\/www.tg.no\\/news\\/bes%C3%B8k-oss-p%C3%A5-spillexpo\",\"added\":\"2024-11-17T16:16:36.200Z\",\"depth\":1}","{\"seedId\":0,\"started\":\"2024-11-17T16:16:43.598Z\",\"extraHops\":0,\"url\":\"https:\\/\\/www.tg.no\\/news\\/kreativia-p%C3%A5-tg25-der-ideer-blir-til-virkelighet\",\"added\":\"2024-11-17T16:16:36.200Z\",\"depth\":1}","{\"seedId\":0,\"started\":\"2024-11-17T16:16:40.519Z\",\"extraHops\":0,\"url\":\"https:\\/\\/www.tg.no\\/tickets\\/terms-and-conditions\",\"added\":\"2024-11-17T16:16:36.199Z\",\"depth\":1}"]}}
{"timestamp":"2024-11-17T16:16:43.717Z","logLevel":"info","context":"pageStatus","message":"Page Finished","details":{"loadState":4,"page":"https://www.tg.no/tickets/terms-and-conditions","workerid":3}}
{"timestamp":"2024-11-17T16:16:43.720Z","logLevel":"info","context":"worker","message":"Starting page","details":{"workerid":3,"page":"https://www.tg.no/news/the-gathering-2025-billettsalget-er-n%C3%A5-i-gang"}}
{"timestamp":"2024-11-17T16:16:43.722Z","logLevel":"info","context":"general","message":"Awaiting page load","details":{"page":"https://www.tg.no/news/bli-en-utstiller-tg25","workerid":2}}
{"timestamp":"2024-11-17T16:16:43.723Z","logLevel":"info","context":"crawlStatus","message":"Crawl statistics","details":{"crawled":8,"total":14,"pending":4,"failed":0,"limit":{"max":0,"hit":false},"pendingPages":["{\"seedId\":0,\"started\":\"2024-11-17T16:16:43.596Z\",\"extraHops\":0,\"url\":\"https:\\/\\/www.tg.no\\/news\\/bli-en-utstiller-tg25\",\"added\":\"2024-11-17T16:16:36.200Z\",\"depth\":1}","{\"seedId\":0,\"started\":\"2024-11-17T16:16:41.066Z\",\"extraHops\":0,\"url\":\"https:\\/\\/www.tg.no\\/news\\/bes%C3%B8k-oss-p%C3%A5-spillexpo\",\"added\":\"2024-11-17T16:16:36.200Z\",\"depth\":1}","{\"seedId\":0,\"started\":\"2024-11-17T16:16:43.598Z\",\"extraHops\":0,\"url\":\"https:\\/\\/www.tg.no\\/news\\/kreativia-p%C3%A5-tg25-der-ideer-blir-til-virkelighet\",\"added\":\"2024-11-17T16:16:36.200Z\",\"depth\":1}","{\"seedId\":0,\"started\":\"2024-11-17T16:16:43.719Z\",\"extraHops\":0,\"url\":\"https:\\/\\/www.tg.no\\/news\\/the-gathering-2025-billettsalget-er-n%C3%A5-i-gang\",\"added\":\"2024-11-17T16:16:36.200Z\",\"depth\":1}"]}}
{"timestamp":"2024-11-17T16:16:43.757Z","logLevel":"info","context":"general","message":"Awaiting page load","details":{"page":"https://www.tg.no/news/kreativia-p%C3%A5-tg25-der-ideer-blir-til-virkelighet","workerid":1}}
{"timestamp":"2024-11-17T16:16:43.923Z","logLevel":"info","context":"general","message":"Awaiting page load","details":{"page":"https://www.tg.no/news/the-gathering-2025-billettsalget-er-n%C3%A5-i-gang","workerid":3}}
{"timestamp":"2024-11-17T16:16:44.384Z","logLevel":"info","context":"behavior","message":"Running behaviors","details":{"frames":1,"frameUrls":["https://www.tg.no/news/bes%C3%B8k-oss-p%C3%A5-spillexpo"],"page":"https://www.tg.no/news/bes%C3%B8k-oss-p%C3%A5-spillexpo","workerid":0}}
{"timestamp":"2024-11-17T16:16:44.385Z","logLevel":"info","context":"behavior","message":"Run Script Started","details":{"frameUrl":"https://www.tg.no/news/bes%C3%B8k-oss-p%C3%A5-spillexpo","page":"https://www.tg.no/news/bes%C3%B8k-oss-p%C3%A5-spillexpo","workerid":0}}
{"timestamp":"2024-11-17T16:16:44.389Z","logLevel":"info","context":"behaviorScript","message":"Behavior log","details":{"state":{"segments":1},"msg":"Skipping autoscroll, page seems to not be responsive to scrolling events","page":"https://www.tg.no/news/bes%C3%B8k-oss-p%C3%A5-spillexpo","workerid":0}}
{"timestamp":"2024-11-17T16:16:44.390Z","logLevel":"info","context":"behaviorScript","message":"Behavior log","details":{"state":{"segments":1},"msg":"done!","page":"https://www.tg.no/news/bes%C3%B8k-oss-p%C3%A5-spillexpo","workerid":0}}
{"timestamp":"2024-11-17T16:16:45.101Z","logLevel":"info","context":"behavior","message":"Run Script Finished","details":{"frameUrl":"https://www.tg.no/news/bes%C3%B8k-oss-p%C3%A5-spillexpo","page":"https://www.tg.no/news/bes%C3%B8k-oss-p%C3%A5-spillexpo","workerid":0}}
{"timestamp":"2024-11-17T16:16:45.101Z","logLevel":"info","context":"behavior","message":"Behaviors finished","details":{"finished":1,"page":"https://www.tg.no/news/bes%C3%B8k-oss-p%C3%A5-spillexpo","workerid":0}}
{"timestamp":"2024-11-17T16:16:45.955Z","logLevel":"info","context":"behavior","message":"Running behaviors","details":{"frames":1,"frameUrls":["https://www.tg.no/news/kreativia-p%C3%A5-tg25-der-ideer-blir-til-virkelighet"],"page":"https://www.tg.no/news/kreativia-p%C3%A5-tg25-der-ideer-blir-til-virkelighet","workerid":1}}
{"timestamp":"2024-11-17T16:16:45.955Z","logLevel":"info","context":"behavior","message":"Run Script Started","details":{"frameUrl":"https://www.tg.no/news/kreativia-p%C3%A5-tg25-der-ideer-blir-til-virkelighet","page":"https://www.tg.no/news/kreativia-p%C3%A5-tg25-der-ideer-blir-til-virkelighet","workerid":1}}
{"timestamp":"2024-11-17T16:16:45.961Z","logLevel":"info","context":"behaviorScript","message":"Behavior log","details":{"state":{"segments":1},"msg":"Skipping autoscroll, page seems to not be responsive to scrolling events","page":"https://www.tg.no/news/kreativia-p%C3%A5-tg25-der-ideer-blir-til-virkelighet","workerid":1}}
{"timestamp":"2024-11-17T16:16:45.961Z","logLevel":"info","context":"behaviorScript","message":"Behavior log","details":{"state":{"segments":1},"msg":"done!","page":"https://www.tg.no/news/kreativia-p%C3%A5-tg25-der-ideer-blir-til-virkelighet","workerid":1}}
{"timestamp":"2024-11-17T16:16:46.102Z","logLevel":"info","context":"pageStatus","message":"Page Finished","details":{"loadState":4,"page":"https://www.tg.no/news/bes%C3%B8k-oss-p%C3%A5-spillexpo","workerid":0}}
{"timestamp":"2024-11-17T16:16:46.105Z","logLevel":"info","context":"worker","message":"Starting page","details":{"workerid":0,"page":"https://www.tg.no/news/the-gathering-st%C3%B8tter-%C3%A5rets-tv-aksjon-til-barnekreftforeningen"}}
{"timestamp":"2024-11-17T16:16:46.106Z","logLevel":"info","context":"crawlStatus","message":"Crawl statistics","details":{"crawled":9,"total":14,"pending":4,"failed":0,"limit":{"max":0,"hit":false},"pendingPages":["{\"seedId\":0,\"started\":\"2024-11-17T16:16:43.596Z\",\"extraHops\":0,\"url\":\"https:\\/\\/www.tg.no\\/news\\/bli-en-utstiller-tg25\",\"added\":\"2024-11-17T16:16:36.200Z\",\"depth\":1}","{\"seedId\":0,\"started\":\"2024-11-17T16:16:46.105Z\",\"extraHops\":0,\"url\":\"https:\\/\\/www.tg.no\\/news\\/the-gathering-st%C3%B8tter-%C3%A5rets-tv-aksjon-til-barnekreftforeningen\",\"added\":\"2024-11-17T16:16:36.200Z\",\"depth\":1}","{\"seedId\":0,\"started\":\"2024-11-17T16:16:43.598Z\",\"extraHops\":0,\"url\":\"https:\\/\\/www.tg.no\\/news\\/kreativia-p%C3%A5-tg25-der-ideer-blir-til-virkelighet\",\"added\":\"2024-11-17T16:16:36.200Z\",\"depth\":1}","{\"seedId\":0,\"started\":\"2024-11-17T16:16:43.719Z\",\"extraHops\":0,\"url\":\"https:\\/\\/www.tg.no\\/news\\/the-gathering-2025-billettsalget-er-n%C3%A5-i-gang\",\"added\":\"2024-11-17T16:16:36.200Z\",\"depth\":1}"]}}
{"timestamp":"2024-11-17T16:16:46.230Z","logLevel":"info","context":"general","message":"Awaiting page load","details":{"page":"https://www.tg.no/news/the-gathering-st%C3%B8tter-%C3%A5rets-tv-aksjon-til-barnekreftforeningen","workerid":0}}
{"timestamp":"2024-11-17T16:16:46.461Z","logLevel":"info","context":"behavior","message":"Run Script Finished","details":{"frameUrl":"https://www.tg.no/news/kreativia-p%C3%A5-tg25-der-ideer-blir-til-virkelighet","page":"https://www.tg.no/news/kreativia-p%C3%A5-tg25-der-ideer-blir-til-virkelighet","workerid":1}}
{"timestamp":"2024-11-17T16:16:46.461Z","logLevel":"info","context":"behavior","message":"Behaviors finished","details":{"finished":1,"page":"https://www.tg.no/news/kreativia-p%C3%A5-tg25-der-ideer-blir-til-virkelighet","workerid":1}}
{"timestamp":"2024-11-17T16:16:47.365Z","logLevel":"warn","context":"general","message":"Invalid Page - URL must start with http:// or https://","details":{"url":"mailto:expo@tg.no?subject=Utstiller%20p%C3%A5%20TG25","page":"https://www.tg.no/news/bli-en-utstiller-tg25","workerid":2}}
{"timestamp":"2024-11-17T16:16:47.370Z","logLevel":"info","context":"behavior","message":"Running behaviors","details":{"frames":1,"frameUrls":["https://www.tg.no/news/bli-en-utstiller-tg25"],"page":"https://www.tg.no/news/bli-en-utstiller-tg25","workerid":2}}
{"timestamp":"2024-11-17T16:16:47.370Z","logLevel":"info","context":"behavior","message":"Run Script Started","details":{"frameUrl":"https://www.tg.no/news/bli-en-utstiller-tg25","page":"https://www.tg.no/news/bli-en-utstiller-tg25","workerid":2}}
{"timestamp":"2024-11-17T16:16:47.374Z","logLevel":"info","context":"behaviorScript","message":"Behavior log","details":{"state":{"segments":1},"msg":"Skipping autoscroll, page seems to not be responsive to scrolling events","page":"https://www.tg.no/news/bli-en-utstiller-tg25","workerid":2}}
{"timestamp":"2024-11-17T16:16:47.374Z","logLevel":"info","context":"behaviorScript","message":"Behavior log","details":{"state":{"segments":1},"msg":"done!","page":"https://www.tg.no/news/bli-en-utstiller-tg25","workerid":2}}
{"timestamp":"2024-11-17T16:16:47.461Z","logLevel":"info","context":"pageStatus","message":"Page Finished","details":{"loadState":4,"page":"https://www.tg.no/news/kreativia-p%C3%A5-tg25-der-ideer-blir-til-virkelighet","workerid":1}}
{"timestamp":"2024-11-17T16:16:47.464Z","logLevel":"info","context":"worker","message":"Starting page","details":{"workerid":1,"page":"https://www.tg.no/news/crews%C3%B8knader-er-%C3%A5pnet"}}
{"timestamp":"2024-11-17T16:16:47.465Z","logLevel":"info","context":"crawlStatus","message":"Crawl statistics","details":{"crawled":10,"total":14,"pending":4,"failed":0,"limit":{"max":0,"hit":false},"pendingPages":["{\"seedId\":0,\"started\":\"2024-11-17T16:16:43.596Z\",\"extraHops\":0,\"url\":\"https:\\/\\/www.tg.no\\/news\\/bli-en-utstiller-tg25\",\"added\":\"2024-11-17T16:16:36.200Z\",\"depth\":1}","{\"seedId\":0,\"started\":\"2024-11-17T16:16:46.105Z\",\"extraHops\":0,\"url\":\"https:\\/\\/www.tg.no\\/news\\/the-gathering-st%C3%B8tter-%C3%A5rets-tv-aksjon-til-barnekreftforeningen\",\"added\":\"2024-11-17T16:16:36.200Z\",\"depth\":1}","{\"seedId\":0,\"started\":\"2024-11-17T16:16:43.719Z\",\"extraHops\":0,\"url\":\"https:\\/\\/www.tg.no\\/news\\/the-gathering-2025-billettsalget-er-n%C3%A5-i-gang\",\"added\":\"2024-11-17T16:16:36.200Z\",\"depth\":1}","{\"seedId\":0,\"started\":\"2024-11-17T16:16:47.464Z\",\"extraHops\":0,\"url\":\"https:\\/\\/www.tg.no\\/news\\/crews%C3%B8knader-er-%C3%A5pnet\",\"added\":\"2024-11-17T16:16:36.201Z\",\"depth\":1}"]}}
{"timestamp":"2024-11-17T16:16:47.504Z","logLevel":"info","context":"behavior","message":"Running behaviors","details":{"frames":1,"frameUrls":["https://www.tg.no/news/the-gathering-2025-billettsalget-er-n%C3%A5-i-gang"],"page":"https://www.tg.no/news/the-gathering-2025-billettsalget-er-n%C3%A5-i-gang","workerid":3}}
{"timestamp":"2024-11-17T16:16:47.505Z","logLevel":"info","context":"behavior","message":"Run Script Started","details":{"frameUrl":"https://www.tg.no/news/the-gathering-2025-billettsalget-er-n%C3%A5-i-gang","page":"https://www.tg.no/news/the-gathering-2025-billettsalget-er-n%C3%A5-i-gang","workerid":3}}
{"timestamp":"2024-11-17T16:16:47.509Z","logLevel":"info","context":"behaviorScript","message":"Behavior log","details":{"state":{"segments":1},"msg":"Skipping autoscroll, page seems to not be responsive to scrolling events","page":"https://www.tg.no/news/the-gathering-2025-billettsalget-er-n%C3%A5-i-gang","workerid":3}}
{"timestamp":"2024-11-17T16:16:47.509Z","logLevel":"info","context":"behaviorScript","message":"Behavior log","details":{"state":{"segments":1},"msg":"done!","page":"https://www.tg.no/news/the-gathering-2025-billettsalget-er-n%C3%A5-i-gang","workerid":3}}
{"timestamp":"2024-11-17T16:16:47.579Z","logLevel":"info","context":"general","message":"Awaiting page load","details":{"page":"https://www.tg.no/news/crews%C3%B8knader-er-%C3%A5pnet","workerid":1}}
{"timestamp":"2024-11-17T16:16:48.152Z","logLevel":"info","context":"behavior","message":"Run Script Finished","details":{"frameUrl":"https://www.tg.no/news/the-gathering-2025-billettsalget-er-n%C3%A5-i-gang","page":"https://www.tg.no/news/the-gathering-2025-billettsalget-er-n%C3%A5-i-gang","workerid":3}}
{"timestamp":"2024-11-17T16:16:48.152Z","logLevel":"info","context":"behavior","message":"Behaviors finished","details":{"finished":1,"page":"https://www.tg.no/news/the-gathering-2025-billettsalget-er-n%C3%A5-i-gang","workerid":3}}
{"timestamp":"2024-11-17T16:16:48.211Z","logLevel":"info","context":"behavior","message":"Running behaviors","details":{"frames":1,"frameUrls":["https://www.tg.no/news/the-gathering-st%C3%B8tter-%C3%A5rets-tv-aksjon-til-barnekreftforeningen"],"page":"https://www.tg.no/news/the-gathering-st%C3%B8tter-%C3%A5rets-tv-aksjon-til-barnekreftforeningen","workerid":0}}
{"timestamp":"2024-11-17T16:16:48.211Z","logLevel":"info","context":"behavior","message":"Run Script Started","details":{"frameUrl":"https://www.tg.no/news/the-gathering-st%C3%B8tter-%C3%A5rets-tv-aksjon-til-barnekreftforeningen","page":"https://www.tg.no/news/the-gathering-st%C3%B8tter-%C3%A5rets-tv-aksjon-til-barnekreftforeningen","workerid":0}}
{"timestamp":"2024-11-17T16:16:48.215Z","logLevel":"info","context":"behaviorScript","message":"Behavior log","details":{"state":{"segments":1},"msg":"Skipping autoscroll, page seems to not be responsive to scrolling events","page":"https://www.tg.no/news/the-gathering-st%C3%B8tter-%C3%A5rets-tv-aksjon-til-barnekreftforeningen","workerid":0}}
{"timestamp":"2024-11-17T16:16:48.215Z","logLevel":"info","context":"behaviorScript","message":"Behavior log","details":{"state":{"segments":1},"msg":"done!","page":"https://www.tg.no/news/the-gathering-st%C3%B8tter-%C3%A5rets-tv-aksjon-til-barnekreftforeningen","workerid":0}}
{"timestamp":"2024-11-17T16:16:48.496Z","logLevel":"info","context":"behavior","message":"Run Script Finished","details":{"frameUrl":"https://www.tg.no/news/bli-en-utstiller-tg25","page":"https://www.tg.no/news/bli-en-utstiller-tg25","workerid":2}}
{"timestamp":"2024-11-17T16:16:48.496Z","logLevel":"info","context":"behavior","message":"Behaviors finished","details":{"finished":1,"page":"https://www.tg.no/news/bli-en-utstiller-tg25","workerid":2}}
{"timestamp":"2024-11-17T16:16:48.716Z","logLevel":"info","context":"behavior","message":"Run Script Finished","details":{"frameUrl":"https://www.tg.no/news/the-gathering-st%C3%B8tter-%C3%A5rets-tv-aksjon-til-barnekreftforeningen","page":"https://www.tg.no/news/the-gathering-st%C3%B8tter-%C3%A5rets-tv-aksjon-til-barnekreftforeningen","workerid":0}}
{"timestamp":"2024-11-17T16:16:48.716Z","logLevel":"info","context":"behavior","message":"Behaviors finished","details":{"finished":1,"page":"https://www.tg.no/news/the-gathering-st%C3%B8tter-%C3%A5rets-tv-aksjon-til-barnekreftforeningen","workerid":0}}
{"timestamp":"2024-11-17T16:16:49.159Z","logLevel":"info","context":"pageStatus","message":"Page Finished","details":{"loadState":4,"page":"https://www.tg.no/news/the-gathering-2025-billettsalget-er-n%C3%A5-i-gang","workerid":3}}
{"timestamp":"2024-11-17T16:16:49.378Z","logLevel":"info","context":"behavior","message":"Running behaviors","details":{"frames":1,"frameUrls":["https://www.tg.no/news/crews%C3%B8knader-er-%C3%A5pnet"],"page":"https://www.tg.no/news/crews%C3%B8knader-er-%C3%A5pnet","workerid":1}}
{"timestamp":"2024-11-17T16:16:49.378Z","logLevel":"info","context":"behavior","message":"Run Script Started","details":{"frameUrl":"https://www.tg.no/news/crews%C3%B8knader-er-%C3%A5pnet","page":"https://www.tg.no/news/crews%C3%B8knader-er-%C3%A5pnet","workerid":1}}
{"timestamp":"2024-11-17T16:16:49.382Z","logLevel":"info","context":"behaviorScript","message":"Behavior log","details":{"state":{"segments":1},"msg":"Skipping autoscroll, page seems to not be responsive to scrolling events","page":"https://www.tg.no/news/crews%C3%B8knader-er-%C3%A5pnet","workerid":1}}
{"timestamp":"2024-11-17T16:16:49.382Z","logLevel":"info","context":"behaviorScript","message":"Behavior log","details":{"state":{"segments":1},"msg":"done!","page":"https://www.tg.no/news/crews%C3%B8knader-er-%C3%A5pnet","workerid":1}}
{"timestamp":"2024-11-17T16:16:49.501Z","logLevel":"info","context":"pageStatus","message":"Page Finished","details":{"loadState":4,"page":"https://www.tg.no/news/bli-en-utstiller-tg25","workerid":2}}
{"timestamp":"2024-11-17T16:16:49.717Z","logLevel":"info","context":"pageStatus","message":"Page Finished","details":{"loadState":4,"page":"https://www.tg.no/news/the-gathering-st%C3%B8tter-%C3%A5rets-tv-aksjon-til-barnekreftforeningen","workerid":0}}
{"timestamp":"2024-11-17T16:16:49.887Z","logLevel":"info","context":"behavior","message":"Run Script Finished","details":{"frameUrl":"https://www.tg.no/news/crews%C3%B8knader-er-%C3%A5pnet","page":"https://www.tg.no/news/crews%C3%B8knader-er-%C3%A5pnet","workerid":1}}
{"timestamp":"2024-11-17T16:16:49.887Z","logLevel":"info","context":"behavior","message":"Behaviors finished","details":{"finished":1,"page":"https://www.tg.no/news/crews%C3%B8knader-er-%C3%A5pnet","workerid":1}}
{"timestamp":"2024-11-17T16:16:50.888Z","logLevel":"info","context":"pageStatus","message":"Page Finished","details":{"loadState":4,"page":"https://www.tg.no/news/crews%C3%B8knader-er-%C3%A5pnet","workerid":1}}
{"timestamp":"2024-11-17T16:16:50.891Z","logLevel":"info","context":"worker","message":"Worker done, all tasks complete","details":{"workerid":1}}
{"timestamp":"2024-11-17T16:16:51.016Z","logLevel":"info","context":"worker","message":"Worker done, all tasks complete","details":{"workerid":2}}
{"timestamp":"2024-11-17T16:16:51.177Z","logLevel":"info","context":"worker","message":"Worker done, all tasks complete","details":{"workerid":3}}
{"timestamp":"2024-11-17T16:16:51.224Z","logLevel":"info","context":"worker","message":"Worker done, all tasks complete","details":{"workerid":0}}
{"timestamp":"2024-11-17T16:16:51.347Z","logLevel":"info","context":"general","message":"Saving crawl state to: /crawls/collections/tgno/crawls/crawl-20241117161651-1ab1e20f4dfb.yaml","details":{}}
{"timestamp":"2024-11-17T16:16:51.348Z","logLevel":"info","context":"crawlStatus","message":"Crawl statistics","details":{"crawled":14,"total":14,"pending":0,"failed":0,"limit":{"max":0,"hit":false},"pendingPages":[]}}
{"timestamp":"2024-11-17T16:16:51.349Z","logLevel":"info","context":"general","message":"Crawling done","details":{}}
{"timestamp":"2024-11-17T16:16:51.349Z","logLevel":"info","context":"general","message":"Merging CDX","details":{}}
{"timestamp":"2024-11-17T16:16:51.364Z","logLevel":"info","context":"general","message":"Exiting, Crawl status: done","details":{}}
