{"timestamp":"2024-10-20T19:20:12.439Z","logLevel":"info","context":"general","message":"Browsertrix-Crawler 1.3.3 (with warcio.js 2.3.1)","details":{}}
{"timestamp":"2024-10-20T19:20:12.442Z","logLevel":"info","context":"general","message":"Seeds","details":[{"url":"https://www.tg.no/","scopeType":"custom","include":["/www.tg.no/"],"exclude":[],"allowHash":false,"depth":-1,"sitemap":null,"auth":null,"_authEncoded":null,"maxExtraHops":0,"maxDepth":1000000,"_includeStr":["www.tg.no"]}]}
{"timestamp":"2024-10-20T19:20:12.442Z","logLevel":"info","context":"general","message":"Behavior Options","details":{"message":"{\"autoscroll\":true,\"autoplay\":true,\"autofetch\":true,\"siteSpecific\":true,\"log\":\"__bx_log\",\"startEarly\":true}"}}
{"timestamp":"2024-10-20T19:20:13.673Z","logLevel":"info","context":"worker","message":"Creating 4 workers","details":{}}
{"timestamp":"2024-10-20T19:20:13.674Z","logLevel":"info","context":"worker","message":"Worker starting","details":{"workerid":0}}
{"timestamp":"2024-10-20T19:20:13.674Z","logLevel":"info","context":"worker","message":"Worker starting","details":{"workerid":1}}
{"timestamp":"2024-10-20T19:20:13.675Z","logLevel":"info","context":"worker","message":"Worker starting","details":{"workerid":2}}
{"timestamp":"2024-10-20T19:20:13.675Z","logLevel":"info","context":"worker","message":"Worker starting","details":{"workerid":3}}
{"timestamp":"2024-10-20T19:20:14.269Z","logLevel":"info","context":"worker","message":"Starting page","details":{"workerid":0,"page":"https://www.tg.no/"}}
{"timestamp":"2024-10-20T19:20:14.270Z","logLevel":"info","context":"crawlStatus","message":"Crawl statistics","details":{"crawled":0,"total":1,"pending":1,"failed":0,"limit":{"max":0,"hit":false},"pendingPages":["{\"seedId\":0,\"started\":\"2024-10-20T19:20:13.678Z\",\"extraHops\":0,\"url\":\"https:\\/\\/www.tg.no\\/\",\"added\":\"2024-10-20T19:20:12.796Z\",\"depth\":0}"]}}
{"timestamp":"2024-10-20T19:20:15.550Z","logLevel":"info","context":"general","message":"Awaiting page load","details":{"page":"https://www.tg.no/","workerid":0}}
{"timestamp":"2024-10-20T19:20:15.928Z","logLevel":"warn","context":"recorder","message":"Request failed","details":{"url":"https://matomo.gathering.org/matomo.js","errorText":"net::ERR_BLOCKED_BY_CLIENT.Inspector","page":"https://www.tg.no/","workerid":0}}
{"timestamp":"2024-10-20T19:20:17.768Z","logLevel":"info","context":"behavior","message":"Running behaviors","details":{"frames":1,"frameUrls":["https://www.tg.no/"],"page":"https://www.tg.no/","workerid":0}}
{"timestamp":"2024-10-20T19:20:17.768Z","logLevel":"info","context":"behavior","message":"Run Script Started","details":{"frameUrl":"https://www.tg.no/","page":"https://www.tg.no/","workerid":0}}
{"timestamp":"2024-10-20T19:20:17.775Z","logLevel":"info","context":"behaviorScript","message":"Behavior log","details":{"state":{"segments":1},"msg":"Skipping autoscroll, page seems to not be responsive to scrolling events","page":"https://www.tg.no/","workerid":0}}
{"timestamp":"2024-10-20T19:20:17.776Z","logLevel":"info","context":"behaviorScript","message":"Behavior log","details":{"state":{"segments":1},"msg":"done!","page":"https://www.tg.no/","workerid":0}}
{"timestamp":"2024-10-20T19:20:18.323Z","logLevel":"info","context":"behavior","message":"Run Script Finished","details":{"frameUrl":"https://www.tg.no/","page":"https://www.tg.no/","workerid":0}}
{"timestamp":"2024-10-20T19:20:18.323Z","logLevel":"info","context":"behavior","message":"Behaviors finished","details":{"finished":1,"page":"https://www.tg.no/","workerid":0}}
{"timestamp":"2024-10-20T19:20:18.405Z","logLevel":"info","context":"worker","message":"Starting page","details":{"workerid":2,"page":"https://www.tg.no/contact"}}
{"timestamp":"2024-10-20T19:20:18.406Z","logLevel":"info","context":"crawlStatus","message":"Crawl statistics","details":{"crawled":0,"total":9,"pending":4,"failed":0,"limit":{"max":0,"hit":false},"pendingPages":["{\"seedId\":0,\"started\":\"2024-10-20T19:20:18.199Z\",\"extraHops\":0,\"url\":\"https:\\/\\/www.tg.no\\/news\\/the-gathering-st%C3%B8tter-%C3%A5rets-tv-aksjon-til-barnekreftforeningen\",\"added\":\"2024-10-20T19:20:17.757Z\",\"depth\":1}","{\"seedId\":0,\"started\":\"2024-10-20T19:20:18.199Z\",\"extraHops\":0,\"url\":\"https:\\/\\/www.tg.no\\/competitions\\/esport\",\"added\":\"2024-10-20T19:20:17.757Z\",\"depth\":1}","{\"seedId\":0,\"started\":\"2024-10-20T19:20:13.678Z\",\"extraHops\":0,\"url\":\"https:\\/\\/www.tg.no\\/\",\"added\":\"2024-10-20T19:20:12.796Z\",\"depth\":0}","{\"seedId\":0,\"started\":\"2024-10-20T19:20:18.199Z\",\"extraHops\":0,\"url\":\"https:\\/\\/www.tg.no\\/contact\",\"added\":\"2024-10-20T19:20:17.757Z\",\"depth\":1}"]}}
{"timestamp":"2024-10-20T19:20:18.410Z","logLevel":"info","context":"worker","message":"Starting page","details":{"workerid":3,"page":"https://www.tg.no/news/the-gathering-st%C3%B8tter-%C3%A5rets-tv-aksjon-til-barnekreftforeningen"}}
{"timestamp":"2024-10-20T19:20:18.411Z","logLevel":"info","context":"worker","message":"Starting page","details":{"workerid":1,"page":"https://www.tg.no/competitions/esport"}}
{"timestamp":"2024-10-20T19:20:18.412Z","logLevel":"info","context":"crawlStatus","message":"Crawl statistics","details":{"crawled":0,"total":9,"pending":4,"failed":0,"limit":{"max":0,"hit":false},"pendingPages":["{\"seedId\":0,\"started\":\"2024-10-20T19:20:18.199Z\",\"extraHops\":0,\"url\":\"https:\\/\\/www.tg.no\\/news\\/the-gathering-st%C3%B8tter-%C3%A5rets-tv-aksjon-til-barnekreftforeningen\",\"added\":\"2024-10-20T19:20:17.757Z\",\"depth\":1}","{\"seedId\":0,\"started\":\"2024-10-20T19:20:18.199Z\",\"extraHops\":0,\"url\":\"https:\\/\\/www.tg.no\\/competitions\\/esport\",\"added\":\"2024-10-20T19:20:17.757Z\",\"depth\":1}","{\"seedId\":0,\"started\":\"2024-10-20T19:20:13.678Z\",\"extraHops\":0,\"url\":\"https:\\/\\/www.tg.no\\/\",\"added\":\"2024-10-20T19:20:12.796Z\",\"depth\":0}","{\"seedId\":0,\"started\":\"2024-10-20T19:20:18.199Z\",\"extraHops\":0,\"url\":\"https:\\/\\/www.tg.no\\/contact\",\"added\":\"2024-10-20T19:20:17.757Z\",\"depth\":1}"]}}
{"timestamp":"2024-10-20T19:20:18.412Z","logLevel":"info","context":"crawlStatus","message":"Crawl statistics","details":{"crawled":0,"total":9,"pending":4,"failed":0,"limit":{"max":0,"hit":false},"pendingPages":["{\"seedId\":0,\"started\":\"2024-10-20T19:20:18.199Z\",\"extraHops\":0,\"url\":\"https:\\/\\/www.tg.no\\/news\\/the-gathering-st%C3%B8tter-%C3%A5rets-tv-aksjon-til-barnekreftforeningen\",\"added\":\"2024-10-20T19:20:17.757Z\",\"depth\":1}","{\"seedId\":0,\"started\":\"2024-10-20T19:20:18.199Z\",\"extraHops\":0,\"url\":\"https:\\/\\/www.tg.no\\/competitions\\/esport\",\"added\":\"2024-10-20T19:20:17.757Z\",\"depth\":1}","{\"seedId\":0,\"started\":\"2024-10-20T19:20:13.678Z\",\"extraHops\":0,\"url\":\"https:\\/\\/www.tg.no\\/\",\"added\":\"2024-10-20T19:20:12.796Z\",\"depth\":0}","{\"seedId\":0,\"started\":\"2024-10-20T19:20:18.199Z\",\"extraHops\":0,\"url\":\"https:\\/\\/www.tg.no\\/contact\",\"added\":\"2024-10-20T19:20:17.757Z\",\"depth\":1}"]}}
{"timestamp":"2024-10-20T19:20:18.438Z","logLevel":"info","context":"general","message":"Awaiting page load","details":{"page":"https://www.tg.no/contact","workerid":2}}
{"timestamp":"2024-10-20T19:20:18.501Z","logLevel":"info","context":"general","message":"Awaiting page load","details":{"page":"https://www.tg.no/competitions/esport","workerid":1}}
{"timestamp":"2024-10-20T19:20:18.583Z","logLevel":"info","context":"general","message":"Awaiting page load","details":{"page":"https://www.tg.no/news/the-gathering-st%C3%B8tter-%C3%A5rets-tv-aksjon-til-barnekreftforeningen","workerid":3}}
{"timestamp":"2024-10-20T19:20:19.324Z","logLevel":"info","context":"pageStatus","message":"Page Finished","details":{"loadState":4,"page":"https://www.tg.no/","workerid":0}}
{"timestamp":"2024-10-20T19:20:19.329Z","logLevel":"info","context":"general","message":"Saving crawl state to: /crawls/collections/tgno/crawls/crawl-20241020192019-922562d39620.yaml","details":{}}
{"timestamp":"2024-10-20T19:20:19.332Z","logLevel":"info","context":"worker","message":"Starting page","details":{"workerid":0,"page":"https://www.tg.no/news/crews%C3%B8knader-er-%C3%A5pnet"}}
{"timestamp":"2024-10-20T19:20:19.332Z","logLevel":"info","context":"crawlStatus","message":"Crawl statistics","details":{"crawled":1,"total":9,"pending":4,"failed":0,"limit":{"max":0,"hit":false},"pendingPages":["{\"seedId\":0,\"started\":\"2024-10-20T19:20:19.332Z\",\"extraHops\":0,\"url\":\"https:\\/\\/www.tg.no\\/news\\/crews%C3%B8knader-er-%C3%A5pnet\",\"added\":\"2024-10-20T19:20:17.758Z\",\"depth\":1}","{\"seedId\":0,\"started\":\"2024-10-20T19:20:18.199Z\",\"extraHops\":0,\"url\":\"https:\\/\\/www.tg.no\\/news\\/the-gathering-st%C3%B8tter-%C3%A5rets-tv-aksjon-til-barnekreftforeningen\",\"added\":\"2024-10-20T19:20:17.757Z\",\"depth\":1}","{\"seedId\":0,\"started\":\"2024-10-20T19:20:18.199Z\",\"extraHops\":0,\"url\":\"https:\\/\\/www.tg.no\\/competitions\\/esport\",\"added\":\"2024-10-20T19:20:17.757Z\",\"depth\":1}","{\"seedId\":0,\"started\":\"2024-10-20T19:20:18.199Z\",\"extraHops\":0,\"url\":\"https:\\/\\/www.tg.no\\/contact\",\"added\":\"2024-10-20T19:20:17.757Z\",\"depth\":1}"]}}
{"timestamp":"2024-10-20T19:20:19.463Z","logLevel":"info","context":"general","message":"Awaiting page load","details":{"page":"https://www.tg.no/news/crews%C3%B8knader-er-%C3%A5pnet","workerid":0}}
{"timestamp":"2024-10-20T19:20:20.258Z","logLevel":"info","context":"behavior","message":"Running behaviors","details":{"frames":1,"frameUrls":["https://www.tg.no/competitions/esport"],"page":"https://www.tg.no/competitions/esport","workerid":1}}
{"timestamp":"2024-10-20T19:20:20.258Z","logLevel":"info","context":"behavior","message":"Run Script Started","details":{"frameUrl":"https://www.tg.no/competitions/esport","page":"https://www.tg.no/competitions/esport","workerid":1}}
{"timestamp":"2024-10-20T19:20:20.264Z","logLevel":"info","context":"behaviorScript","message":"Behavior log","details":{"state":{"segments":1},"msg":"Skipping autoscroll, page seems to not be responsive to scrolling events","page":"https://www.tg.no/competitions/esport","workerid":1}}
{"timestamp":"2024-10-20T19:20:20.264Z","logLevel":"info","context":"behaviorScript","message":"Behavior log","details":{"state":{"segments":1},"msg":"done!","page":"https://www.tg.no/competitions/esport","workerid":1}}
{"timestamp":"2024-10-20T19:20:20.533Z","logLevel":"info","context":"behavior","message":"Running behaviors","details":{"frames":1,"frameUrls":["https://www.tg.no/contact"],"page":"https://www.tg.no/contact","workerid":2}}
{"timestamp":"2024-10-20T19:20:20.533Z","logLevel":"info","context":"behavior","message":"Run Script Started","details":{"frameUrl":"https://www.tg.no/contact","page":"https://www.tg.no/contact","workerid":2}}
{"timestamp":"2024-10-20T19:20:20.537Z","logLevel":"info","context":"behaviorScript","message":"Behavior log","details":{"state":{"segments":1},"msg":"Skipping autoscroll, page seems to not be responsive to scrolling events","page":"https://www.tg.no/contact","workerid":2}}
{"timestamp":"2024-10-20T19:20:20.538Z","logLevel":"info","context":"behaviorScript","message":"Behavior log","details":{"state":{"segments":1},"msg":"done!","page":"https://www.tg.no/contact","workerid":2}}
{"timestamp":"2024-10-20T19:20:20.567Z","logLevel":"info","context":"behavior","message":"Running behaviors","details":{"frames":1,"frameUrls":["https://www.tg.no/news/the-gathering-st%C3%B8tter-%C3%A5rets-tv-aksjon-til-barnekreftforeningen"],"page":"https://www.tg.no/news/the-gathering-st%C3%B8tter-%C3%A5rets-tv-aksjon-til-barnekreftforeningen","workerid":3}}
{"timestamp":"2024-10-20T19:20:20.567Z","logLevel":"info","context":"behavior","message":"Run Script Started","details":{"frameUrl":"https://www.tg.no/news/the-gathering-st%C3%B8tter-%C3%A5rets-tv-aksjon-til-barnekreftforeningen","page":"https://www.tg.no/news/the-gathering-st%C3%B8tter-%C3%A5rets-tv-aksjon-til-barnekreftforeningen","workerid":3}}
{"timestamp":"2024-10-20T19:20:20.577Z","logLevel":"info","context":"behaviorScript","message":"Behavior log","details":{"state":{"segments":1},"msg":"Skipping autoscroll, page seems to not be responsive to scrolling events","page":"https://www.tg.no/news/the-gathering-st%C3%B8tter-%C3%A5rets-tv-aksjon-til-barnekreftforeningen","workerid":3}}
{"timestamp":"2024-10-20T19:20:20.577Z","logLevel":"info","context":"behaviorScript","message":"Behavior log","details":{"state":{"segments":1},"msg":"done!","page":"https://www.tg.no/news/the-gathering-st%C3%B8tter-%C3%A5rets-tv-aksjon-til-barnekreftforeningen","workerid":3}}
{"timestamp":"2024-10-20T19:20:20.765Z","logLevel":"info","context":"behavior","message":"Run Script Finished","details":{"frameUrl":"https://www.tg.no/competitions/esport","page":"https://www.tg.no/competitions/esport","workerid":1}}
{"timestamp":"2024-10-20T19:20:20.765Z","logLevel":"info","context":"behavior","message":"Behaviors finished","details":{"finished":1,"page":"https://www.tg.no/competitions/esport","workerid":1}}
{"timestamp":"2024-10-20T19:20:21.038Z","logLevel":"info","context":"behavior","message":"Run Script Finished","details":{"frameUrl":"https://www.tg.no/contact","page":"https://www.tg.no/contact","workerid":2}}
{"timestamp":"2024-10-20T19:20:21.038Z","logLevel":"info","context":"behavior","message":"Behaviors finished","details":{"finished":1,"page":"https://www.tg.no/contact","workerid":2}}
{"timestamp":"2024-10-20T19:20:21.080Z","logLevel":"info","context":"behavior","message":"Run Script Finished","details":{"frameUrl":"https://www.tg.no/news/the-gathering-st%C3%B8tter-%C3%A5rets-tv-aksjon-til-barnekreftforeningen","page":"https://www.tg.no/news/the-gathering-st%C3%B8tter-%C3%A5rets-tv-aksjon-til-barnekreftforeningen","workerid":3}}
{"timestamp":"2024-10-20T19:20:21.080Z","logLevel":"info","context":"behavior","message":"Behaviors finished","details":{"finished":1,"page":"https://www.tg.no/news/the-gathering-st%C3%B8tter-%C3%A5rets-tv-aksjon-til-barnekreftforeningen","workerid":3}}
{"timestamp":"2024-10-20T19:20:21.261Z","logLevel":"info","context":"behavior","message":"Running behaviors","details":{"frames":1,"frameUrls":["https://www.tg.no/news/crews%C3%B8knader-er-%C3%A5pnet"],"page":"https://www.tg.no/news/crews%C3%B8knader-er-%C3%A5pnet","workerid":0}}
{"timestamp":"2024-10-20T19:20:21.261Z","logLevel":"info","context":"behavior","message":"Run Script Started","details":{"frameUrl":"https://www.tg.no/news/crews%C3%B8knader-er-%C3%A5pnet","page":"https://www.tg.no/news/crews%C3%B8knader-er-%C3%A5pnet","workerid":0}}
{"timestamp":"2024-10-20T19:20:21.265Z","logLevel":"info","context":"behaviorScript","message":"Behavior log","details":{"state":{"segments":1},"msg":"Skipping autoscroll, page seems to not be responsive to scrolling events","page":"https://www.tg.no/news/crews%C3%B8knader-er-%C3%A5pnet","workerid":0}}
{"timestamp":"2024-10-20T19:20:21.265Z","logLevel":"info","context":"behaviorScript","message":"Behavior log","details":{"state":{"segments":1},"msg":"done!","page":"https://www.tg.no/news/crews%C3%B8knader-er-%C3%A5pnet","workerid":0}}
{"timestamp":"2024-10-20T19:20:21.765Z","logLevel":"info","context":"pageStatus","message":"Page Finished","details":{"loadState":4,"page":"https://www.tg.no/competitions/esport","workerid":1}}
{"timestamp":"2024-10-20T19:20:21.766Z","logLevel":"info","context":"behavior","message":"Run Script Finished","details":{"frameUrl":"https://www.tg.no/news/crews%C3%B8knader-er-%C3%A5pnet","page":"https://www.tg.no/news/crews%C3%B8knader-er-%C3%A5pnet","workerid":0}}
{"timestamp":"2024-10-20T19:20:21.766Z","logLevel":"info","context":"behavior","message":"Behaviors finished","details":{"finished":1,"page":"https://www.tg.no/news/crews%C3%B8knader-er-%C3%A5pnet","workerid":0}}
{"timestamp":"2024-10-20T19:20:21.768Z","logLevel":"info","context":"worker","message":"Starting page","details":{"workerid":1,"page":"https://www.tg.no/news/kreativia-p%C3%A5-tg25-der-ideer-blir-til-virkelighet"}}
{"timestamp":"2024-10-20T19:20:21.768Z","logLevel":"info","context":"crawlStatus","message":"Crawl statistics","details":{"crawled":2,"total":9,"pending":4,"failed":0,"limit":{"max":0,"hit":false},"pendingPages":["{\"seedId\":0,\"started\":\"2024-10-20T19:20:21.768Z\",\"extraHops\":0,\"url\":\"https:\\/\\/www.tg.no\\/news\\/kreativia-p%C3%A5-tg25-der-ideer-blir-til-virkelighet\",\"added\":\"2024-10-20T19:20:17.758Z\",\"depth\":1}","{\"seedId\":0,\"started\":\"2024-10-20T19:20:19.332Z\",\"extraHops\":0,\"url\":\"https:\\/\\/www.tg.no\\/news\\/crews%C3%B8knader-er-%C3%A5pnet\",\"added\":\"2024-10-20T19:20:17.758Z\",\"depth\":1}","{\"seedId\":0,\"started\":\"2024-10-20T19:20:18.199Z\",\"extraHops\":0,\"url\":\"https:\\/\\/www.tg.no\\/news\\/the-gathering-st%C3%B8tter-%C3%A5rets-tv-aksjon-til-barnekreftforeningen\",\"added\":\"2024-10-20T19:20:17.757Z\",\"depth\":1}","{\"seedId\":0,\"started\":\"2024-10-20T19:20:18.199Z\",\"extraHops\":0,\"url\":\"https:\\/\\/www.tg.no\\/contact\",\"added\":\"2024-10-20T19:20:17.757Z\",\"depth\":1}"]}}
{"timestamp":"2024-10-20T19:20:21.908Z","logLevel":"info","context":"general","message":"Awaiting page load","details":{"page":"https://www.tg.no/news/kreativia-p%C3%A5-tg25-der-ideer-blir-til-virkelighet","workerid":1}}
{"timestamp":"2024-10-20T19:20:22.043Z","logLevel":"info","context":"pageStatus","message":"Page Finished","details":{"loadState":4,"page":"https://www.tg.no/contact","workerid":2}}
{"timestamp":"2024-10-20T19:20:22.046Z","logLevel":"info","context":"worker","message":"Starting page","details":{"workerid":2,"page":"https://www.tg.no/news/lan-og-datatreff-i-norge"}}
{"timestamp":"2024-10-20T19:20:22.047Z","logLevel":"info","context":"crawlStatus","message":"Crawl statistics","details":{"crawled":3,"total":9,"pending":4,"failed":0,"limit":{"max":0,"hit":false},"pendingPages":["{\"seedId\":0,\"started\":\"2024-10-20T19:20:22.046Z\",\"extraHops\":0,\"url\":\"https:\\/\\/www.tg.no\\/news\\/lan-og-datatreff-i-norge\",\"added\":\"2024-10-20T19:20:17.758Z\",\"depth\":1}","{\"seedId\":0,\"started\":\"2024-10-20T19:20:21.768Z\",\"extraHops\":0,\"url\":\"https:\\/\\/www.tg.no\\/news\\/kreativia-p%C3%A5-tg25-der-ideer-blir-til-virkelighet\",\"added\":\"2024-10-20T19:20:17.758Z\",\"depth\":1}","{\"seedId\":0,\"started\":\"2024-10-20T19:20:19.332Z\",\"extraHops\":0,\"url\":\"https:\\/\\/www.tg.no\\/news\\/crews%C3%B8knader-er-%C3%A5pnet\",\"added\":\"2024-10-20T19:20:17.758Z\",\"depth\":1}","{\"seedId\":0,\"started\":\"2024-10-20T19:20:18.199Z\",\"extraHops\":0,\"url\":\"https:\\/\\/www.tg.no\\/news\\/the-gathering-st%C3%B8tter-%C3%A5rets-tv-aksjon-til-barnekreftforeningen\",\"added\":\"2024-10-20T19:20:17.757Z\",\"depth\":1}"]}}
{"timestamp":"2024-10-20T19:20:22.081Z","logLevel":"info","context":"pageStatus","message":"Page Finished","details":{"loadState":4,"page":"https://www.tg.no/news/the-gathering-st%C3%B8tter-%C3%A5rets-tv-aksjon-til-barnekreftforeningen","workerid":3}}
{"timestamp":"2024-10-20T19:20:22.086Z","logLevel":"info","context":"worker","message":"Starting page","details":{"workerid":3,"page":"https://www.tg.no/news/tg25-er-satt"}}
{"timestamp":"2024-10-20T19:20:22.086Z","logLevel":"info","context":"crawlStatus","message":"Crawl statistics","details":{"crawled":4,"total":9,"pending":4,"failed":0,"limit":{"max":0,"hit":false},"pendingPages":["{\"seedId\":0,\"started\":\"2024-10-20T19:20:22.085Z\",\"extraHops\":0,\"url\":\"https:\\/\\/www.tg.no\\/news\\/tg25-er-satt\",\"added\":\"2024-10-20T19:20:17.758Z\",\"depth\":1}","{\"seedId\":0,\"started\":\"2024-10-20T19:20:22.046Z\",\"extraHops\":0,\"url\":\"https:\\/\\/www.tg.no\\/news\\/lan-og-datatreff-i-norge\",\"added\":\"2024-10-20T19:20:17.758Z\",\"depth\":1}","{\"seedId\":0,\"started\":\"2024-10-20T19:20:21.768Z\",\"extraHops\":0,\"url\":\"https:\\/\\/www.tg.no\\/news\\/kreativia-p%C3%A5-tg25-der-ideer-blir-til-virkelighet\",\"added\":\"2024-10-20T19:20:17.758Z\",\"depth\":1}","{\"seedId\":0,\"started\":\"2024-10-20T19:20:19.332Z\",\"extraHops\":0,\"url\":\"https:\\/\\/www.tg.no\\/news\\/crews%C3%B8knader-er-%C3%A5pnet\",\"added\":\"2024-10-20T19:20:17.758Z\",\"depth\":1}"]}}
{"timestamp":"2024-10-20T19:20:22.166Z","logLevel":"info","context":"general","message":"Awaiting page load","details":{"page":"https://www.tg.no/news/lan-og-datatreff-i-norge","workerid":2}}
{"timestamp":"2024-10-20T19:20:22.203Z","logLevel":"info","context":"general","message":"Awaiting page load","details":{"page":"https://www.tg.no/news/tg25-er-satt","workerid":3}}
{"timestamp":"2024-10-20T19:20:22.769Z","logLevel":"info","context":"pageStatus","message":"Page Finished","details":{"loadState":4,"page":"https://www.tg.no/news/crews%C3%B8knader-er-%C3%A5pnet","workerid":0}}
{"timestamp":"2024-10-20T19:20:22.775Z","logLevel":"info","context":"worker","message":"Starting page","details":{"workerid":0,"page":"https://www.tg.no/news/the-gathering-25-e-sport-tar-sentrum"}}
{"timestamp":"2024-10-20T19:20:22.776Z","logLevel":"info","context":"crawlStatus","message":"Crawl statistics","details":{"crawled":5,"total":9,"pending":4,"failed":0,"limit":{"max":0,"hit":false},"pendingPages":["{\"seedId\":0,\"started\":\"2024-10-20T19:20:22.775Z\",\"extraHops\":0,\"url\":\"https:\\/\\/www.tg.no\\/news\\/the-gathering-25-e-sport-tar-sentrum\",\"added\":\"2024-10-20T19:20:17.758Z\",\"depth\":1}","{\"seedId\":0,\"started\":\"2024-10-20T19:20:22.085Z\",\"extraHops\":0,\"url\":\"https:\\/\\/www.tg.no\\/news\\/tg25-er-satt\",\"added\":\"2024-10-20T19:20:17.758Z\",\"depth\":1}","{\"seedId\":0,\"started\":\"2024-10-20T19:20:22.046Z\",\"extraHops\":0,\"url\":\"https:\\/\\/www.tg.no\\/news\\/lan-og-datatreff-i-norge\",\"added\":\"2024-10-20T19:20:17.758Z\",\"depth\":1}","{\"seedId\":0,\"started\":\"2024-10-20T19:20:21.768Z\",\"extraHops\":0,\"url\":\"https:\\/\\/www.tg.no\\/news\\/kreativia-p%C3%A5-tg25-der-ideer-blir-til-virkelighet\",\"added\":\"2024-10-20T19:20:17.758Z\",\"depth\":1}"]}}
{"timestamp":"2024-10-20T19:20:22.918Z","logLevel":"info","context":"general","message":"Awaiting page load","details":{"page":"https://www.tg.no/news/the-gathering-25-e-sport-tar-sentrum","workerid":0}}
{"timestamp":"2024-10-20T19:20:24.102Z","logLevel":"info","context":"behavior","message":"Running behaviors","details":{"frames":1,"frameUrls":["https://www.tg.no/news/kreativia-p%C3%A5-tg25-der-ideer-blir-til-virkelighet"],"page":"https://www.tg.no/news/kreativia-p%C3%A5-tg25-der-ideer-blir-til-virkelighet","workerid":1}}
{"timestamp":"2024-10-20T19:20:24.102Z","logLevel":"info","context":"behavior","message":"Run Script Started","details":{"frameUrl":"https://www.tg.no/news/kreativia-p%C3%A5-tg25-der-ideer-blir-til-virkelighet","page":"https://www.tg.no/news/kreativia-p%C3%A5-tg25-der-ideer-blir-til-virkelighet","workerid":1}}
{"timestamp":"2024-10-20T19:20:24.107Z","logLevel":"info","context":"behaviorScript","message":"Behavior log","details":{"state":{"segments":1},"msg":"Skipping autoscroll, page seems to not be responsive to scrolling events","page":"https://www.tg.no/news/kreativia-p%C3%A5-tg25-der-ideer-blir-til-virkelighet","workerid":1}}
{"timestamp":"2024-10-20T19:20:24.107Z","logLevel":"info","context":"behaviorScript","message":"Behavior log","details":{"state":{"segments":1},"msg":"done!","page":"https://www.tg.no/news/kreativia-p%C3%A5-tg25-der-ideer-blir-til-virkelighet","workerid":1}}
{"timestamp":"2024-10-20T19:20:24.227Z","logLevel":"info","context":"behavior","message":"Running behaviors","details":{"frames":1,"frameUrls":["https://www.tg.no/news/lan-og-datatreff-i-norge"],"page":"https://www.tg.no/news/lan-og-datatreff-i-norge","workerid":2}}
{"timestamp":"2024-10-20T19:20:24.227Z","logLevel":"info","context":"behavior","message":"Run Script Started","details":{"frameUrl":"https://www.tg.no/news/lan-og-datatreff-i-norge","page":"https://www.tg.no/news/lan-og-datatreff-i-norge","workerid":2}}
{"timestamp":"2024-10-20T19:20:24.230Z","logLevel":"info","context":"behaviorScript","message":"Behavior log","details":{"state":{"segments":1},"msg":"Skipping autoscroll, page seems to not be responsive to scrolling events","page":"https://www.tg.no/news/lan-og-datatreff-i-norge","workerid":2}}
{"timestamp":"2024-10-20T19:20:24.230Z","logLevel":"info","context":"behaviorScript","message":"Behavior log","details":{"state":{"segments":1},"msg":"done!","page":"https://www.tg.no/news/lan-og-datatreff-i-norge","workerid":2}}
{"timestamp":"2024-10-20T19:20:24.376Z","logLevel":"info","context":"behavior","message":"Running behaviors","details":{"frames":1,"frameUrls":["https://www.tg.no/news/tg25-er-satt"],"page":"https://www.tg.no/news/tg25-er-satt","workerid":3}}
{"timestamp":"2024-10-20T19:20:24.376Z","logLevel":"info","context":"behavior","message":"Run Script Started","details":{"frameUrl":"https://www.tg.no/news/tg25-er-satt","page":"https://www.tg.no/news/tg25-er-satt","workerid":3}}
{"timestamp":"2024-10-20T19:20:24.379Z","logLevel":"info","context":"behaviorScript","message":"Behavior log","details":{"state":{"segments":1},"msg":"Skipping autoscroll, page seems to not be responsive to scrolling events","page":"https://www.tg.no/news/tg25-er-satt","workerid":3}}
{"timestamp":"2024-10-20T19:20:24.379Z","logLevel":"info","context":"behaviorScript","message":"Behavior log","details":{"state":{"segments":1},"msg":"done!","page":"https://www.tg.no/news/tg25-er-satt","workerid":3}}
{"timestamp":"2024-10-20T19:20:24.609Z","logLevel":"info","context":"behavior","message":"Run Script Finished","details":{"frameUrl":"https://www.tg.no/news/kreativia-p%C3%A5-tg25-der-ideer-blir-til-virkelighet","page":"https://www.tg.no/news/kreativia-p%C3%A5-tg25-der-ideer-blir-til-virkelighet","workerid":1}}
{"timestamp":"2024-10-20T19:20:24.609Z","logLevel":"info","context":"behavior","message":"Behaviors finished","details":{"finished":1,"page":"https://www.tg.no/news/kreativia-p%C3%A5-tg25-der-ideer-blir-til-virkelighet","workerid":1}}
{"timestamp":"2024-10-20T19:20:24.731Z","logLevel":"info","context":"behavior","message":"Run Script Finished","details":{"frameUrl":"https://www.tg.no/news/lan-og-datatreff-i-norge","page":"https://www.tg.no/news/lan-og-datatreff-i-norge","workerid":2}}
{"timestamp":"2024-10-20T19:20:24.731Z","logLevel":"info","context":"behavior","message":"Behaviors finished","details":{"finished":1,"page":"https://www.tg.no/news/lan-og-datatreff-i-norge","workerid":2}}
{"timestamp":"2024-10-20T19:20:24.837Z","logLevel":"info","context":"behavior","message":"Running behaviors","details":{"frames":1,"frameUrls":["https://www.tg.no/news/the-gathering-25-e-sport-tar-sentrum"],"page":"https://www.tg.no/news/the-gathering-25-e-sport-tar-sentrum","workerid":0}}
{"timestamp":"2024-10-20T19:20:24.837Z","logLevel":"info","context":"behavior","message":"Run Script Started","details":{"frameUrl":"https://www.tg.no/news/the-gathering-25-e-sport-tar-sentrum","page":"https://www.tg.no/news/the-gathering-25-e-sport-tar-sentrum","workerid":0}}
{"timestamp":"2024-10-20T19:20:24.845Z","logLevel":"info","context":"behaviorScript","message":"Behavior log","details":{"state":{"segments":1},"msg":"Skipping autoscroll, page seems to not be responsive to scrolling events","page":"https://www.tg.no/news/the-gathering-25-e-sport-tar-sentrum","workerid":0}}
{"timestamp":"2024-10-20T19:20:24.845Z","logLevel":"info","context":"behaviorScript","message":"Behavior log","details":{"state":{"segments":1},"msg":"done!","page":"https://www.tg.no/news/the-gathering-25-e-sport-tar-sentrum","workerid":0}}
{"timestamp":"2024-10-20T19:20:24.884Z","logLevel":"info","context":"behavior","message":"Run Script Finished","details":{"frameUrl":"https://www.tg.no/news/tg25-er-satt","page":"https://www.tg.no/news/tg25-er-satt","workerid":3}}
{"timestamp":"2024-10-20T19:20:24.884Z","logLevel":"info","context":"behavior","message":"Behaviors finished","details":{"finished":1,"page":"https://www.tg.no/news/tg25-er-satt","workerid":3}}
{"timestamp":"2024-10-20T19:20:25.343Z","logLevel":"info","context":"behavior","message":"Run Script Finished","details":{"frameUrl":"https://www.tg.no/news/the-gathering-25-e-sport-tar-sentrum","page":"https://www.tg.no/news/the-gathering-25-e-sport-tar-sentrum","workerid":0}}
{"timestamp":"2024-10-20T19:20:25.343Z","logLevel":"info","context":"behavior","message":"Behaviors finished","details":{"finished":1,"page":"https://www.tg.no/news/the-gathering-25-e-sport-tar-sentrum","workerid":0}}
{"timestamp":"2024-10-20T19:20:25.612Z","logLevel":"info","context":"pageStatus","message":"Page Finished","details":{"loadState":4,"page":"https://www.tg.no/news/kreativia-p%C3%A5-tg25-der-ideer-blir-til-virkelighet","workerid":1}}
{"timestamp":"2024-10-20T19:20:25.736Z","logLevel":"info","context":"pageStatus","message":"Page Finished","details":{"loadState":4,"page":"https://www.tg.no/news/lan-og-datatreff-i-norge","workerid":2}}
{"timestamp":"2024-10-20T19:20:25.895Z","logLevel":"info","context":"pageStatus","message":"Page Finished","details":{"loadState":4,"page":"https://www.tg.no/news/tg25-er-satt","workerid":3}}
{"timestamp":"2024-10-20T19:20:26.353Z","logLevel":"info","context":"pageStatus","message":"Page Finished","details":{"loadState":4,"page":"https://www.tg.no/news/the-gathering-25-e-sport-tar-sentrum","workerid":0}}
{"timestamp":"2024-10-20T19:20:26.355Z","logLevel":"info","context":"worker","message":"Worker done, all tasks complete","details":{"workerid":0}}
{"timestamp":"2024-10-20T19:20:26.402Z","logLevel":"info","context":"worker","message":"Worker done, all tasks complete","details":{"workerid":3}}
{"timestamp":"2024-10-20T19:20:26.623Z","logLevel":"info","context":"worker","message":"Worker done, all tasks complete","details":{"workerid":1}}
{"timestamp":"2024-10-20T19:20:26.745Z","logLevel":"info","context":"worker","message":"Worker done, all tasks complete","details":{"workerid":2}}
{"timestamp":"2024-10-20T19:20:26.838Z","logLevel":"info","context":"general","message":"Saving crawl state to: /crawls/collections/tgno/crawls/crawl-20241020192026-922562d39620.yaml","details":{}}
{"timestamp":"2024-10-20T19:20:26.841Z","logLevel":"info","context":"crawlStatus","message":"Crawl statistics","details":{"crawled":9,"total":9,"pending":0,"failed":0,"limit":{"max":0,"hit":false},"pendingPages":[]}}
{"timestamp":"2024-10-20T19:20:26.841Z","logLevel":"info","context":"general","message":"Crawling done","details":{}}
{"timestamp":"2024-10-20T19:20:26.841Z","logLevel":"info","context":"general","message":"Merging CDX","details":{}}
{"timestamp":"2024-10-20T19:20:26.849Z","logLevel":"info","context":"general","message":"Exiting, Crawl status: done","details":{}}
