{"timestamp":"2024-12-01T21:14:37.226Z","logLevel":"info","context":"general","message":"Browsertrix-Crawler 1.3.3 (with warcio.js 2.3.1)","details":{}}
{"timestamp":"2024-12-01T21:14:37.227Z","logLevel":"info","context":"general","message":"Seeds","details":[{"url":"https://www.tg.no/","scopeType":"custom","include":["/www.tg.no/"],"exclude":[],"allowHash":false,"depth":-1,"sitemap":null,"auth":null,"_authEncoded":null,"maxExtraHops":0,"maxDepth":1000000,"_includeStr":["www.tg.no"]}]}
{"timestamp":"2024-12-01T21:14:37.228Z","logLevel":"info","context":"general","message":"Behavior Options","details":{"message":"{\"autoscroll\":true,\"autoplay\":true,\"autofetch\":true,\"siteSpecific\":true,\"log\":\"__bx_log\",\"startEarly\":true}"}}
{"timestamp":"2024-12-01T21:14:38.663Z","logLevel":"info","context":"worker","message":"Creating 4 workers","details":{}}
{"timestamp":"2024-12-01T21:14:38.664Z","logLevel":"info","context":"worker","message":"Worker starting","details":{"workerid":0}}
{"timestamp":"2024-12-01T21:14:38.664Z","logLevel":"info","context":"worker","message":"Worker starting","details":{"workerid":1}}
{"timestamp":"2024-12-01T21:14:38.664Z","logLevel":"info","context":"worker","message":"Worker starting","details":{"workerid":2}}
{"timestamp":"2024-12-01T21:14:38.664Z","logLevel":"info","context":"worker","message":"Worker starting","details":{"workerid":3}}
{"timestamp":"2024-12-01T21:14:39.236Z","logLevel":"info","context":"worker","message":"Starting page","details":{"workerid":0,"page":"https://www.tg.no/"}}
{"timestamp":"2024-12-01T21:14:39.237Z","logLevel":"info","context":"crawlStatus","message":"Crawl statistics","details":{"crawled":0,"total":1,"pending":1,"failed":0,"limit":{"max":0,"hit":false},"pendingPages":["{\"seedId\":0,\"started\":\"2024-12-01T21:14:38.667Z\",\"extraHops\":0,\"url\":\"https:\\/\\/www.tg.no\\/\",\"added\":\"2024-12-01T21:14:37.724Z\",\"depth\":0}"]}}
{"timestamp":"2024-12-01T21:14:40.356Z","logLevel":"info","context":"general","message":"Awaiting page load","details":{"page":"https://www.tg.no/","workerid":0}}
{"timestamp":"2024-12-01T21:14:41.838Z","logLevel":"warn","context":"recorder","message":"Request failed","details":{"url":"https://matomo.gathering.org/matomo.js","errorText":"net::ERR_BLOCKED_BY_CLIENT.Inspector","page":"https://www.tg.no/","workerid":0}}
{"timestamp":"2024-12-01T21:14:43.715Z","logLevel":"info","context":"behavior","message":"Running behaviors","details":{"frames":1,"frameUrls":["https://www.tg.no/"],"page":"https://www.tg.no/","workerid":0}}
{"timestamp":"2024-12-01T21:14:43.715Z","logLevel":"info","context":"behavior","message":"Run Script Started","details":{"frameUrl":"https://www.tg.no/","page":"https://www.tg.no/","workerid":0}}
{"timestamp":"2024-12-01T21:14:43.723Z","logLevel":"info","context":"behaviorScript","message":"Behavior log","details":{"state":{"segments":1},"msg":"Skipping autoscroll, page seems to not be responsive to scrolling events","page":"https://www.tg.no/","workerid":0}}
{"timestamp":"2024-12-01T21:14:43.723Z","logLevel":"info","context":"behaviorScript","message":"Behavior log","details":{"state":{"segments":1},"msg":"done!","page":"https://www.tg.no/","workerid":0}}
{"timestamp":"2024-12-01T21:14:43.967Z","logLevel":"info","context":"worker","message":"Starting page","details":{"workerid":3,"page":"https://www.tg.no/about/sponsor"}}
{"timestamp":"2024-12-01T21:14:43.967Z","logLevel":"info","context":"worker","message":"Starting page","details":{"workerid":1,"page":"https://www.tg.no/about"}}
{"timestamp":"2024-12-01T21:14:43.968Z","logLevel":"info","context":"crawlStatus","message":"Crawl statistics","details":{"crawled":0,"total":18,"pending":4,"failed":0,"limit":{"max":0,"hit":false},"pendingPages":["{\"seedId\":0,\"started\":\"2024-12-01T21:14:43.751Z\",\"extraHops\":0,\"url\":\"https:\\/\\/www.tg.no\\/about\",\"added\":\"2024-12-01T21:14:43.699Z\",\"depth\":1}","{\"seedId\":0,\"started\":\"2024-12-01T21:14:38.667Z\",\"extraHops\":0,\"url\":\"https:\\/\\/www.tg.no\\/\",\"added\":\"2024-12-01T21:14:37.724Z\",\"depth\":0}","{\"seedId\":0,\"started\":\"2024-12-01T21:14:43.751Z\",\"extraHops\":0,\"url\":\"https:\\/\\/www.tg.no\\/about\\/expo\",\"added\":\"2024-12-01T21:14:43.700Z\",\"depth\":1}","{\"seedId\":0,\"started\":\"2024-12-01T21:14:43.751Z\",\"extraHops\":0,\"url\":\"https:\\/\\/www.tg.no\\/about\\/sponsor\",\"added\":\"2024-12-01T21:14:43.700Z\",\"depth\":1}"]}}
{"timestamp":"2024-12-01T21:14:43.968Z","logLevel":"info","context":"worker","message":"Starting page","details":{"workerid":2,"page":"https://www.tg.no/about/expo"}}
{"timestamp":"2024-12-01T21:14:43.968Z","logLevel":"info","context":"crawlStatus","message":"Crawl statistics","details":{"crawled":0,"total":18,"pending":4,"failed":0,"limit":{"max":0,"hit":false},"pendingPages":["{\"seedId\":0,\"started\":\"2024-12-01T21:14:43.751Z\",\"extraHops\":0,\"url\":\"https:\\/\\/www.tg.no\\/about\",\"added\":\"2024-12-01T21:14:43.699Z\",\"depth\":1}","{\"seedId\":0,\"started\":\"2024-12-01T21:14:38.667Z\",\"extraHops\":0,\"url\":\"https:\\/\\/www.tg.no\\/\",\"added\":\"2024-12-01T21:14:37.724Z\",\"depth\":0}","{\"seedId\":0,\"started\":\"2024-12-01T21:14:43.751Z\",\"extraHops\":0,\"url\":\"https:\\/\\/www.tg.no\\/about\\/expo\",\"added\":\"2024-12-01T21:14:43.700Z\",\"depth\":1}","{\"seedId\":0,\"started\":\"2024-12-01T21:14:43.751Z\",\"extraHops\":0,\"url\":\"https:\\/\\/www.tg.no\\/about\\/sponsor\",\"added\":\"2024-12-01T21:14:43.700Z\",\"depth\":1}"]}}
{"timestamp":"2024-12-01T21:14:43.970Z","logLevel":"info","context":"crawlStatus","message":"Crawl statistics","details":{"crawled":0,"total":18,"pending":4,"failed":0,"limit":{"max":0,"hit":false},"pendingPages":["{\"seedId\":0,\"started\":\"2024-12-01T21:14:43.751Z\",\"extraHops\":0,\"url\":\"https:\\/\\/www.tg.no\\/about\",\"added\":\"2024-12-01T21:14:43.699Z\",\"depth\":1}","{\"seedId\":0,\"started\":\"2024-12-01T21:14:38.667Z\",\"extraHops\":0,\"url\":\"https:\\/\\/www.tg.no\\/\",\"added\":\"2024-12-01T21:14:37.724Z\",\"depth\":0}","{\"seedId\":0,\"started\":\"2024-12-01T21:14:43.751Z\",\"extraHops\":0,\"url\":\"https:\\/\\/www.tg.no\\/about\\/expo\",\"added\":\"2024-12-01T21:14:43.700Z\",\"depth\":1}","{\"seedId\":0,\"started\":\"2024-12-01T21:14:43.751Z\",\"extraHops\":0,\"url\":\"https:\\/\\/www.tg.no\\/about\\/sponsor\",\"added\":\"2024-12-01T21:14:43.700Z\",\"depth\":1}"]}}
{"timestamp":"2024-12-01T21:14:44.012Z","logLevel":"info","context":"general","message":"Awaiting page load","details":{"page":"https://www.tg.no/about/sponsor","workerid":3}}
{"timestamp":"2024-12-01T21:14:44.054Z","logLevel":"info","context":"general","message":"Awaiting page load","details":{"page":"https://www.tg.no/about/expo","workerid":2}}
{"timestamp":"2024-12-01T21:14:44.054Z","logLevel":"info","context":"general","message":"Awaiting page load","details":{"page":"https://www.tg.no/about","workerid":1}}
{"timestamp":"2024-12-01T21:14:44.225Z","logLevel":"info","context":"behavior","message":"Run Script Finished","details":{"frameUrl":"https://www.tg.no/","page":"https://www.tg.no/","workerid":0}}
{"timestamp":"2024-12-01T21:14:44.225Z","logLevel":"info","context":"behavior","message":"Behaviors finished","details":{"finished":1,"page":"https://www.tg.no/","workerid":0}}
{"timestamp":"2024-12-01T21:14:45.228Z","logLevel":"info","context":"pageStatus","message":"Page Finished","details":{"loadState":4,"page":"https://www.tg.no/","workerid":0}}
{"timestamp":"2024-12-01T21:14:45.240Z","logLevel":"info","context":"general","message":"Saving crawl state to: /crawls/collections/tgno/crawls/crawl-20241201211445-bf5ebfa2169e.yaml","details":{}}
{"timestamp":"2024-12-01T21:14:45.245Z","logLevel":"info","context":"worker","message":"Starting page","details":{"workerid":0,"page":"https://www.tg.no/competitions/creative"}}
{"timestamp":"2024-12-01T21:14:45.246Z","logLevel":"info","context":"crawlStatus","message":"Crawl statistics","details":{"crawled":1,"total":18,"pending":4,"failed":0,"limit":{"max":0,"hit":false},"pendingPages":["{\"seedId\":0,\"started\":\"2024-12-01T21:14:43.751Z\",\"extraHops\":0,\"url\":\"https:\\/\\/www.tg.no\\/about\",\"added\":\"2024-12-01T21:14:43.699Z\",\"depth\":1}","{\"seedId\":0,\"started\":\"2024-12-01T21:14:45.244Z\",\"extraHops\":0,\"url\":\"https:\\/\\/www.tg.no\\/competitions\\/creative\",\"added\":\"2024-12-01T21:14:43.701Z\",\"depth\":1}","{\"seedId\":0,\"started\":\"2024-12-01T21:14:43.751Z\",\"extraHops\":0,\"url\":\"https:\\/\\/www.tg.no\\/about\\/expo\",\"added\":\"2024-12-01T21:14:43.700Z\",\"depth\":1}","{\"seedId\":0,\"started\":\"2024-12-01T21:14:43.751Z\",\"extraHops\":0,\"url\":\"https:\\/\\/www.tg.no\\/about\\/sponsor\",\"added\":\"2024-12-01T21:14:43.700Z\",\"depth\":1}"]}}
{"timestamp":"2024-12-01T21:14:45.295Z","logLevel":"info","context":"general","message":"Awaiting page load","details":{"page":"https://www.tg.no/competitions/creative","workerid":0}}
{"timestamp":"2024-12-01T21:14:47.110Z","logLevel":"info","context":"behavior","message":"Running behaviors","details":{"frames":1,"frameUrls":["https://www.tg.no/competitions/creative"],"page":"https://www.tg.no/competitions/creative","workerid":0}}
{"timestamp":"2024-12-01T21:14:47.110Z","logLevel":"info","context":"behavior","message":"Run Script Started","details":{"frameUrl":"https://www.tg.no/competitions/creative","page":"https://www.tg.no/competitions/creative","workerid":0}}
{"timestamp":"2024-12-01T21:14:47.119Z","logLevel":"info","context":"behaviorScript","message":"Behavior log","details":{"state":{"segments":1},"msg":"Skipping autoscroll, page seems to not be responsive to scrolling events","page":"https://www.tg.no/competitions/creative","workerid":0}}
{"timestamp":"2024-12-01T21:14:47.120Z","logLevel":"info","context":"behaviorScript","message":"Behavior log","details":{"state":{"segments":1},"msg":"done!","page":"https://www.tg.no/competitions/creative","workerid":0}}
{"timestamp":"2024-12-01T21:14:47.155Z","logLevel":"warn","context":"general","message":"Invalid Page - URL must start with http:// or https://","details":{"url":"mailto:sponsor@tg.no","page":"https://www.tg.no/about/sponsor","workerid":3}}
{"timestamp":"2024-12-01T21:14:47.161Z","logLevel":"info","context":"behavior","message":"Running behaviors","details":{"frames":1,"frameUrls":["https://www.tg.no/about/sponsor"],"page":"https://www.tg.no/about/sponsor","workerid":3}}
{"timestamp":"2024-12-01T21:14:47.161Z","logLevel":"info","context":"behavior","message":"Run Script Started","details":{"frameUrl":"https://www.tg.no/about/sponsor","page":"https://www.tg.no/about/sponsor","workerid":3}}
{"timestamp":"2024-12-01T21:14:47.170Z","logLevel":"info","context":"behaviorScript","message":"Behavior log","details":{"state":{"segments":1},"msg":"Skipping autoscroll, page seems to not be responsive to scrolling events","page":"https://www.tg.no/about/sponsor","workerid":3}}
{"timestamp":"2024-12-01T21:14:47.170Z","logLevel":"info","context":"behaviorScript","message":"Behavior log","details":{"state":{"segments":1},"msg":"done!","page":"https://www.tg.no/about/sponsor","workerid":3}}
{"timestamp":"2024-12-01T21:14:47.218Z","logLevel":"warn","context":"general","message":"Invalid Page - URL must start with http:// or https://","details":{"url":"mailto:expo@tg.no","page":"https://www.tg.no/about/expo","workerid":2}}
{"timestamp":"2024-12-01T21:14:47.226Z","logLevel":"info","context":"behavior","message":"Running behaviors","details":{"frames":1,"frameUrls":["https://www.tg.no/about"],"page":"https://www.tg.no/about","workerid":1}}
{"timestamp":"2024-12-01T21:14:47.226Z","logLevel":"info","context":"behavior","message":"Run Script Started","details":{"frameUrl":"https://www.tg.no/about","page":"https://www.tg.no/about","workerid":1}}
{"timestamp":"2024-12-01T21:14:47.227Z","logLevel":"info","context":"behavior","message":"Running behaviors","details":{"frames":1,"frameUrls":["https://www.tg.no/about/expo"],"page":"https://www.tg.no/about/expo","workerid":2}}
{"timestamp":"2024-12-01T21:14:47.227Z","logLevel":"info","context":"behavior","message":"Run Script Started","details":{"frameUrl":"https://www.tg.no/about/expo","page":"https://www.tg.no/about/expo","workerid":2}}
{"timestamp":"2024-12-01T21:14:47.235Z","logLevel":"info","context":"behaviorScript","message":"Behavior log","details":{"state":{"segments":1},"msg":"Skipping autoscroll, page seems to not be responsive to scrolling events","page":"https://www.tg.no/about","workerid":1}}
{"timestamp":"2024-12-01T21:14:47.236Z","logLevel":"info","context":"behaviorScript","message":"Behavior log","details":{"state":{"segments":1},"msg":"done!","page":"https://www.tg.no/about","workerid":1}}
{"timestamp":"2024-12-01T21:14:47.239Z","logLevel":"info","context":"behaviorScript","message":"Behavior log","details":{"state":{"segments":1},"msg":"Skipping autoscroll, page seems to not be responsive to scrolling events","page":"https://www.tg.no/about/expo","workerid":2}}
{"timestamp":"2024-12-01T21:14:47.239Z","logLevel":"info","context":"behaviorScript","message":"Behavior log","details":{"state":{"segments":1},"msg":"done!","page":"https://www.tg.no/about/expo","workerid":2}}
{"timestamp":"2024-12-01T21:14:47.626Z","logLevel":"info","context":"behavior","message":"Run Script Finished","details":{"frameUrl":"https://www.tg.no/competitions/creative","page":"https://www.tg.no/competitions/creative","workerid":0}}
{"timestamp":"2024-12-01T21:14:47.626Z","logLevel":"info","context":"behavior","message":"Behaviors finished","details":{"finished":1,"page":"https://www.tg.no/competitions/creative","workerid":0}}
{"timestamp":"2024-12-01T21:14:47.740Z","logLevel":"info","context":"behavior","message":"Run Script Finished","details":{"frameUrl":"https://www.tg.no/about","page":"https://www.tg.no/about","workerid":1}}
{"timestamp":"2024-12-01T21:14:47.740Z","logLevel":"info","context":"behavior","message":"Behaviors finished","details":{"finished":1,"page":"https://www.tg.no/about","workerid":1}}
{"timestamp":"2024-12-01T21:14:47.743Z","logLevel":"info","context":"behavior","message":"Run Script Finished","details":{"frameUrl":"https://www.tg.no/about/expo","page":"https://www.tg.no/about/expo","workerid":2}}
{"timestamp":"2024-12-01T21:14:47.743Z","logLevel":"info","context":"behavior","message":"Behaviors finished","details":{"finished":1,"page":"https://www.tg.no/about/expo","workerid":2}}
{"timestamp":"2024-12-01T21:14:48.147Z","logLevel":"info","context":"behavior","message":"Run Script Finished","details":{"frameUrl":"https://www.tg.no/about/sponsor","page":"https://www.tg.no/about/sponsor","workerid":3}}
{"timestamp":"2024-12-01T21:14:48.147Z","logLevel":"info","context":"behavior","message":"Behaviors finished","details":{"finished":1,"page":"https://www.tg.no/about/sponsor","workerid":3}}
{"timestamp":"2024-12-01T21:14:48.629Z","logLevel":"info","context":"pageStatus","message":"Page Finished","details":{"loadState":4,"page":"https://www.tg.no/competitions/creative","workerid":0}}
{"timestamp":"2024-12-01T21:14:48.638Z","logLevel":"info","context":"worker","message":"Starting page","details":{"workerid":0,"page":"https://www.tg.no/competitions/esport"}}
{"timestamp":"2024-12-01T21:14:48.640Z","logLevel":"info","context":"crawlStatus","message":"Crawl statistics","details":{"crawled":2,"total":18,"pending":4,"failed":0,"limit":{"max":0,"hit":false},"pendingPages":["{\"seedId\":0,\"started\":\"2024-12-01T21:14:43.751Z\",\"extraHops\":0,\"url\":\"https:\\/\\/www.tg.no\\/about\",\"added\":\"2024-12-01T21:14:43.699Z\",\"depth\":1}","{\"seedId\":0,\"started\":\"2024-12-01T21:14:48.637Z\",\"extraHops\":0,\"url\":\"https:\\/\\/www.tg.no\\/competitions\\/esport\",\"added\":\"2024-12-01T21:14:43.701Z\",\"depth\":1}","{\"seedId\":0,\"started\":\"2024-12-01T21:14:43.751Z\",\"extraHops\":0,\"url\":\"https:\\/\\/www.tg.no\\/about\\/expo\",\"added\":\"2024-12-01T21:14:43.700Z\",\"depth\":1}","{\"seedId\":0,\"started\":\"2024-12-01T21:14:43.751Z\",\"extraHops\":0,\"url\":\"https:\\/\\/www.tg.no\\/about\\/sponsor\",\"added\":\"2024-12-01T21:14:43.700Z\",\"depth\":1}"]}}
{"timestamp":"2024-12-01T21:14:48.689Z","logLevel":"info","context":"general","message":"Awaiting page load","details":{"page":"https://www.tg.no/competitions/esport","workerid":0}}
{"timestamp":"2024-12-01T21:14:48.747Z","logLevel":"info","context":"pageStatus","message":"Page Finished","details":{"loadState":4,"page":"https://www.tg.no/about","workerid":1}}
{"timestamp":"2024-12-01T21:14:48.749Z","logLevel":"info","context":"pageStatus","message":"Page Finished","details":{"loadState":4,"page":"https://www.tg.no/about/expo","workerid":2}}
{"timestamp":"2024-12-01T21:14:48.763Z","logLevel":"info","context":"worker","message":"Starting page","details":{"workerid":2,"page":"https://www.tg.no/contact"}}
{"timestamp":"2024-12-01T21:14:48.763Z","logLevel":"info","context":"worker","message":"Starting page","details":{"workerid":1,"page":"https://www.tg.no/event/rules"}}
{"timestamp":"2024-12-01T21:14:48.763Z","logLevel":"info","context":"crawlStatus","message":"Crawl statistics","details":{"crawled":4,"total":18,"pending":4,"failed":0,"limit":{"max":0,"hit":false},"pendingPages":["{\"seedId\":0,\"started\":\"2024-12-01T21:14:48.762Z\",\"extraHops\":0,\"url\":\"https:\\/\\/www.tg.no\\/contact\",\"added\":\"2024-12-01T21:14:43.702Z\",\"depth\":1}","{\"seedId\":0,\"started\":\"2024-12-01T21:14:48.762Z\",\"extraHops\":0,\"url\":\"https:\\/\\/www.tg.no\\/event\\/rules\",\"added\":\"2024-12-01T21:14:43.702Z\",\"depth\":1}","{\"seedId\":0,\"started\":\"2024-12-01T21:14:48.637Z\",\"extraHops\":0,\"url\":\"https:\\/\\/www.tg.no\\/competitions\\/esport\",\"added\":\"2024-12-01T21:14:43.701Z\",\"depth\":1}","{\"seedId\":0,\"started\":\"2024-12-01T21:14:43.751Z\",\"extraHops\":0,\"url\":\"https:\\/\\/www.tg.no\\/about\\/sponsor\",\"added\":\"2024-12-01T21:14:43.700Z\",\"depth\":1}"]}}
{"timestamp":"2024-12-01T21:14:48.763Z","logLevel":"info","context":"crawlStatus","message":"Crawl statistics","details":{"crawled":4,"total":18,"pending":4,"failed":0,"limit":{"max":0,"hit":false},"pendingPages":["{\"seedId\":0,\"started\":\"2024-12-01T21:14:48.762Z\",\"extraHops\":0,\"url\":\"https:\\/\\/www.tg.no\\/contact\",\"added\":\"2024-12-01T21:14:43.702Z\",\"depth\":1}","{\"seedId\":0,\"started\":\"2024-12-01T21:14:48.762Z\",\"extraHops\":0,\"url\":\"https:\\/\\/www.tg.no\\/event\\/rules\",\"added\":\"2024-12-01T21:14:43.702Z\",\"depth\":1}","{\"seedId\":0,\"started\":\"2024-12-01T21:14:48.637Z\",\"extraHops\":0,\"url\":\"https:\\/\\/www.tg.no\\/competitions\\/esport\",\"added\":\"2024-12-01T21:14:43.701Z\",\"depth\":1}","{\"seedId\":0,\"started\":\"2024-12-01T21:14:43.751Z\",\"extraHops\":0,\"url\":\"https:\\/\\/www.tg.no\\/about\\/sponsor\",\"added\":\"2024-12-01T21:14:43.700Z\",\"depth\":1}"]}}
{"timestamp":"2024-12-01T21:14:48.801Z","logLevel":"info","context":"general","message":"Awaiting page load","details":{"page":"https://www.tg.no/contact","workerid":2}}
{"timestamp":"2024-12-01T21:14:48.856Z","logLevel":"info","context":"general","message":"Awaiting page load","details":{"page":"https://www.tg.no/event/rules","workerid":1}}
{"timestamp":"2024-12-01T21:14:49.149Z","logLevel":"info","context":"pageStatus","message":"Page Finished","details":{"loadState":4,"page":"https://www.tg.no/about/sponsor","workerid":3}}
{"timestamp":"2024-12-01T21:14:49.152Z","logLevel":"info","context":"worker","message":"Starting page","details":{"workerid":3,"page":"https://www.tg.no/tickets"}}
{"timestamp":"2024-12-01T21:14:49.153Z","logLevel":"info","context":"crawlStatus","message":"Crawl statistics","details":{"crawled":5,"total":18,"pending":4,"failed":0,"limit":{"max":0,"hit":false},"pendingPages":["{\"seedId\":0,\"started\":\"2024-12-01T21:14:48.762Z\",\"extraHops\":0,\"url\":\"https:\\/\\/www.tg.no\\/contact\",\"added\":\"2024-12-01T21:14:43.702Z\",\"depth\":1}","{\"seedId\":0,\"started\":\"2024-12-01T21:14:48.762Z\",\"extraHops\":0,\"url\":\"https:\\/\\/www.tg.no\\/event\\/rules\",\"added\":\"2024-12-01T21:14:43.702Z\",\"depth\":1}","{\"seedId\":0,\"started\":\"2024-12-01T21:14:48.637Z\",\"extraHops\":0,\"url\":\"https:\\/\\/www.tg.no\\/competitions\\/esport\",\"added\":\"2024-12-01T21:14:43.701Z\",\"depth\":1}","{\"seedId\":0,\"started\":\"2024-12-01T21:14:49.152Z\",\"extraHops\":0,\"url\":\"https:\\/\\/www.tg.no\\/tickets\",\"added\":\"2024-12-01T21:14:43.702Z\",\"depth\":1}"]}}
{"timestamp":"2024-12-01T21:14:49.198Z","logLevel":"info","context":"general","message":"Awaiting page load","details":{"page":"https://www.tg.no/tickets","workerid":3}}
{"timestamp":"2024-12-01T21:14:50.396Z","logLevel":"info","context":"behavior","message":"Running behaviors","details":{"frames":1,"frameUrls":["https://www.tg.no/competitions/esport"],"page":"https://www.tg.no/competitions/esport","workerid":0}}
{"timestamp":"2024-12-01T21:14:50.396Z","logLevel":"info","context":"behavior","message":"Run Script Started","details":{"frameUrl":"https://www.tg.no/competitions/esport","page":"https://www.tg.no/competitions/esport","workerid":0}}
{"timestamp":"2024-12-01T21:14:50.407Z","logLevel":"info","context":"behaviorScript","message":"Behavior log","details":{"state":{"segments":1},"msg":"Skipping autoscroll, page seems to not be responsive to scrolling events","page":"https://www.tg.no/competitions/esport","workerid":0}}
{"timestamp":"2024-12-01T21:14:50.408Z","logLevel":"info","context":"behaviorScript","message":"Behavior log","details":{"state":{"segments":1},"msg":"done!","page":"https://www.tg.no/competitions/esport","workerid":0}}
{"timestamp":"2024-12-01T21:14:50.511Z","logLevel":"warn","context":"general","message":"Invalid Page - URL must start with http:// or https://","details":{"url":"mailto:sikkerhet@tg.no","page":"https://www.tg.no/event/rules","workerid":1}}
{"timestamp":"2024-12-01T21:14:50.512Z","logLevel":"warn","context":"general","message":"Invalid Page - URL must start with http:// or https://","details":{"url":"mailto:konstruksjon@tg.no","page":"https://www.tg.no/event/rules","workerid":1}}
{"timestamp":"2024-12-01T21:14:50.519Z","logLevel":"info","context":"behavior","message":"Running behaviors","details":{"frames":1,"frameUrls":["https://www.tg.no/event/rules"],"page":"https://www.tg.no/event/rules","workerid":1}}
{"timestamp":"2024-12-01T21:14:50.519Z","logLevel":"info","context":"behavior","message":"Run Script Started","details":{"frameUrl":"https://www.tg.no/event/rules","page":"https://www.tg.no/event/rules","workerid":1}}
{"timestamp":"2024-12-01T21:14:50.523Z","logLevel":"info","context":"behaviorScript","message":"Behavior log","details":{"state":{"segments":1},"msg":"Skipping autoscroll, page seems to not be responsive to scrolling events","page":"https://www.tg.no/event/rules","workerid":1}}
{"timestamp":"2024-12-01T21:14:50.523Z","logLevel":"info","context":"behaviorScript","message":"Behavior log","details":{"state":{"segments":1},"msg":"done!","page":"https://www.tg.no/event/rules","workerid":1}}
{"timestamp":"2024-12-01T21:14:50.908Z","logLevel":"info","context":"behavior","message":"Run Script Finished","details":{"frameUrl":"https://www.tg.no/competitions/esport","page":"https://www.tg.no/competitions/esport","workerid":0}}
{"timestamp":"2024-12-01T21:14:50.909Z","logLevel":"info","context":"behavior","message":"Behaviors finished","details":{"finished":1,"page":"https://www.tg.no/competitions/esport","workerid":0}}
{"timestamp":"2024-12-01T21:14:50.933Z","logLevel":"info","context":"behavior","message":"Running behaviors","details":{"frames":1,"frameUrls":["https://www.tg.no/tickets"],"page":"https://www.tg.no/tickets","workerid":3}}
{"timestamp":"2024-12-01T21:14:50.934Z","logLevel":"info","context":"behavior","message":"Run Script Started","details":{"frameUrl":"https://www.tg.no/tickets","page":"https://www.tg.no/tickets","workerid":3}}
{"timestamp":"2024-12-01T21:14:50.941Z","logLevel":"info","context":"behaviorScript","message":"Behavior log","details":{"state":{"segments":1},"msg":"Skipping autoscroll, page seems to not be responsive to scrolling events","page":"https://www.tg.no/tickets","workerid":3}}
{"timestamp":"2024-12-01T21:14:50.942Z","logLevel":"info","context":"behaviorScript","message":"Behavior log","details":{"state":{"segments":1},"msg":"done!","page":"https://www.tg.no/tickets","workerid":3}}
{"timestamp":"2024-12-01T21:14:51.026Z","logLevel":"info","context":"behavior","message":"Run Script Finished","details":{"frameUrl":"https://www.tg.no/event/rules","page":"https://www.tg.no/event/rules","workerid":1}}
{"timestamp":"2024-12-01T21:14:51.026Z","logLevel":"info","context":"behavior","message":"Behaviors finished","details":{"finished":1,"page":"https://www.tg.no/event/rules","workerid":1}}
{"timestamp":"2024-12-01T21:14:51.452Z","logLevel":"info","context":"behavior","message":"Run Script Finished","details":{"frameUrl":"https://www.tg.no/tickets","page":"https://www.tg.no/tickets","workerid":3}}
{"timestamp":"2024-12-01T21:14:51.454Z","logLevel":"info","context":"behavior","message":"Behaviors finished","details":{"finished":1,"page":"https://www.tg.no/tickets","workerid":3}}
{"timestamp":"2024-12-01T21:14:51.748Z","logLevel":"warn","context":"general","message":"Invalid Page - URL must start with http:// or https://","details":{"url":"tel:004792088797","page":"https://www.tg.no/contact","workerid":2}}
{"timestamp":"2024-12-01T21:14:51.750Z","logLevel":"warn","context":"general","message":"Invalid Page - URL must start with http:// or https://","details":{"url":"mailto:presse@tg.no","page":"https://www.tg.no/contact","workerid":2}}
{"timestamp":"2024-12-01T21:14:51.764Z","logLevel":"info","context":"behavior","message":"Running behaviors","details":{"frames":1,"frameUrls":["https://www.tg.no/contact"],"page":"https://www.tg.no/contact","workerid":2}}
{"timestamp":"2024-12-01T21:14:51.764Z","logLevel":"info","context":"behavior","message":"Run Script Started","details":{"frameUrl":"https://www.tg.no/contact","page":"https://www.tg.no/contact","workerid":2}}
{"timestamp":"2024-12-01T21:14:51.771Z","logLevel":"info","context":"behaviorScript","message":"Behavior log","details":{"state":{"segments":1},"msg":"Skipping autoscroll, page seems to not be responsive to scrolling events","page":"https://www.tg.no/contact","workerid":2}}
{"timestamp":"2024-12-01T21:14:51.772Z","logLevel":"info","context":"behaviorScript","message":"Behavior log","details":{"state":{"segments":1},"msg":"done!","page":"https://www.tg.no/contact","workerid":2}}
{"timestamp":"2024-12-01T21:14:51.919Z","logLevel":"info","context":"pageStatus","message":"Page Finished","details":{"loadState":4,"page":"https://www.tg.no/competitions/esport","workerid":0}}
{"timestamp":"2024-12-01T21:14:51.931Z","logLevel":"info","context":"worker","message":"Starting page","details":{"workerid":0,"page":"https://www.tg.no/tickets/terms-and-conditions"}}
{"timestamp":"2024-12-01T21:14:51.933Z","logLevel":"info","context":"crawlStatus","message":"Crawl statistics","details":{"crawled":6,"total":18,"pending":4,"failed":0,"limit":{"max":0,"hit":false},"pendingPages":["{\"seedId\":0,\"started\":\"2024-12-01T21:14:48.762Z\",\"extraHops\":0,\"url\":\"https:\\/\\/www.tg.no\\/contact\",\"added\":\"2024-12-01T21:14:43.702Z\",\"depth\":1}","{\"seedId\":0,\"started\":\"2024-12-01T21:14:51.930Z\",\"extraHops\":0,\"url\":\"https:\\/\\/www.tg.no\\/tickets\\/terms-and-conditions\",\"added\":\"2024-12-01T21:14:43.702Z\",\"depth\":1}","{\"seedId\":0,\"started\":\"2024-12-01T21:14:48.762Z\",\"extraHops\":0,\"url\":\"https:\\/\\/www.tg.no\\/event\\/rules\",\"added\":\"2024-12-01T21:14:43.702Z\",\"depth\":1}","{\"seedId\":0,\"started\":\"2024-12-01T21:14:49.152Z\",\"extraHops\":0,\"url\":\"https:\\/\\/www.tg.no\\/tickets\",\"added\":\"2024-12-01T21:14:43.702Z\",\"depth\":1}"]}}
{"timestamp":"2024-12-01T21:14:51.978Z","logLevel":"info","context":"general","message":"Awaiting page load","details":{"page":"https://www.tg.no/tickets/terms-and-conditions","workerid":0}}
{"timestamp":"2024-12-01T21:14:52.042Z","logLevel":"info","context":"pageStatus","message":"Page Finished","details":{"loadState":4,"page":"https://www.tg.no/event/rules","workerid":1}}
{"timestamp":"2024-12-01T21:14:52.048Z","logLevel":"info","context":"worker","message":"Starting page","details":{"workerid":1,"page":"https://www.tg.no/event/construction-rules"}}
{"timestamp":"2024-12-01T21:14:52.050Z","logLevel":"info","context":"crawlStatus","message":"Crawl statistics","details":{"crawled":7,"total":18,"pending":4,"failed":0,"limit":{"max":0,"hit":false},"pendingPages":["{\"seedId\":0,\"started\":\"2024-12-01T21:14:48.762Z\",\"extraHops\":0,\"url\":\"https:\\/\\/www.tg.no\\/contact\",\"added\":\"2024-12-01T21:14:43.702Z\",\"depth\":1}","{\"seedId\":0,\"started\":\"2024-12-01T21:14:52.048Z\",\"extraHops\":0,\"url\":\"https:\\/\\/www.tg.no\\/event\\/construction-rules\",\"added\":\"2024-12-01T21:14:43.703Z\",\"depth\":1}","{\"seedId\":0,\"started\":\"2024-12-01T21:14:51.930Z\",\"extraHops\":0,\"url\":\"https:\\/\\/www.tg.no\\/tickets\\/terms-and-conditions\",\"added\":\"2024-12-01T21:14:43.702Z\",\"depth\":1}","{\"seedId\":0,\"started\":\"2024-12-01T21:14:49.152Z\",\"extraHops\":0,\"url\":\"https:\\/\\/www.tg.no\\/tickets\",\"added\":\"2024-12-01T21:14:43.702Z\",\"depth\":1}"]}}
{"timestamp":"2024-12-01T21:14:52.089Z","logLevel":"info","context":"general","message":"Awaiting page load","details":{"page":"https://www.tg.no/event/construction-rules","workerid":1}}
{"timestamp":"2024-12-01T21:14:52.271Z","logLevel":"info","context":"behavior","message":"Run Script Finished","details":{"frameUrl":"https://www.tg.no/contact","page":"https://www.tg.no/contact","workerid":2}}
{"timestamp":"2024-12-01T21:14:52.272Z","logLevel":"info","context":"behavior","message":"Behaviors finished","details":{"finished":1,"page":"https://www.tg.no/contact","workerid":2}}
{"timestamp":"2024-12-01T21:14:52.464Z","logLevel":"info","context":"pageStatus","message":"Page Finished","details":{"loadState":4,"page":"https://www.tg.no/tickets","workerid":3}}
{"timestamp":"2024-12-01T21:14:52.479Z","logLevel":"info","context":"worker","message":"Starting page","details":{"workerid":3,"page":"https://www.tg.no/news/the-gathering-har-signert-langsiktig-avtale-med-vikingskipet-gir-oss-en-solid-plattform-%C3%A5-bygge-videre-p%C3%A5"}}
{"timestamp":"2024-12-01T21:14:52.483Z","logLevel":"info","context":"crawlStatus","message":"Crawl statistics","details":{"crawled":8,"total":18,"pending":4,"failed":0,"limit":{"max":0,"hit":false},"pendingPages":["{\"seedId\":0,\"started\":\"2024-12-01T21:14:48.762Z\",\"extraHops\":0,\"url\":\"https:\\/\\/www.tg.no\\/contact\",\"added\":\"2024-12-01T21:14:43.702Z\",\"depth\":1}","{\"seedId\":0,\"started\":\"2024-12-01T21:14:52.479Z\",\"extraHops\":0,\"url\":\"https:\\/\\/www.tg.no\\/news\\/the-gathering-har-signert-langsiktig-avtale-med-vikingskipet-gir-oss-en-solid-plattform-%C3%A5-bygge-videre-p%C3%A5\",\"added\":\"2024-12-01T21:14:43.703Z\",\"depth\":1}","{\"seedId\":0,\"started\":\"2024-12-01T21:14:52.048Z\",\"extraHops\":0,\"url\":\"https:\\/\\/www.tg.no\\/event\\/construction-rules\",\"added\":\"2024-12-01T21:14:43.703Z\",\"depth\":1}","{\"seedId\":0,\"started\":\"2024-12-01T21:14:51.930Z\",\"extraHops\":0,\"url\":\"https:\\/\\/www.tg.no\\/tickets\\/terms-and-conditions\",\"added\":\"2024-12-01T21:14:43.702Z\",\"depth\":1}"]}}
{"timestamp":"2024-12-01T21:14:52.655Z","logLevel":"info","context":"general","message":"Awaiting page load","details":{"page":"https://www.tg.no/news/the-gathering-har-signert-langsiktig-avtale-med-vikingskipet-gir-oss-en-solid-plattform-%C3%A5-bygge-videre-p%C3%A5","workerid":3}}
{"timestamp":"2024-12-01T21:14:53.275Z","logLevel":"info","context":"pageStatus","message":"Page Finished","details":{"loadState":4,"page":"https://www.tg.no/contact","workerid":2}}
{"timestamp":"2024-12-01T21:14:53.396Z","logLevel":"info","context":"worker","message":"Starting page","details":{"workerid":2,"page":"https://archive.tg.no/all/*/https://www.tg.no/"}}
{"timestamp":"2024-12-01T21:14:53.397Z","logLevel":"info","context":"crawlStatus","message":"Crawl statistics","details":{"crawled":9,"total":18,"pending":4,"failed":0,"limit":{"max":0,"hit":false},"pendingPages":["{\"seedId\":0,\"started\":\"2024-12-01T21:14:53.290Z\",\"extraHops\":0,\"url\":\"https:\\/\\/archive.tg.no\\/all\\/*\\/https:\\/\\/www.tg.no\\/\",\"added\":\"2024-12-01T21:14:43.704Z\",\"depth\":1}","{\"seedId\":0,\"started\":\"2024-12-01T21:14:52.479Z\",\"extraHops\":0,\"url\":\"https:\\/\\/www.tg.no\\/news\\/the-gathering-har-signert-langsiktig-avtale-med-vikingskipet-gir-oss-en-solid-plattform-%C3%A5-bygge-videre-p%C3%A5\",\"added\":\"2024-12-01T21:14:43.703Z\",\"depth\":1}","{\"seedId\":0,\"started\":\"2024-12-01T21:14:52.048Z\",\"extraHops\":0,\"url\":\"https:\\/\\/www.tg.no\\/event\\/construction-rules\",\"added\":\"2024-12-01T21:14:43.703Z\",\"depth\":1}","{\"seedId\":0,\"started\":\"2024-12-01T21:14:51.930Z\",\"extraHops\":0,\"url\":\"https:\\/\\/www.tg.no\\/tickets\\/terms-and-conditions\",\"added\":\"2024-12-01T21:14:43.702Z\",\"depth\":1}"]}}
{"timestamp":"2024-12-01T21:14:53.556Z","logLevel":"info","context":"general","message":"Awaiting page load","details":{"page":"https://archive.tg.no/all/*/https://www.tg.no/","workerid":2}}
{"timestamp":"2024-12-01T21:14:53.680Z","logLevel":"warn","context":"general","message":"Invalid Page - URL must start with http:// or https://","details":{"url":"mailto:info@tg.no","page":"https://www.tg.no/tickets/terms-and-conditions","workerid":0}}
{"timestamp":"2024-12-01T21:14:53.680Z","logLevel":"warn","context":"general","message":"Invalid Page - URL must start with http:// or https://","details":{"url":"mailto:support@geekevents.no","page":"https://www.tg.no/tickets/terms-and-conditions","workerid":0}}
{"timestamp":"2024-12-01T21:14:53.684Z","logLevel":"info","context":"behavior","message":"Running behaviors","details":{"frames":1,"frameUrls":["https://www.tg.no/tickets/terms-and-conditions"],"page":"https://www.tg.no/tickets/terms-and-conditions","workerid":0}}
{"timestamp":"2024-12-01T21:14:53.684Z","logLevel":"info","context":"behavior","message":"Run Script Started","details":{"frameUrl":"https://www.tg.no/tickets/terms-and-conditions","page":"https://www.tg.no/tickets/terms-and-conditions","workerid":0}}
{"timestamp":"2024-12-01T21:14:53.687Z","logLevel":"info","context":"behaviorScript","message":"Behavior log","details":{"state":{"segments":1},"msg":"Skipping autoscroll, page seems to not be responsive to scrolling events","page":"https://www.tg.no/tickets/terms-and-conditions","workerid":0}}
{"timestamp":"2024-12-01T21:14:53.687Z","logLevel":"info","context":"behaviorScript","message":"Behavior log","details":{"state":{"segments":1},"msg":"done!","page":"https://www.tg.no/tickets/terms-and-conditions","workerid":0}}
{"timestamp":"2024-12-01T21:14:53.744Z","logLevel":"warn","context":"general","message":"Invalid Page - URL must start with http:// or https://","details":{"url":"mailto:konstruksjon@tg.no","page":"https://www.tg.no/event/construction-rules","workerid":1}}
{"timestamp":"2024-12-01T21:14:53.750Z","logLevel":"info","context":"behavior","message":"Running behaviors","details":{"frames":1,"frameUrls":["https://www.tg.no/event/construction-rules"],"page":"https://www.tg.no/event/construction-rules","workerid":1}}
{"timestamp":"2024-12-01T21:14:53.750Z","logLevel":"info","context":"behavior","message":"Run Script Started","details":{"frameUrl":"https://www.tg.no/event/construction-rules","page":"https://www.tg.no/event/construction-rules","workerid":1}}
{"timestamp":"2024-12-01T21:14:53.755Z","logLevel":"info","context":"behaviorScript","message":"Behavior log","details":{"state":{"segments":1},"msg":"Skipping autoscroll, page seems to not be responsive to scrolling events","page":"https://www.tg.no/event/construction-rules","workerid":1}}
{"timestamp":"2024-12-01T21:14:53.755Z","logLevel":"info","context":"behaviorScript","message":"Behavior log","details":{"state":{"segments":1},"msg":"done!","page":"https://www.tg.no/event/construction-rules","workerid":1}}
{"timestamp":"2024-12-01T21:14:54.187Z","logLevel":"info","context":"behavior","message":"Run Script Finished","details":{"frameUrl":"https://www.tg.no/tickets/terms-and-conditions","page":"https://www.tg.no/tickets/terms-and-conditions","workerid":0}}
{"timestamp":"2024-12-01T21:14:54.187Z","logLevel":"info","context":"behavior","message":"Behaviors finished","details":{"finished":1,"page":"https://www.tg.no/tickets/terms-and-conditions","workerid":0}}
{"timestamp":"2024-12-01T21:14:54.254Z","logLevel":"info","context":"behavior","message":"Run Script Finished","details":{"frameUrl":"https://www.tg.no/event/construction-rules","page":"https://www.tg.no/event/construction-rules","workerid":1}}
{"timestamp":"2024-12-01T21:14:54.255Z","logLevel":"info","context":"behavior","message":"Behaviors finished","details":{"finished":1,"page":"https://www.tg.no/event/construction-rules","workerid":1}}
{"timestamp":"2024-12-01T21:14:55.104Z","logLevel":"info","context":"behavior","message":"Running behaviors","details":{"frames":1,"frameUrls":["https://www.tg.no/news/the-gathering-har-signert-langsiktig-avtale-med-vikingskipet-gir-oss-en-solid-plattform-%C3%A5-bygge-videre-p%C3%A5"],"page":"https://www.tg.no/news/the-gathering-har-signert-langsiktig-avtale-med-vikingskipet-gir-oss-en-solid-plattform-%C3%A5-bygge-videre-p%C3%A5","workerid":3}}
{"timestamp":"2024-12-01T21:14:55.104Z","logLevel":"info","context":"behavior","message":"Run Script Started","details":{"frameUrl":"https://www.tg.no/news/the-gathering-har-signert-langsiktig-avtale-med-vikingskipet-gir-oss-en-solid-plattform-%C3%A5-bygge-videre-p%C3%A5","page":"https://www.tg.no/news/the-gathering-har-signert-langsiktig-avtale-med-vikingskipet-gir-oss-en-solid-plattform-%C3%A5-bygge-videre-p%C3%A5","workerid":3}}
{"timestamp":"2024-12-01T21:14:55.113Z","logLevel":"info","context":"behaviorScript","message":"Behavior log","details":{"state":{"segments":1},"msg":"Skipping autoscroll, page seems to not be responsive to scrolling events","page":"https://www.tg.no/news/the-gathering-har-signert-langsiktig-avtale-med-vikingskipet-gir-oss-en-solid-plattform-%C3%A5-bygge-videre-p%C3%A5","workerid":3}}
{"timestamp":"2024-12-01T21:14:55.113Z","logLevel":"info","context":"behaviorScript","message":"Behavior log","details":{"state":{"segments":1},"msg":"done!","page":"https://www.tg.no/news/the-gathering-har-signert-langsiktig-avtale-med-vikingskipet-gir-oss-en-solid-plattform-%C3%A5-bygge-videre-p%C3%A5","workerid":3}}
{"timestamp":"2024-12-01T21:14:55.192Z","logLevel":"info","context":"pageStatus","message":"Page Finished","details":{"loadState":4,"page":"https://www.tg.no/tickets/terms-and-conditions","workerid":0}}
{"timestamp":"2024-12-01T21:14:55.195Z","logLevel":"info","context":"worker","message":"Starting page","details":{"workerid":0,"page":"https://www.tg.no/news/bes%C3%B8k-oss-p%C3%A5-spillexpo"}}
{"timestamp":"2024-12-01T21:14:55.196Z","logLevel":"info","context":"crawlStatus","message":"Crawl statistics","details":{"crawled":10,"total":18,"pending":4,"failed":0,"limit":{"max":0,"hit":false},"pendingPages":["{\"seedId\":0,\"started\":\"2024-12-01T21:14:53.290Z\",\"extraHops\":0,\"url\":\"https:\\/\\/archive.tg.no\\/all\\/*\\/https:\\/\\/www.tg.no\\/\",\"added\":\"2024-12-01T21:14:43.704Z\",\"depth\":1}","{\"seedId\":0,\"started\":\"2024-12-01T21:14:55.195Z\",\"extraHops\":0,\"url\":\"https:\\/\\/www.tg.no\\/news\\/bes%C3%B8k-oss-p%C3%A5-spillexpo\",\"added\":\"2024-12-01T21:14:43.704Z\",\"depth\":1}","{\"seedId\":0,\"started\":\"2024-12-01T21:14:52.479Z\",\"extraHops\":0,\"url\":\"https:\\/\\/www.tg.no\\/news\\/the-gathering-har-signert-langsiktig-avtale-med-vikingskipet-gir-oss-en-solid-plattform-%C3%A5-bygge-videre-p%C3%A5\",\"added\":\"2024-12-01T21:14:43.703Z\",\"depth\":1}","{\"seedId\":0,\"started\":\"2024-12-01T21:14:52.048Z\",\"extraHops\":0,\"url\":\"https:\\/\\/www.tg.no\\/event\\/construction-rules\",\"added\":\"2024-12-01T21:14:43.703Z\",\"depth\":1}"]}}
{"timestamp":"2024-12-01T21:14:55.259Z","logLevel":"info","context":"pageStatus","message":"Page Finished","details":{"loadState":4,"page":"https://www.tg.no/event/construction-rules","workerid":1}}
{"timestamp":"2024-12-01T21:14:55.263Z","logLevel":"info","context":"worker","message":"Starting page","details":{"workerid":1,"page":"https://www.tg.no/news/bli-en-utstiller-tg25"}}
{"timestamp":"2024-12-01T21:14:55.263Z","logLevel":"info","context":"crawlStatus","message":"Crawl statistics","details":{"crawled":11,"total":18,"pending":4,"failed":0,"limit":{"max":0,"hit":false},"pendingPages":["{\"seedId\":0,\"started\":\"2024-12-01T21:14:55.262Z\",\"extraHops\":0,\"url\":\"https:\\/\\/www.tg.no\\/news\\/bli-en-utstiller-tg25\",\"added\":\"2024-12-01T21:14:43.704Z\",\"depth\":1}","{\"seedId\":0,\"started\":\"2024-12-01T21:14:53.290Z\",\"extraHops\":0,\"url\":\"https:\\/\\/archive.tg.no\\/all\\/*\\/https:\\/\\/www.tg.no\\/\",\"added\":\"2024-12-01T21:14:43.704Z\",\"depth\":1}","{\"seedId\":0,\"started\":\"2024-12-01T21:14:55.195Z\",\"extraHops\":0,\"url\":\"https:\\/\\/www.tg.no\\/news\\/bes%C3%B8k-oss-p%C3%A5-spillexpo\",\"added\":\"2024-12-01T21:14:43.704Z\",\"depth\":1}","{\"seedId\":0,\"started\":\"2024-12-01T21:14:52.479Z\",\"extraHops\":0,\"url\":\"https:\\/\\/www.tg.no\\/news\\/the-gathering-har-signert-langsiktig-avtale-med-vikingskipet-gir-oss-en-solid-plattform-%C3%A5-bygge-videre-p%C3%A5\",\"added\":\"2024-12-01T21:14:43.703Z\",\"depth\":1}"]}}
{"timestamp":"2024-12-01T21:14:55.318Z","logLevel":"info","context":"general","message":"Awaiting page load","details":{"page":"https://www.tg.no/news/bes%C3%B8k-oss-p%C3%A5-spillexpo","workerid":0}}
{"timestamp":"2024-12-01T21:14:55.496Z","logLevel":"info","context":"general","message":"Awaiting page load","details":{"page":"https://www.tg.no/news/bli-en-utstiller-tg25","workerid":1}}
{"timestamp":"2024-12-01T21:14:55.613Z","logLevel":"info","context":"behavior","message":"Run Script Finished","details":{"frameUrl":"https://www.tg.no/news/the-gathering-har-signert-langsiktig-avtale-med-vikingskipet-gir-oss-en-solid-plattform-%C3%A5-bygge-videre-p%C3%A5","page":"https://www.tg.no/news/the-gathering-har-signert-langsiktig-avtale-med-vikingskipet-gir-oss-en-solid-plattform-%C3%A5-bygge-videre-p%C3%A5","workerid":3}}
{"timestamp":"2024-12-01T21:14:55.613Z","logLevel":"info","context":"behavior","message":"Behaviors finished","details":{"finished":1,"page":"https://www.tg.no/news/the-gathering-har-signert-langsiktig-avtale-med-vikingskipet-gir-oss-en-solid-plattform-%C3%A5-bygge-videre-p%C3%A5","workerid":3}}
{"timestamp":"2024-12-01T21:14:56.621Z","logLevel":"info","context":"pageStatus","message":"Page Finished","details":{"loadState":4,"page":"https://www.tg.no/news/the-gathering-har-signert-langsiktig-avtale-med-vikingskipet-gir-oss-en-solid-plattform-%C3%A5-bygge-videre-p%C3%A5","workerid":3}}
{"timestamp":"2024-12-01T21:14:56.646Z","logLevel":"info","context":"worker","message":"Starting page","details":{"workerid":3,"page":"https://www.tg.no/news/overnatting-p%C3%A5-the-gathering-forbered-deg-p%C3%A5-en-god-natts-s%C3%B8vn"}}
{"timestamp":"2024-12-01T21:14:56.649Z","logLevel":"info","context":"crawlStatus","message":"Crawl statistics","details":{"crawled":12,"total":18,"pending":4,"failed":0,"limit":{"max":0,"hit":false},"pendingPages":["{\"seedId\":0,\"started\":\"2024-12-01T21:14:55.262Z\",\"extraHops\":0,\"url\":\"https:\\/\\/www.tg.no\\/news\\/bli-en-utstiller-tg25\",\"added\":\"2024-12-01T21:14:43.704Z\",\"depth\":1}","{\"seedId\":0,\"started\":\"2024-12-01T21:14:53.290Z\",\"extraHops\":0,\"url\":\"https:\\/\\/archive.tg.no\\/all\\/*\\/https:\\/\\/www.tg.no\\/\",\"added\":\"2024-12-01T21:14:43.704Z\",\"depth\":1}","{\"seedId\":0,\"started\":\"2024-12-01T21:14:55.195Z\",\"extraHops\":0,\"url\":\"https:\\/\\/www.tg.no\\/news\\/bes%C3%B8k-oss-p%C3%A5-spillexpo\",\"added\":\"2024-12-01T21:14:43.704Z\",\"depth\":1}","{\"seedId\":0,\"started\":\"2024-12-01T21:14:56.645Z\",\"extraHops\":0,\"url\":\"https:\\/\\/www.tg.no\\/news\\/overnatting-p%C3%A5-the-gathering-forbered-deg-p%C3%A5-en-god-natts-s%C3%B8vn\",\"added\":\"2024-12-01T21:14:43.704Z\",\"depth\":1}"]}}
{"timestamp":"2024-12-01T21:14:56.822Z","logLevel":"info","context":"general","message":"Awaiting page load","details":{"page":"https://www.tg.no/news/overnatting-p%C3%A5-the-gathering-forbered-deg-p%C3%A5-en-god-natts-s%C3%B8vn","workerid":3}}
{"timestamp":"2024-12-01T21:14:57.378Z","logLevel":"info","context":"behavior","message":"Running behaviors","details":{"frames":1,"frameUrls":["https://archive.tg.no/all/*/https://www.tg.no/"],"page":"https://archive.tg.no/all/*/https://www.tg.no/","workerid":2}}
{"timestamp":"2024-12-01T21:14:57.378Z","logLevel":"info","context":"behavior","message":"Run Script Started","details":{"frameUrl":"https://archive.tg.no/all/*/https://www.tg.no/","page":"https://archive.tg.no/all/*/https://www.tg.no/","workerid":2}}
{"timestamp":"2024-12-01T21:14:57.394Z","logLevel":"info","context":"behaviorScript","message":"Behavior log","details":{"state":{"segments":1},"msg":"Skipping autoscroll, page seems to not be responsive to scrolling events","page":"https://archive.tg.no/all/*/https://www.tg.no/","workerid":2}}
{"timestamp":"2024-12-01T21:14:57.394Z","logLevel":"info","context":"behaviorScript","message":"Behavior log","details":{"state":{"segments":1},"msg":"done!","page":"https://archive.tg.no/all/*/https://www.tg.no/","workerid":2}}
{"timestamp":"2024-12-01T21:14:57.661Z","logLevel":"warn","context":"general","message":"Invalid Page - URL must start with http:// or https://","details":{"url":"mailto:expo@tg.no?subject=Utstiller%20p%C3%A5%20TG25","page":"https://www.tg.no/news/bli-en-utstiller-tg25","workerid":1}}
{"timestamp":"2024-12-01T21:14:57.665Z","logLevel":"info","context":"behavior","message":"Running behaviors","details":{"frames":1,"frameUrls":["https://www.tg.no/news/bli-en-utstiller-tg25"],"page":"https://www.tg.no/news/bli-en-utstiller-tg25","workerid":1}}
{"timestamp":"2024-12-01T21:14:57.665Z","logLevel":"info","context":"behavior","message":"Run Script Started","details":{"frameUrl":"https://www.tg.no/news/bli-en-utstiller-tg25","page":"https://www.tg.no/news/bli-en-utstiller-tg25","workerid":1}}
{"timestamp":"2024-12-01T21:14:57.669Z","logLevel":"info","context":"behaviorScript","message":"Behavior log","details":{"state":{"segments":1},"msg":"Skipping autoscroll, page seems to not be responsive to scrolling events","page":"https://www.tg.no/news/bli-en-utstiller-tg25","workerid":1}}
{"timestamp":"2024-12-01T21:14:57.669Z","logLevel":"info","context":"behaviorScript","message":"Behavior log","details":{"state":{"segments":1},"msg":"done!","page":"https://www.tg.no/news/bli-en-utstiller-tg25","workerid":1}}
{"timestamp":"2024-12-01T21:14:57.746Z","logLevel":"info","context":"behavior","message":"Running behaviors","details":{"frames":1,"frameUrls":["https://www.tg.no/news/bes%C3%B8k-oss-p%C3%A5-spillexpo"],"page":"https://www.tg.no/news/bes%C3%B8k-oss-p%C3%A5-spillexpo","workerid":0}}
{"timestamp":"2024-12-01T21:14:57.746Z","logLevel":"info","context":"behavior","message":"Run Script Started","details":{"frameUrl":"https://www.tg.no/news/bes%C3%B8k-oss-p%C3%A5-spillexpo","page":"https://www.tg.no/news/bes%C3%B8k-oss-p%C3%A5-spillexpo","workerid":0}}
{"timestamp":"2024-12-01T21:14:57.751Z","logLevel":"info","context":"behaviorScript","message":"Behavior log","details":{"state":{"segments":1},"msg":"Skipping autoscroll, page seems to not be responsive to scrolling events","page":"https://www.tg.no/news/bes%C3%B8k-oss-p%C3%A5-spillexpo","workerid":0}}
{"timestamp":"2024-12-01T21:14:57.751Z","logLevel":"info","context":"behaviorScript","message":"Behavior log","details":{"state":{"segments":1},"msg":"done!","page":"https://www.tg.no/news/bes%C3%B8k-oss-p%C3%A5-spillexpo","workerid":0}}
{"timestamp":"2024-12-01T21:14:57.895Z","logLevel":"info","context":"behavior","message":"Run Script Finished","details":{"frameUrl":"https://archive.tg.no/all/*/https://www.tg.no/","page":"https://archive.tg.no/all/*/https://www.tg.no/","workerid":2}}
{"timestamp":"2024-12-01T21:14:57.895Z","logLevel":"info","context":"behavior","message":"Behaviors finished","details":{"finished":1,"page":"https://archive.tg.no/all/*/https://www.tg.no/","workerid":2}}
{"timestamp":"2024-12-01T21:14:58.169Z","logLevel":"info","context":"behavior","message":"Run Script Finished","details":{"frameUrl":"https://www.tg.no/news/bli-en-utstiller-tg25","page":"https://www.tg.no/news/bli-en-utstiller-tg25","workerid":1}}
{"timestamp":"2024-12-01T21:14:58.169Z","logLevel":"info","context":"behavior","message":"Behaviors finished","details":{"finished":1,"page":"https://www.tg.no/news/bli-en-utstiller-tg25","workerid":1}}
{"timestamp":"2024-12-01T21:14:58.251Z","logLevel":"info","context":"behavior","message":"Run Script Finished","details":{"frameUrl":"https://www.tg.no/news/bes%C3%B8k-oss-p%C3%A5-spillexpo","page":"https://www.tg.no/news/bes%C3%B8k-oss-p%C3%A5-spillexpo","workerid":0}}
{"timestamp":"2024-12-01T21:14:58.251Z","logLevel":"info","context":"behavior","message":"Behaviors finished","details":{"finished":1,"page":"https://www.tg.no/news/bes%C3%B8k-oss-p%C3%A5-spillexpo","workerid":0}}
{"timestamp":"2024-12-01T21:14:59.180Z","logLevel":"info","context":"pageStatus","message":"Page Finished","details":{"loadState":4,"page":"https://www.tg.no/news/bli-en-utstiller-tg25","workerid":1}}
{"timestamp":"2024-12-01T21:14:59.205Z","logLevel":"info","context":"worker","message":"Starting page","details":{"workerid":1,"page":"https://www.tg.no/news/the-gathering-2025-billettsalget-er-n%C3%A5-i-gang"}}
{"timestamp":"2024-12-01T21:14:59.214Z","logLevel":"info","context":"behavior","message":"Running behaviors","details":{"frames":1,"frameUrls":["https://www.tg.no/news/overnatting-p%C3%A5-the-gathering-forbered-deg-p%C3%A5-en-god-natts-s%C3%B8vn"],"page":"https://www.tg.no/news/overnatting-p%C3%A5-the-gathering-forbered-deg-p%C3%A5-en-god-natts-s%C3%B8vn","workerid":3}}
{"timestamp":"2024-12-01T21:14:59.214Z","logLevel":"info","context":"behavior","message":"Run Script Started","details":{"frameUrl":"https://www.tg.no/news/overnatting-p%C3%A5-the-gathering-forbered-deg-p%C3%A5-en-god-natts-s%C3%B8vn","page":"https://www.tg.no/news/overnatting-p%C3%A5-the-gathering-forbered-deg-p%C3%A5-en-god-natts-s%C3%B8vn","workerid":3}}
{"timestamp":"2024-12-01T21:14:59.215Z","logLevel":"info","context":"crawlStatus","message":"Crawl statistics","details":{"crawled":13,"total":18,"pending":4,"failed":0,"limit":{"max":0,"hit":false},"pendingPages":["{\"seedId\":0,\"started\":\"2024-12-01T21:14:59.203Z\",\"extraHops\":0,\"url\":\"https:\\/\\/www.tg.no\\/news\\/the-gathering-2025-billettsalget-er-n%C3%A5-i-gang\",\"added\":\"2024-12-01T21:14:43.704Z\",\"depth\":1}","{\"seedId\":0,\"started\":\"2024-12-01T21:14:53.290Z\",\"extraHops\":0,\"url\":\"https:\\/\\/archive.tg.no\\/all\\/*\\/https:\\/\\/www.tg.no\\/\",\"added\":\"2024-12-01T21:14:43.704Z\",\"depth\":1}","{\"seedId\":0,\"started\":\"2024-12-01T21:14:55.195Z\",\"extraHops\":0,\"url\":\"https:\\/\\/www.tg.no\\/news\\/bes%C3%B8k-oss-p%C3%A5-spillexpo\",\"added\":\"2024-12-01T21:14:43.704Z\",\"depth\":1}","{\"seedId\":0,\"started\":\"2024-12-01T21:14:56.645Z\",\"extraHops\":0,\"url\":\"https:\\/\\/www.tg.no\\/news\\/overnatting-p%C3%A5-the-gathering-forbered-deg-p%C3%A5-en-god-natts-s%C3%B8vn\",\"added\":\"2024-12-01T21:14:43.704Z\",\"depth\":1}"]}}
{"timestamp":"2024-12-01T21:14:59.228Z","logLevel":"info","context":"behaviorScript","message":"Behavior log","details":{"state":{"segments":1},"msg":"Skipping autoscroll, page seems to not be responsive to scrolling events","page":"https://www.tg.no/news/overnatting-p%C3%A5-the-gathering-forbered-deg-p%C3%A5-en-god-natts-s%C3%B8vn","workerid":3}}
{"timestamp":"2024-12-01T21:14:59.228Z","logLevel":"info","context":"behaviorScript","message":"Behavior log","details":{"state":{"segments":1},"msg":"done!","page":"https://www.tg.no/news/overnatting-p%C3%A5-the-gathering-forbered-deg-p%C3%A5-en-god-natts-s%C3%B8vn","workerid":3}}
{"timestamp":"2024-12-01T21:14:59.257Z","logLevel":"info","context":"pageStatus","message":"Page Finished","details":{"loadState":4,"page":"https://www.tg.no/news/bes%C3%B8k-oss-p%C3%A5-spillexpo","workerid":0}}
{"timestamp":"2024-12-01T21:14:59.349Z","logLevel":"info","context":"worker","message":"Starting page","details":{"workerid":0,"page":"https://www.tg.no/news/the-gathering-st%C3%B8tter-%C3%A5rets-tv-aksjon-til-barnekreftforeningen"}}
{"timestamp":"2024-12-01T21:14:59.350Z","logLevel":"info","context":"crawlStatus","message":"Crawl statistics","details":{"crawled":14,"total":18,"pending":4,"failed":0,"limit":{"max":0,"hit":false},"pendingPages":["{\"seedId\":0,\"started\":\"2024-12-01T21:14:59.203Z\",\"extraHops\":0,\"url\":\"https:\\/\\/www.tg.no\\/news\\/the-gathering-2025-billettsalget-er-n%C3%A5-i-gang\",\"added\":\"2024-12-01T21:14:43.704Z\",\"depth\":1}","{\"seedId\":0,\"started\":\"2024-12-01T21:14:53.290Z\",\"extraHops\":0,\"url\":\"https:\\/\\/archive.tg.no\\/all\\/*\\/https:\\/\\/www.tg.no\\/\",\"added\":\"2024-12-01T21:14:43.704Z\",\"depth\":1}","{\"seedId\":0,\"started\":\"2024-12-01T21:14:59.260Z\",\"extraHops\":0,\"url\":\"https:\\/\\/www.tg.no\\/news\\/the-gathering-st%C3%B8tter-%C3%A5rets-tv-aksjon-til-barnekreftforeningen\",\"added\":\"2024-12-01T21:14:43.704Z\",\"depth\":1}","{\"seedId\":0,\"started\":\"2024-12-01T21:14:56.645Z\",\"extraHops\":0,\"url\":\"https:\\/\\/www.tg.no\\/news\\/overnatting-p%C3%A5-the-gathering-forbered-deg-p%C3%A5-en-god-natts-s%C3%B8vn\",\"added\":\"2024-12-01T21:14:43.704Z\",\"depth\":1}"]}}
{"timestamp":"2024-12-01T21:14:59.389Z","logLevel":"info","context":"general","message":"Awaiting page load","details":{"page":"https://www.tg.no/news/the-gathering-2025-billettsalget-er-n%C3%A5-i-gang","workerid":1}}
{"timestamp":"2024-12-01T21:14:59.588Z","logLevel":"info","context":"general","message":"Awaiting page load","details":{"page":"https://www.tg.no/news/the-gathering-st%C3%B8tter-%C3%A5rets-tv-aksjon-til-barnekreftforeningen","workerid":0}}
{"timestamp":"2024-12-01T21:14:59.725Z","logLevel":"info","context":"behavior","message":"Run Script Finished","details":{"frameUrl":"https://www.tg.no/news/overnatting-p%C3%A5-the-gathering-forbered-deg-p%C3%A5-en-god-natts-s%C3%B8vn","page":"https://www.tg.no/news/overnatting-p%C3%A5-the-gathering-forbered-deg-p%C3%A5-en-god-natts-s%C3%B8vn","workerid":3}}
{"timestamp":"2024-12-01T21:14:59.725Z","logLevel":"info","context":"behavior","message":"Behaviors finished","details":{"finished":1,"page":"https://www.tg.no/news/overnatting-p%C3%A5-the-gathering-forbered-deg-p%C3%A5-en-god-natts-s%C3%B8vn","workerid":3}}
{"timestamp":"2024-12-01T21:15:00.401Z","logLevel":"info","context":"pageStatus","message":"Page Finished","details":{"loadState":4,"page":"https://archive.tg.no/all/*/https://www.tg.no/","workerid":2}}
{"timestamp":"2024-12-01T21:15:00.727Z","logLevel":"info","context":"pageStatus","message":"Page Finished","details":{"loadState":4,"page":"https://www.tg.no/news/overnatting-p%C3%A5-the-gathering-forbered-deg-p%C3%A5-en-god-natts-s%C3%B8vn","workerid":3}}
{"timestamp":"2024-12-01T21:15:01.664Z","logLevel":"info","context":"behavior","message":"Running behaviors","details":{"frames":1,"frameUrls":["https://www.tg.no/news/the-gathering-st%C3%B8tter-%C3%A5rets-tv-aksjon-til-barnekreftforeningen"],"page":"https://www.tg.no/news/the-gathering-st%C3%B8tter-%C3%A5rets-tv-aksjon-til-barnekreftforeningen","workerid":0}}
{"timestamp":"2024-12-01T21:15:01.665Z","logLevel":"info","context":"behavior","message":"Run Script Started","details":{"frameUrl":"https://www.tg.no/news/the-gathering-st%C3%B8tter-%C3%A5rets-tv-aksjon-til-barnekreftforeningen","page":"https://www.tg.no/news/the-gathering-st%C3%B8tter-%C3%A5rets-tv-aksjon-til-barnekreftforeningen","workerid":0}}
{"timestamp":"2024-12-01T21:15:01.675Z","logLevel":"info","context":"behaviorScript","message":"Behavior log","details":{"state":{"segments":1},"msg":"Skipping autoscroll, page seems to not be responsive to scrolling events","page":"https://www.tg.no/news/the-gathering-st%C3%B8tter-%C3%A5rets-tv-aksjon-til-barnekreftforeningen","workerid":0}}
{"timestamp":"2024-12-01T21:15:01.675Z","logLevel":"info","context":"behaviorScript","message":"Behavior log","details":{"state":{"segments":1},"msg":"done!","page":"https://www.tg.no/news/the-gathering-st%C3%B8tter-%C3%A5rets-tv-aksjon-til-barnekreftforeningen","workerid":0}}
{"timestamp":"2024-12-01T21:15:02.177Z","logLevel":"info","context":"behavior","message":"Run Script Finished","details":{"frameUrl":"https://www.tg.no/news/the-gathering-st%C3%B8tter-%C3%A5rets-tv-aksjon-til-barnekreftforeningen","page":"https://www.tg.no/news/the-gathering-st%C3%B8tter-%C3%A5rets-tv-aksjon-til-barnekreftforeningen","workerid":0}}
{"timestamp":"2024-12-01T21:15:02.177Z","logLevel":"info","context":"behavior","message":"Behaviors finished","details":{"finished":1,"page":"https://www.tg.no/news/the-gathering-st%C3%B8tter-%C3%A5rets-tv-aksjon-til-barnekreftforeningen","workerid":0}}
{"timestamp":"2024-12-01T21:15:03.115Z","logLevel":"info","context":"behavior","message":"Running behaviors","details":{"frames":1,"frameUrls":["https://www.tg.no/news/the-gathering-2025-billettsalget-er-n%C3%A5-i-gang"],"page":"https://www.tg.no/news/the-gathering-2025-billettsalget-er-n%C3%A5-i-gang","workerid":1}}
{"timestamp":"2024-12-01T21:15:03.115Z","logLevel":"info","context":"behavior","message":"Run Script Started","details":{"frameUrl":"https://www.tg.no/news/the-gathering-2025-billettsalget-er-n%C3%A5-i-gang","page":"https://www.tg.no/news/the-gathering-2025-billettsalget-er-n%C3%A5-i-gang","workerid":1}}
{"timestamp":"2024-12-01T21:15:03.125Z","logLevel":"info","context":"behaviorScript","message":"Behavior log","details":{"state":{"segments":1},"msg":"Skipping autoscroll, page seems to not be responsive to scrolling events","page":"https://www.tg.no/news/the-gathering-2025-billettsalget-er-n%C3%A5-i-gang","workerid":1}}
{"timestamp":"2024-12-01T21:15:03.126Z","logLevel":"info","context":"behaviorScript","message":"Behavior log","details":{"state":{"segments":1},"msg":"done!","page":"https://www.tg.no/news/the-gathering-2025-billettsalget-er-n%C3%A5-i-gang","workerid":1}}
{"timestamp":"2024-12-01T21:15:03.180Z","logLevel":"info","context":"pageStatus","message":"Page Finished","details":{"loadState":4,"page":"https://www.tg.no/news/the-gathering-st%C3%B8tter-%C3%A5rets-tv-aksjon-til-barnekreftforeningen","workerid":0}}
{"timestamp":"2024-12-01T21:15:03.798Z","logLevel":"info","context":"behavior","message":"Run Script Finished","details":{"frameUrl":"https://www.tg.no/news/the-gathering-2025-billettsalget-er-n%C3%A5-i-gang","page":"https://www.tg.no/news/the-gathering-2025-billettsalget-er-n%C3%A5-i-gang","workerid":1}}
{"timestamp":"2024-12-01T21:15:03.798Z","logLevel":"info","context":"behavior","message":"Behaviors finished","details":{"finished":1,"page":"https://www.tg.no/news/the-gathering-2025-billettsalget-er-n%C3%A5-i-gang","workerid":1}}
{"timestamp":"2024-12-01T21:15:04.803Z","logLevel":"info","context":"pageStatus","message":"Page Finished","details":{"loadState":4,"page":"https://www.tg.no/news/the-gathering-2025-billettsalget-er-n%C3%A5-i-gang","workerid":1}}
{"timestamp":"2024-12-01T21:15:04.818Z","logLevel":"info","context":"worker","message":"Worker done, all tasks complete","details":{"workerid":1}}
{"timestamp":"2024-12-01T21:15:04.828Z","logLevel":"info","context":"worker","message":"Worker done, all tasks complete","details":{"workerid":3}}
{"timestamp":"2024-12-01T21:15:04.989Z","logLevel":"info","context":"worker","message":"Worker done, all tasks complete","details":{"workerid":2}}
{"timestamp":"2024-12-01T21:15:05.214Z","logLevel":"info","context":"worker","message":"Worker done, all tasks complete","details":{"workerid":0}}
{"timestamp":"2024-12-01T21:15:05.362Z","logLevel":"info","context":"general","message":"Saving crawl state to: /crawls/collections/tgno/crawls/crawl-20241201211505-bf5ebfa2169e.yaml","details":{}}
{"timestamp":"2024-12-01T21:15:05.364Z","logLevel":"info","context":"crawlStatus","message":"Crawl statistics","details":{"crawled":18,"total":18,"pending":0,"failed":0,"limit":{"max":0,"hit":false},"pendingPages":[]}}
{"timestamp":"2024-12-01T21:15:05.365Z","logLevel":"info","context":"general","message":"Crawling done","details":{}}
{"timestamp":"2024-12-01T21:15:05.365Z","logLevel":"info","context":"general","message":"Merging CDX","details":{}}
{"timestamp":"2024-12-01T21:15:05.379Z","logLevel":"info","context":"general","message":"Exiting, Crawl status: done","details":{}}
