{"timestamp":"2024-10-31T19:01:32.603Z","logLevel":"info","context":"general","message":"Browsertrix-Crawler 1.3.3 (with warcio.js 2.3.1)","details":{}}
{"timestamp":"2024-10-31T19:01:32.604Z","logLevel":"info","context":"general","message":"Seeds","details":[{"url":"https://www.tg.no/","scopeType":"custom","include":["/www.tg.no/"],"exclude":[],"allowHash":false,"depth":-1,"sitemap":null,"auth":null,"_authEncoded":null,"maxExtraHops":0,"maxDepth":1000000,"_includeStr":["www.tg.no"]}]}
{"timestamp":"2024-10-31T19:01:32.604Z","logLevel":"info","context":"general","message":"Behavior Options","details":{"message":"{\"autoscroll\":true,\"autoplay\":true,\"autofetch\":true,\"siteSpecific\":true,\"log\":\"__bx_log\",\"startEarly\":true}"}}
{"timestamp":"2024-10-31T19:01:32.980Z","logLevel":"info","context":"worker","message":"Creating 4 workers","details":{}}
{"timestamp":"2024-10-31T19:01:32.981Z","logLevel":"info","context":"worker","message":"Worker starting","details":{"workerid":0}}
{"timestamp":"2024-10-31T19:01:32.981Z","logLevel":"info","context":"worker","message":"Worker starting","details":{"workerid":1}}
{"timestamp":"2024-10-31T19:01:32.981Z","logLevel":"info","context":"worker","message":"Worker starting","details":{"workerid":2}}
{"timestamp":"2024-10-31T19:01:32.981Z","logLevel":"info","context":"worker","message":"Worker starting","details":{"workerid":3}}
{"timestamp":"2024-10-31T19:01:33.509Z","logLevel":"info","context":"worker","message":"Starting page","details":{"workerid":0,"page":"https://www.tg.no/"}}
{"timestamp":"2024-10-31T19:01:33.510Z","logLevel":"info","context":"crawlStatus","message":"Crawl statistics","details":{"crawled":0,"total":1,"pending":1,"failed":0,"limit":{"max":0,"hit":false},"pendingPages":["{\"seedId\":0,\"started\":\"2024-10-31T19:01:32.987Z\",\"extraHops\":0,\"url\":\"https:\\/\\/www.tg.no\\/\",\"added\":\"2024-10-31T19:01:32.649Z\",\"depth\":0}"]}}
{"timestamp":"2024-10-31T19:01:33.722Z","logLevel":"info","context":"general","message":"Awaiting page load","details":{"page":"https://www.tg.no/","workerid":0}}
{"timestamp":"2024-10-31T19:01:33.991Z","logLevel":"warn","context":"recorder","message":"Request failed","details":{"url":"https://matomo.gathering.org/matomo.js","errorText":"net::ERR_BLOCKED_BY_CLIENT.Inspector","page":"https://www.tg.no/","workerid":0}}
{"timestamp":"2024-10-31T19:01:36.064Z","logLevel":"info","context":"behavior","message":"Running behaviors","details":{"frames":1,"frameUrls":["https://www.tg.no/"],"page":"https://www.tg.no/","workerid":0}}
{"timestamp":"2024-10-31T19:01:36.064Z","logLevel":"info","context":"behavior","message":"Run Script Started","details":{"frameUrl":"https://www.tg.no/","page":"https://www.tg.no/","workerid":0}}
{"timestamp":"2024-10-31T19:01:36.074Z","logLevel":"info","context":"behaviorScript","message":"Behavior log","details":{"state":{"segments":1},"msg":"Skipping autoscroll, page seems to not be responsive to scrolling events","page":"https://www.tg.no/","workerid":0}}
{"timestamp":"2024-10-31T19:01:36.074Z","logLevel":"info","context":"behaviorScript","message":"Behavior log","details":{"state":{"segments":1},"msg":"done!","page":"https://www.tg.no/","workerid":0}}
{"timestamp":"2024-10-31T19:01:36.697Z","logLevel":"info","context":"behavior","message":"Run Script Finished","details":{"frameUrl":"https://www.tg.no/","page":"https://www.tg.no/","workerid":0}}
{"timestamp":"2024-10-31T19:01:36.699Z","logLevel":"info","context":"behavior","message":"Behaviors finished","details":{"finished":1,"page":"https://www.tg.no/","workerid":0}}
{"timestamp":"2024-10-31T19:01:36.787Z","logLevel":"info","context":"worker","message":"Starting page","details":{"workerid":3,"page":"https://www.tg.no/contact"}}
{"timestamp":"2024-10-31T19:01:36.787Z","logLevel":"info","context":"worker","message":"Starting page","details":{"workerid":1,"page":"https://www.tg.no/competitions/creative"}}
{"timestamp":"2024-10-31T19:01:36.787Z","logLevel":"info","context":"worker","message":"Starting page","details":{"workerid":2,"page":"https://www.tg.no/competitions/esport"}}
{"timestamp":"2024-10-31T19:01:36.788Z","logLevel":"info","context":"crawlStatus","message":"Crawl statistics","details":{"crawled":0,"total":11,"pending":4,"failed":0,"limit":{"max":0,"hit":false},"pendingPages":["{\"seedId\":0,\"started\":\"2024-10-31T19:01:36.517Z\",\"extraHops\":0,\"url\":\"https:\\/\\/www.tg.no\\/competitions\\/esport\",\"added\":\"2024-10-31T19:01:36.054Z\",\"depth\":1}","{\"seedId\":0,\"started\":\"2024-10-31T19:01:32.987Z\",\"extraHops\":0,\"url\":\"https:\\/\\/www.tg.no\\/\",\"added\":\"2024-10-31T19:01:32.649Z\",\"depth\":0}","{\"seedId\":0,\"started\":\"2024-10-31T19:01:36.517Z\",\"extraHops\":0,\"url\":\"https:\\/\\/www.tg.no\\/competitions\\/creative\",\"added\":\"2024-10-31T19:01:36.054Z\",\"depth\":1}","{\"seedId\":0,\"started\":\"2024-10-31T19:01:36.517Z\",\"extraHops\":0,\"url\":\"https:\\/\\/www.tg.no\\/contact\",\"added\":\"2024-10-31T19:01:36.054Z\",\"depth\":1}"]}}
{"timestamp":"2024-10-31T19:01:36.788Z","logLevel":"info","context":"crawlStatus","message":"Crawl statistics","details":{"crawled":0,"total":11,"pending":4,"failed":0,"limit":{"max":0,"hit":false},"pendingPages":["{\"seedId\":0,\"started\":\"2024-10-31T19:01:36.517Z\",\"extraHops\":0,\"url\":\"https:\\/\\/www.tg.no\\/competitions\\/esport\",\"added\":\"2024-10-31T19:01:36.054Z\",\"depth\":1}","{\"seedId\":0,\"started\":\"2024-10-31T19:01:32.987Z\",\"extraHops\":0,\"url\":\"https:\\/\\/www.tg.no\\/\",\"added\":\"2024-10-31T19:01:32.649Z\",\"depth\":0}","{\"seedId\":0,\"started\":\"2024-10-31T19:01:36.517Z\",\"extraHops\":0,\"url\":\"https:\\/\\/www.tg.no\\/competitions\\/creative\",\"added\":\"2024-10-31T19:01:36.054Z\",\"depth\":1}","{\"seedId\":0,\"started\":\"2024-10-31T19:01:36.517Z\",\"extraHops\":0,\"url\":\"https:\\/\\/www.tg.no\\/contact\",\"added\":\"2024-10-31T19:01:36.054Z\",\"depth\":1}"]}}
{"timestamp":"2024-10-31T19:01:36.788Z","logLevel":"info","context":"crawlStatus","message":"Crawl statistics","details":{"crawled":0,"total":11,"pending":4,"failed":0,"limit":{"max":0,"hit":false},"pendingPages":["{\"seedId\":0,\"started\":\"2024-10-31T19:01:36.517Z\",\"extraHops\":0,\"url\":\"https:\\/\\/www.tg.no\\/competitions\\/esport\",\"added\":\"2024-10-31T19:01:36.054Z\",\"depth\":1}","{\"seedId\":0,\"started\":\"2024-10-31T19:01:32.987Z\",\"extraHops\":0,\"url\":\"https:\\/\\/www.tg.no\\/\",\"added\":\"2024-10-31T19:01:32.649Z\",\"depth\":0}","{\"seedId\":0,\"started\":\"2024-10-31T19:01:36.517Z\",\"extraHops\":0,\"url\":\"https:\\/\\/www.tg.no\\/competitions\\/creative\",\"added\":\"2024-10-31T19:01:36.054Z\",\"depth\":1}","{\"seedId\":0,\"started\":\"2024-10-31T19:01:36.517Z\",\"extraHops\":0,\"url\":\"https:\\/\\/www.tg.no\\/contact\",\"added\":\"2024-10-31T19:01:36.054Z\",\"depth\":1}"]}}
{"timestamp":"2024-10-31T19:01:36.820Z","logLevel":"info","context":"general","message":"Awaiting page load","details":{"page":"https://www.tg.no/contact","workerid":3}}
{"timestamp":"2024-10-31T19:01:36.868Z","logLevel":"info","context":"general","message":"Awaiting page load","details":{"page":"https://www.tg.no/competitions/esport","workerid":2}}
{"timestamp":"2024-10-31T19:01:36.880Z","logLevel":"info","context":"general","message":"Awaiting page load","details":{"page":"https://www.tg.no/competitions/creative","workerid":1}}
{"timestamp":"2024-10-31T19:01:37.702Z","logLevel":"info","context":"pageStatus","message":"Page Finished","details":{"loadState":4,"page":"https://www.tg.no/","workerid":0}}
{"timestamp":"2024-10-31T19:01:37.707Z","logLevel":"info","context":"general","message":"Saving crawl state to: /crawls/collections/tgno/crawls/crawl-20241031190137-eb12535bec73.yaml","details":{}}
{"timestamp":"2024-10-31T19:01:37.710Z","logLevel":"info","context":"worker","message":"Starting page","details":{"workerid":0,"page":"https://www.tg.no/tickets"}}
{"timestamp":"2024-10-31T19:01:37.711Z","logLevel":"info","context":"crawlStatus","message":"Crawl statistics","details":{"crawled":1,"total":11,"pending":4,"failed":0,"limit":{"max":0,"hit":false},"pendingPages":["{\"seedId\":0,\"started\":\"2024-10-31T19:01:36.517Z\",\"extraHops\":0,\"url\":\"https:\\/\\/www.tg.no\\/competitions\\/esport\",\"added\":\"2024-10-31T19:01:36.054Z\",\"depth\":1}","{\"seedId\":0,\"started\":\"2024-10-31T19:01:36.517Z\",\"extraHops\":0,\"url\":\"https:\\/\\/www.tg.no\\/competitions\\/creative\",\"added\":\"2024-10-31T19:01:36.054Z\",\"depth\":1}","{\"seedId\":0,\"started\":\"2024-10-31T19:01:37.710Z\",\"extraHops\":0,\"url\":\"https:\\/\\/www.tg.no\\/tickets\",\"added\":\"2024-10-31T19:01:36.054Z\",\"depth\":1}","{\"seedId\":0,\"started\":\"2024-10-31T19:01:36.517Z\",\"extraHops\":0,\"url\":\"https:\\/\\/www.tg.no\\/contact\",\"added\":\"2024-10-31T19:01:36.054Z\",\"depth\":1}"]}}
{"timestamp":"2024-10-31T19:01:37.742Z","logLevel":"info","context":"general","message":"Awaiting page load","details":{"page":"https://www.tg.no/tickets","workerid":0}}
{"timestamp":"2024-10-31T19:01:38.625Z","logLevel":"info","context":"behavior","message":"Running behaviors","details":{"frames":1,"frameUrls":["https://www.tg.no/competitions/esport"],"page":"https://www.tg.no/competitions/esport","workerid":2}}
{"timestamp":"2024-10-31T19:01:38.625Z","logLevel":"info","context":"behavior","message":"Run Script Started","details":{"frameUrl":"https://www.tg.no/competitions/esport","page":"https://www.tg.no/competitions/esport","workerid":2}}
{"timestamp":"2024-10-31T19:01:38.631Z","logLevel":"info","context":"behaviorScript","message":"Behavior log","details":{"state":{"segments":1},"msg":"Skipping autoscroll, page seems to not be responsive to scrolling events","page":"https://www.tg.no/competitions/esport","workerid":2}}
{"timestamp":"2024-10-31T19:01:38.632Z","logLevel":"info","context":"behaviorScript","message":"Behavior log","details":{"state":{"segments":1},"msg":"done!","page":"https://www.tg.no/competitions/esport","workerid":2}}
{"timestamp":"2024-10-31T19:01:38.666Z","logLevel":"info","context":"behavior","message":"Running behaviors","details":{"frames":1,"frameUrls":["https://www.tg.no/competitions/creative"],"page":"https://www.tg.no/competitions/creative","workerid":1}}
{"timestamp":"2024-10-31T19:01:38.666Z","logLevel":"info","context":"behavior","message":"Run Script Started","details":{"frameUrl":"https://www.tg.no/competitions/creative","page":"https://www.tg.no/competitions/creative","workerid":1}}
{"timestamp":"2024-10-31T19:01:38.676Z","logLevel":"info","context":"behaviorScript","message":"Behavior log","details":{"state":{"segments":1},"msg":"Skipping autoscroll, page seems to not be responsive to scrolling events","page":"https://www.tg.no/competitions/creative","workerid":1}}
{"timestamp":"2024-10-31T19:01:38.676Z","logLevel":"info","context":"behaviorScript","message":"Behavior log","details":{"state":{"segments":1},"msg":"done!","page":"https://www.tg.no/competitions/creative","workerid":1}}
{"timestamp":"2024-10-31T19:01:38.879Z","logLevel":"info","context":"behavior","message":"Running behaviors","details":{"frames":1,"frameUrls":["https://www.tg.no/contact"],"page":"https://www.tg.no/contact","workerid":3}}
{"timestamp":"2024-10-31T19:01:38.879Z","logLevel":"info","context":"behavior","message":"Run Script Started","details":{"frameUrl":"https://www.tg.no/contact","page":"https://www.tg.no/contact","workerid":3}}
{"timestamp":"2024-10-31T19:01:38.884Z","logLevel":"info","context":"behaviorScript","message":"Behavior log","details":{"state":{"segments":1},"msg":"Skipping autoscroll, page seems to not be responsive to scrolling events","page":"https://www.tg.no/contact","workerid":3}}
{"timestamp":"2024-10-31T19:01:38.889Z","logLevel":"info","context":"behaviorScript","message":"Behavior log","details":{"state":{"segments":1},"msg":"done!","page":"https://www.tg.no/contact","workerid":3}}
{"timestamp":"2024-10-31T19:01:39.132Z","logLevel":"info","context":"behavior","message":"Run Script Finished","details":{"frameUrl":"https://www.tg.no/competitions/esport","page":"https://www.tg.no/competitions/esport","workerid":2}}
{"timestamp":"2024-10-31T19:01:39.133Z","logLevel":"info","context":"behavior","message":"Behaviors finished","details":{"finished":1,"page":"https://www.tg.no/competitions/esport","workerid":2}}
{"timestamp":"2024-10-31T19:01:39.177Z","logLevel":"info","context":"behavior","message":"Run Script Finished","details":{"frameUrl":"https://www.tg.no/competitions/creative","page":"https://www.tg.no/competitions/creative","workerid":1}}
{"timestamp":"2024-10-31T19:01:39.177Z","logLevel":"info","context":"behavior","message":"Behaviors finished","details":{"finished":1,"page":"https://www.tg.no/competitions/creative","workerid":1}}
{"timestamp":"2024-10-31T19:01:39.385Z","logLevel":"info","context":"behavior","message":"Run Script Finished","details":{"frameUrl":"https://www.tg.no/contact","page":"https://www.tg.no/contact","workerid":3}}
{"timestamp":"2024-10-31T19:01:39.385Z","logLevel":"info","context":"behavior","message":"Behaviors finished","details":{"finished":1,"page":"https://www.tg.no/contact","workerid":3}}
{"timestamp":"2024-10-31T19:01:39.402Z","logLevel":"info","context":"behavior","message":"Running behaviors","details":{"frames":1,"frameUrls":["https://www.tg.no/tickets"],"page":"https://www.tg.no/tickets","workerid":0}}
{"timestamp":"2024-10-31T19:01:39.402Z","logLevel":"info","context":"behavior","message":"Run Script Started","details":{"frameUrl":"https://www.tg.no/tickets","page":"https://www.tg.no/tickets","workerid":0}}
{"timestamp":"2024-10-31T19:01:39.406Z","logLevel":"info","context":"behaviorScript","message":"Behavior log","details":{"state":{"segments":1},"msg":"Skipping autoscroll, page seems to not be responsive to scrolling events","page":"https://www.tg.no/tickets","workerid":0}}
{"timestamp":"2024-10-31T19:01:39.406Z","logLevel":"info","context":"behaviorScript","message":"Behavior log","details":{"state":{"segments":1},"msg":"done!","page":"https://www.tg.no/tickets","workerid":0}}
{"timestamp":"2024-10-31T19:01:39.907Z","logLevel":"info","context":"behavior","message":"Run Script Finished","details":{"frameUrl":"https://www.tg.no/tickets","page":"https://www.tg.no/tickets","workerid":0}}
{"timestamp":"2024-10-31T19:01:39.907Z","logLevel":"info","context":"behavior","message":"Behaviors finished","details":{"finished":1,"page":"https://www.tg.no/tickets","workerid":0}}
{"timestamp":"2024-10-31T19:01:40.141Z","logLevel":"info","context":"pageStatus","message":"Page Finished","details":{"loadState":4,"page":"https://www.tg.no/competitions/esport","workerid":2}}
{"timestamp":"2024-10-31T19:01:40.144Z","logLevel":"info","context":"worker","message":"Starting page","details":{"workerid":2,"page":"https://www.tg.no/news/bes%C3%B8k-oss-p%C3%A5-spillexpo"}}
{"timestamp":"2024-10-31T19:01:40.145Z","logLevel":"info","context":"crawlStatus","message":"Crawl statistics","details":{"crawled":2,"total":11,"pending":4,"failed":0,"limit":{"max":0,"hit":false},"pendingPages":["{\"seedId\":0,\"started\":\"2024-10-31T19:01:36.517Z\",\"extraHops\":0,\"url\":\"https:\\/\\/www.tg.no\\/competitions\\/creative\",\"added\":\"2024-10-31T19:01:36.054Z\",\"depth\":1}","{\"seedId\":0,\"started\":\"2024-10-31T19:01:40.144Z\",\"extraHops\":0,\"url\":\"https:\\/\\/www.tg.no\\/news\\/bes%C3%B8k-oss-p%C3%A5-spillexpo\",\"added\":\"2024-10-31T19:01:36.055Z\",\"depth\":1}","{\"seedId\":0,\"started\":\"2024-10-31T19:01:37.710Z\",\"extraHops\":0,\"url\":\"https:\\/\\/www.tg.no\\/tickets\",\"added\":\"2024-10-31T19:01:36.054Z\",\"depth\":1}","{\"seedId\":0,\"started\":\"2024-10-31T19:01:36.517Z\",\"extraHops\":0,\"url\":\"https:\\/\\/www.tg.no\\/contact\",\"added\":\"2024-10-31T19:01:36.054Z\",\"depth\":1}"]}}
{"timestamp":"2024-10-31T19:01:40.184Z","logLevel":"info","context":"pageStatus","message":"Page Finished","details":{"loadState":4,"page":"https://www.tg.no/competitions/creative","workerid":1}}
{"timestamp":"2024-10-31T19:01:40.187Z","logLevel":"info","context":"worker","message":"Starting page","details":{"workerid":1,"page":"https://www.tg.no/news/crews%C3%B8knader-er-%C3%A5pnet"}}
{"timestamp":"2024-10-31T19:01:40.188Z","logLevel":"info","context":"crawlStatus","message":"Crawl statistics","details":{"crawled":3,"total":11,"pending":4,"failed":0,"limit":{"max":0,"hit":false},"pendingPages":["{\"seedId\":0,\"started\":\"2024-10-31T19:01:40.187Z\",\"extraHops\":0,\"url\":\"https:\\/\\/www.tg.no\\/news\\/crews%C3%B8knader-er-%C3%A5pnet\",\"added\":\"2024-10-31T19:01:36.055Z\",\"depth\":1}","{\"seedId\":0,\"started\":\"2024-10-31T19:01:40.144Z\",\"extraHops\":0,\"url\":\"https:\\/\\/www.tg.no\\/news\\/bes%C3%B8k-oss-p%C3%A5-spillexpo\",\"added\":\"2024-10-31T19:01:36.055Z\",\"depth\":1}","{\"seedId\":0,\"started\":\"2024-10-31T19:01:37.710Z\",\"extraHops\":0,\"url\":\"https:\\/\\/www.tg.no\\/tickets\",\"added\":\"2024-10-31T19:01:36.054Z\",\"depth\":1}","{\"seedId\":0,\"started\":\"2024-10-31T19:01:36.517Z\",\"extraHops\":0,\"url\":\"https:\\/\\/www.tg.no\\/contact\",\"added\":\"2024-10-31T19:01:36.054Z\",\"depth\":1}"]}}
{"timestamp":"2024-10-31T19:01:40.305Z","logLevel":"info","context":"general","message":"Awaiting page load","details":{"page":"https://www.tg.no/news/bes%C3%B8k-oss-p%C3%A5-spillexpo","workerid":2}}
{"timestamp":"2024-10-31T19:01:40.387Z","logLevel":"info","context":"general","message":"Awaiting page load","details":{"page":"https://www.tg.no/news/crews%C3%B8knader-er-%C3%A5pnet","workerid":1}}
{"timestamp":"2024-10-31T19:01:40.388Z","logLevel":"info","context":"pageStatus","message":"Page Finished","details":{"loadState":4,"page":"https://www.tg.no/contact","workerid":3}}
{"timestamp":"2024-10-31T19:01:40.392Z","logLevel":"info","context":"worker","message":"Starting page","details":{"workerid":3,"page":"https://www.tg.no/news/kreativia-p%C3%A5-tg25-der-ideer-blir-til-virkelighet"}}
{"timestamp":"2024-10-31T19:01:40.392Z","logLevel":"info","context":"crawlStatus","message":"Crawl statistics","details":{"crawled":4,"total":11,"pending":4,"failed":0,"limit":{"max":0,"hit":false},"pendingPages":["{\"seedId\":0,\"started\":\"2024-10-31T19:01:40.187Z\",\"extraHops\":0,\"url\":\"https:\\/\\/www.tg.no\\/news\\/crews%C3%B8knader-er-%C3%A5pnet\",\"added\":\"2024-10-31T19:01:36.055Z\",\"depth\":1}","{\"seedId\":0,\"started\":\"2024-10-31T19:01:40.392Z\",\"extraHops\":0,\"url\":\"https:\\/\\/www.tg.no\\/news\\/kreativia-p%C3%A5-tg25-der-ideer-blir-til-virkelighet\",\"added\":\"2024-10-31T19:01:36.055Z\",\"depth\":1}","{\"seedId\":0,\"started\":\"2024-10-31T19:01:40.144Z\",\"extraHops\":0,\"url\":\"https:\\/\\/www.tg.no\\/news\\/bes%C3%B8k-oss-p%C3%A5-spillexpo\",\"added\":\"2024-10-31T19:01:36.055Z\",\"depth\":1}","{\"seedId\":0,\"started\":\"2024-10-31T19:01:37.710Z\",\"extraHops\":0,\"url\":\"https:\\/\\/www.tg.no\\/tickets\",\"added\":\"2024-10-31T19:01:36.054Z\",\"depth\":1}"]}}
{"timestamp":"2024-10-31T19:01:40.643Z","logLevel":"info","context":"general","message":"Awaiting page load","details":{"page":"https://www.tg.no/news/kreativia-p%C3%A5-tg25-der-ideer-blir-til-virkelighet","workerid":3}}
{"timestamp":"2024-10-31T19:01:40.909Z","logLevel":"info","context":"pageStatus","message":"Page Finished","details":{"loadState":4,"page":"https://www.tg.no/tickets","workerid":0}}
{"timestamp":"2024-10-31T19:01:40.911Z","logLevel":"info","context":"worker","message":"Starting page","details":{"workerid":0,"page":"https://www.tg.no/news/the-gathering-25-e-sport-tar-sentrum"}}
{"timestamp":"2024-10-31T19:01:40.911Z","logLevel":"info","context":"crawlStatus","message":"Crawl statistics","details":{"crawled":5,"total":11,"pending":4,"failed":0,"limit":{"max":0,"hit":false},"pendingPages":["{\"seedId\":0,\"started\":\"2024-10-31T19:01:40.187Z\",\"extraHops\":0,\"url\":\"https:\\/\\/www.tg.no\\/news\\/crews%C3%B8knader-er-%C3%A5pnet\",\"added\":\"2024-10-31T19:01:36.055Z\",\"depth\":1}","{\"seedId\":0,\"started\":\"2024-10-31T19:01:40.392Z\",\"extraHops\":0,\"url\":\"https:\\/\\/www.tg.no\\/news\\/kreativia-p%C3%A5-tg25-der-ideer-blir-til-virkelighet\",\"added\":\"2024-10-31T19:01:36.055Z\",\"depth\":1}","{\"seedId\":0,\"started\":\"2024-10-31T19:01:40.911Z\",\"extraHops\":0,\"url\":\"https:\\/\\/www.tg.no\\/news\\/the-gathering-25-e-sport-tar-sentrum\",\"added\":\"2024-10-31T19:01:36.055Z\",\"depth\":1}","{\"seedId\":0,\"started\":\"2024-10-31T19:01:40.144Z\",\"extraHops\":0,\"url\":\"https:\\/\\/www.tg.no\\/news\\/bes%C3%B8k-oss-p%C3%A5-spillexpo\",\"added\":\"2024-10-31T19:01:36.055Z\",\"depth\":1}"]}}
{"timestamp":"2024-10-31T19:01:41.065Z","logLevel":"info","context":"general","message":"Awaiting page load","details":{"page":"https://www.tg.no/news/the-gathering-25-e-sport-tar-sentrum","workerid":0}}
{"timestamp":"2024-10-31T19:01:42.254Z","logLevel":"info","context":"behavior","message":"Running behaviors","details":{"frames":1,"frameUrls":["https://www.tg.no/news/crews%C3%B8knader-er-%C3%A5pnet"],"page":"https://www.tg.no/news/crews%C3%B8knader-er-%C3%A5pnet","workerid":1}}
{"timestamp":"2024-10-31T19:01:42.254Z","logLevel":"info","context":"behavior","message":"Run Script Started","details":{"frameUrl":"https://www.tg.no/news/crews%C3%B8knader-er-%C3%A5pnet","page":"https://www.tg.no/news/crews%C3%B8knader-er-%C3%A5pnet","workerid":1}}
{"timestamp":"2024-10-31T19:01:42.258Z","logLevel":"info","context":"behaviorScript","message":"Behavior log","details":{"state":{"segments":1},"msg":"Skipping autoscroll, page seems to not be responsive to scrolling events","page":"https://www.tg.no/news/crews%C3%B8knader-er-%C3%A5pnet","workerid":1}}
{"timestamp":"2024-10-31T19:01:42.258Z","logLevel":"info","context":"behaviorScript","message":"Behavior log","details":{"state":{"segments":1},"msg":"done!","page":"https://www.tg.no/news/crews%C3%B8knader-er-%C3%A5pnet","workerid":1}}
{"timestamp":"2024-10-31T19:01:42.762Z","logLevel":"info","context":"behavior","message":"Run Script Finished","details":{"frameUrl":"https://www.tg.no/news/crews%C3%B8knader-er-%C3%A5pnet","page":"https://www.tg.no/news/crews%C3%B8knader-er-%C3%A5pnet","workerid":1}}
{"timestamp":"2024-10-31T19:01:42.762Z","logLevel":"info","context":"behavior","message":"Behaviors finished","details":{"finished":1,"page":"https://www.tg.no/news/crews%C3%B8knader-er-%C3%A5pnet","workerid":1}}
{"timestamp":"2024-10-31T19:01:42.821Z","logLevel":"info","context":"behavior","message":"Running behaviors","details":{"frames":1,"frameUrls":["https://www.tg.no/news/kreativia-p%C3%A5-tg25-der-ideer-blir-til-virkelighet"],"page":"https://www.tg.no/news/kreativia-p%C3%A5-tg25-der-ideer-blir-til-virkelighet","workerid":3}}
{"timestamp":"2024-10-31T19:01:42.821Z","logLevel":"info","context":"behavior","message":"Run Script Started","details":{"frameUrl":"https://www.tg.no/news/kreativia-p%C3%A5-tg25-der-ideer-blir-til-virkelighet","page":"https://www.tg.no/news/kreativia-p%C3%A5-tg25-der-ideer-blir-til-virkelighet","workerid":3}}
{"timestamp":"2024-10-31T19:01:42.825Z","logLevel":"info","context":"behaviorScript","message":"Behavior log","details":{"state":{"segments":1},"msg":"Skipping autoscroll, page seems to not be responsive to scrolling events","page":"https://www.tg.no/news/kreativia-p%C3%A5-tg25-der-ideer-blir-til-virkelighet","workerid":3}}
{"timestamp":"2024-10-31T19:01:42.825Z","logLevel":"info","context":"behaviorScript","message":"Behavior log","details":{"state":{"segments":1},"msg":"done!","page":"https://www.tg.no/news/kreativia-p%C3%A5-tg25-der-ideer-blir-til-virkelighet","workerid":3}}
{"timestamp":"2024-10-31T19:01:43.181Z","logLevel":"info","context":"behavior","message":"Running behaviors","details":{"frames":1,"frameUrls":["https://www.tg.no/news/the-gathering-25-e-sport-tar-sentrum"],"page":"https://www.tg.no/news/the-gathering-25-e-sport-tar-sentrum","workerid":0}}
{"timestamp":"2024-10-31T19:01:43.181Z","logLevel":"info","context":"behavior","message":"Run Script Started","details":{"frameUrl":"https://www.tg.no/news/the-gathering-25-e-sport-tar-sentrum","page":"https://www.tg.no/news/the-gathering-25-e-sport-tar-sentrum","workerid":0}}
{"timestamp":"2024-10-31T19:01:43.184Z","logLevel":"info","context":"behaviorScript","message":"Behavior log","details":{"state":{"segments":1},"msg":"Skipping autoscroll, page seems to not be responsive to scrolling events","page":"https://www.tg.no/news/the-gathering-25-e-sport-tar-sentrum","workerid":0}}
{"timestamp":"2024-10-31T19:01:43.184Z","logLevel":"info","context":"behaviorScript","message":"Behavior log","details":{"state":{"segments":1},"msg":"done!","page":"https://www.tg.no/news/the-gathering-25-e-sport-tar-sentrum","workerid":0}}
{"timestamp":"2024-10-31T19:01:43.327Z","logLevel":"info","context":"behavior","message":"Run Script Finished","details":{"frameUrl":"https://www.tg.no/news/kreativia-p%C3%A5-tg25-der-ideer-blir-til-virkelighet","page":"https://www.tg.no/news/kreativia-p%C3%A5-tg25-der-ideer-blir-til-virkelighet","workerid":3}}
{"timestamp":"2024-10-31T19:01:43.327Z","logLevel":"info","context":"behavior","message":"Behaviors finished","details":{"finished":1,"page":"https://www.tg.no/news/kreativia-p%C3%A5-tg25-der-ideer-blir-til-virkelighet","workerid":3}}
{"timestamp":"2024-10-31T19:01:43.619Z","logLevel":"info","context":"behavior","message":"Running behaviors","details":{"frames":1,"frameUrls":["https://www.tg.no/news/bes%C3%B8k-oss-p%C3%A5-spillexpo"],"page":"https://www.tg.no/news/bes%C3%B8k-oss-p%C3%A5-spillexpo","workerid":2}}
{"timestamp":"2024-10-31T19:01:43.619Z","logLevel":"info","context":"behavior","message":"Run Script Started","details":{"frameUrl":"https://www.tg.no/news/bes%C3%B8k-oss-p%C3%A5-spillexpo","page":"https://www.tg.no/news/bes%C3%B8k-oss-p%C3%A5-spillexpo","workerid":2}}
{"timestamp":"2024-10-31T19:01:43.623Z","logLevel":"info","context":"behaviorScript","message":"Behavior log","details":{"state":{"segments":1},"msg":"Skipping autoscroll, page seems to not be responsive to scrolling events","page":"https://www.tg.no/news/bes%C3%B8k-oss-p%C3%A5-spillexpo","workerid":2}}
{"timestamp":"2024-10-31T19:01:43.623Z","logLevel":"info","context":"behaviorScript","message":"Behavior log","details":{"state":{"segments":1},"msg":"done!","page":"https://www.tg.no/news/bes%C3%B8k-oss-p%C3%A5-spillexpo","workerid":2}}
{"timestamp":"2024-10-31T19:01:43.685Z","logLevel":"info","context":"behavior","message":"Run Script Finished","details":{"frameUrl":"https://www.tg.no/news/the-gathering-25-e-sport-tar-sentrum","page":"https://www.tg.no/news/the-gathering-25-e-sport-tar-sentrum","workerid":0}}
{"timestamp":"2024-10-31T19:01:43.685Z","logLevel":"info","context":"behavior","message":"Behaviors finished","details":{"finished":1,"page":"https://www.tg.no/news/the-gathering-25-e-sport-tar-sentrum","workerid":0}}
{"timestamp":"2024-10-31T19:01:43.767Z","logLevel":"info","context":"pageStatus","message":"Page Finished","details":{"loadState":4,"page":"https://www.tg.no/news/crews%C3%B8knader-er-%C3%A5pnet","workerid":1}}
{"timestamp":"2024-10-31T19:01:43.769Z","logLevel":"info","context":"worker","message":"Starting page","details":{"workerid":1,"page":"https://www.tg.no/news/the-gathering-st%C3%B8tter-%C3%A5rets-tv-aksjon-til-barnekreftforeningen"}}
{"timestamp":"2024-10-31T19:01:43.770Z","logLevel":"info","context":"crawlStatus","message":"Crawl statistics","details":{"crawled":6,"total":11,"pending":4,"failed":0,"limit":{"max":0,"hit":false},"pendingPages":["{\"seedId\":0,\"started\":\"2024-10-31T19:01:43.769Z\",\"extraHops\":0,\"url\":\"https:\\/\\/www.tg.no\\/news\\/the-gathering-st%C3%B8tter-%C3%A5rets-tv-aksjon-til-barnekreftforeningen\",\"added\":\"2024-10-31T19:01:36.055Z\",\"depth\":1}","{\"seedId\":0,\"started\":\"2024-10-31T19:01:40.392Z\",\"extraHops\":0,\"url\":\"https:\\/\\/www.tg.no\\/news\\/kreativia-p%C3%A5-tg25-der-ideer-blir-til-virkelighet\",\"added\":\"2024-10-31T19:01:36.055Z\",\"depth\":1}","{\"seedId\":0,\"started\":\"2024-10-31T19:01:40.911Z\",\"extraHops\":0,\"url\":\"https:\\/\\/www.tg.no\\/news\\/the-gathering-25-e-sport-tar-sentrum\",\"added\":\"2024-10-31T19:01:36.055Z\",\"depth\":1}","{\"seedId\":0,\"started\":\"2024-10-31T19:01:40.144Z\",\"extraHops\":0,\"url\":\"https:\\/\\/www.tg.no\\/news\\/bes%C3%B8k-oss-p%C3%A5-spillexpo\",\"added\":\"2024-10-31T19:01:36.055Z\",\"depth\":1}"]}}
{"timestamp":"2024-10-31T19:01:43.918Z","logLevel":"info","context":"general","message":"Awaiting page load","details":{"page":"https://www.tg.no/news/the-gathering-st%C3%B8tter-%C3%A5rets-tv-aksjon-til-barnekreftforeningen","workerid":1}}
{"timestamp":"2024-10-31T19:01:44.306Z","logLevel":"info","context":"behavior","message":"Run Script Finished","details":{"frameUrl":"https://www.tg.no/news/bes%C3%B8k-oss-p%C3%A5-spillexpo","page":"https://www.tg.no/news/bes%C3%B8k-oss-p%C3%A5-spillexpo","workerid":2}}
{"timestamp":"2024-10-31T19:01:44.306Z","logLevel":"info","context":"behavior","message":"Behaviors finished","details":{"finished":1,"page":"https://www.tg.no/news/bes%C3%B8k-oss-p%C3%A5-spillexpo","workerid":2}}
{"timestamp":"2024-10-31T19:01:44.329Z","logLevel":"info","context":"pageStatus","message":"Page Finished","details":{"loadState":4,"page":"https://www.tg.no/news/kreativia-p%C3%A5-tg25-der-ideer-blir-til-virkelighet","workerid":3}}
{"timestamp":"2024-10-31T19:01:44.332Z","logLevel":"info","context":"worker","message":"Starting page","details":{"workerid":3,"page":"https://www.tg.no/news/lan-og-datatreff-i-norge"}}
{"timestamp":"2024-10-31T19:01:44.332Z","logLevel":"info","context":"crawlStatus","message":"Crawl statistics","details":{"crawled":7,"total":11,"pending":4,"failed":0,"limit":{"max":0,"hit":false},"pendingPages":["{\"seedId\":0,\"started\":\"2024-10-31T19:01:43.769Z\",\"extraHops\":0,\"url\":\"https:\\/\\/www.tg.no\\/news\\/the-gathering-st%C3%B8tter-%C3%A5rets-tv-aksjon-til-barnekreftforeningen\",\"added\":\"2024-10-31T19:01:36.055Z\",\"depth\":1}","{\"seedId\":0,\"started\":\"2024-10-31T19:01:44.332Z\",\"extraHops\":0,\"url\":\"https:\\/\\/www.tg.no\\/news\\/lan-og-datatreff-i-norge\",\"added\":\"2024-10-31T19:01:36.056Z\",\"depth\":1}","{\"seedId\":0,\"started\":\"2024-10-31T19:01:40.911Z\",\"extraHops\":0,\"url\":\"https:\\/\\/www.tg.no\\/news\\/the-gathering-25-e-sport-tar-sentrum\",\"added\":\"2024-10-31T19:01:36.055Z\",\"depth\":1}","{\"seedId\":0,\"started\":\"2024-10-31T19:01:40.144Z\",\"extraHops\":0,\"url\":\"https:\\/\\/www.tg.no\\/news\\/bes%C3%B8k-oss-p%C3%A5-spillexpo\",\"added\":\"2024-10-31T19:01:36.055Z\",\"depth\":1}"]}}
{"timestamp":"2024-10-31T19:01:44.498Z","logLevel":"info","context":"general","message":"Awaiting page load","details":{"page":"https://www.tg.no/news/lan-og-datatreff-i-norge","workerid":3}}
{"timestamp":"2024-10-31T19:01:44.685Z","logLevel":"info","context":"pageStatus","message":"Page Finished","details":{"loadState":4,"page":"https://www.tg.no/news/the-gathering-25-e-sport-tar-sentrum","workerid":0}}
{"timestamp":"2024-10-31T19:01:45.308Z","logLevel":"info","context":"pageStatus","message":"Page Finished","details":{"loadState":4,"page":"https://www.tg.no/news/bes%C3%B8k-oss-p%C3%A5-spillexpo","workerid":2}}
{"timestamp":"2024-10-31T19:01:45.954Z","logLevel":"info","context":"behavior","message":"Running behaviors","details":{"frames":1,"frameUrls":["https://www.tg.no/news/the-gathering-st%C3%B8tter-%C3%A5rets-tv-aksjon-til-barnekreftforeningen"],"page":"https://www.tg.no/news/the-gathering-st%C3%B8tter-%C3%A5rets-tv-aksjon-til-barnekreftforeningen","workerid":1}}
{"timestamp":"2024-10-31T19:01:45.955Z","logLevel":"info","context":"behavior","message":"Run Script Started","details":{"frameUrl":"https://www.tg.no/news/the-gathering-st%C3%B8tter-%C3%A5rets-tv-aksjon-til-barnekreftforeningen","page":"https://www.tg.no/news/the-gathering-st%C3%B8tter-%C3%A5rets-tv-aksjon-til-barnekreftforeningen","workerid":1}}
{"timestamp":"2024-10-31T19:01:45.957Z","logLevel":"info","context":"behaviorScript","message":"Behavior log","details":{"state":{"segments":1},"msg":"Skipping autoscroll, page seems to not be responsive to scrolling events","page":"https://www.tg.no/news/the-gathering-st%C3%B8tter-%C3%A5rets-tv-aksjon-til-barnekreftforeningen","workerid":1}}
{"timestamp":"2024-10-31T19:01:45.957Z","logLevel":"info","context":"behaviorScript","message":"Behavior log","details":{"state":{"segments":1},"msg":"done!","page":"https://www.tg.no/news/the-gathering-st%C3%B8tter-%C3%A5rets-tv-aksjon-til-barnekreftforeningen","workerid":1}}
{"timestamp":"2024-10-31T19:01:46.462Z","logLevel":"info","context":"behavior","message":"Run Script Finished","details":{"frameUrl":"https://www.tg.no/news/the-gathering-st%C3%B8tter-%C3%A5rets-tv-aksjon-til-barnekreftforeningen","page":"https://www.tg.no/news/the-gathering-st%C3%B8tter-%C3%A5rets-tv-aksjon-til-barnekreftforeningen","workerid":1}}
{"timestamp":"2024-10-31T19:01:46.462Z","logLevel":"info","context":"behavior","message":"Behaviors finished","details":{"finished":1,"page":"https://www.tg.no/news/the-gathering-st%C3%B8tter-%C3%A5rets-tv-aksjon-til-barnekreftforeningen","workerid":1}}
{"timestamp":"2024-10-31T19:01:46.496Z","logLevel":"info","context":"behavior","message":"Running behaviors","details":{"frames":1,"frameUrls":["https://www.tg.no/news/lan-og-datatreff-i-norge"],"page":"https://www.tg.no/news/lan-og-datatreff-i-norge","workerid":3}}
{"timestamp":"2024-10-31T19:01:46.496Z","logLevel":"info","context":"behavior","message":"Run Script Started","details":{"frameUrl":"https://www.tg.no/news/lan-og-datatreff-i-norge","page":"https://www.tg.no/news/lan-og-datatreff-i-norge","workerid":3}}
{"timestamp":"2024-10-31T19:01:46.499Z","logLevel":"info","context":"behaviorScript","message":"Behavior log","details":{"state":{"segments":1},"msg":"Skipping autoscroll, page seems to not be responsive to scrolling events","page":"https://www.tg.no/news/lan-og-datatreff-i-norge","workerid":3}}
{"timestamp":"2024-10-31T19:01:46.499Z","logLevel":"info","context":"behaviorScript","message":"Behavior log","details":{"state":{"segments":1},"msg":"done!","page":"https://www.tg.no/news/lan-og-datatreff-i-norge","workerid":3}}
{"timestamp":"2024-10-31T19:01:47.000Z","logLevel":"info","context":"behavior","message":"Run Script Finished","details":{"frameUrl":"https://www.tg.no/news/lan-og-datatreff-i-norge","page":"https://www.tg.no/news/lan-og-datatreff-i-norge","workerid":3}}
{"timestamp":"2024-10-31T19:01:47.000Z","logLevel":"info","context":"behavior","message":"Behaviors finished","details":{"finished":1,"page":"https://www.tg.no/news/lan-og-datatreff-i-norge","workerid":3}}
{"timestamp":"2024-10-31T19:01:47.463Z","logLevel":"info","context":"pageStatus","message":"Page Finished","details":{"loadState":4,"page":"https://www.tg.no/news/the-gathering-st%C3%B8tter-%C3%A5rets-tv-aksjon-til-barnekreftforeningen","workerid":1}}
{"timestamp":"2024-10-31T19:01:48.007Z","logLevel":"info","context":"pageStatus","message":"Page Finished","details":{"loadState":4,"page":"https://www.tg.no/news/lan-og-datatreff-i-norge","workerid":3}}
{"timestamp":"2024-10-31T19:01:48.010Z","logLevel":"info","context":"worker","message":"Worker done, all tasks complete","details":{"workerid":3}}
{"timestamp":"2024-10-31T19:01:48.196Z","logLevel":"info","context":"worker","message":"Worker done, all tasks complete","details":{"workerid":0}}
{"timestamp":"2024-10-31T19:01:48.347Z","logLevel":"info","context":"worker","message":"Worker done, all tasks complete","details":{"workerid":2}}
{"timestamp":"2024-10-31T19:01:48.478Z","logLevel":"info","context":"worker","message":"Worker done, all tasks complete","details":{"workerid":1}}
{"timestamp":"2024-10-31T19:01:48.564Z","logLevel":"info","context":"general","message":"Saving crawl state to: /crawls/collections/tgno/crawls/crawl-20241031190148-eb12535bec73.yaml","details":{}}
{"timestamp":"2024-10-31T19:01:48.566Z","logLevel":"info","context":"crawlStatus","message":"Crawl statistics","details":{"crawled":11,"total":11,"pending":0,"failed":0,"limit":{"max":0,"hit":false},"pendingPages":[]}}
{"timestamp":"2024-10-31T19:01:48.566Z","logLevel":"info","context":"general","message":"Crawling done","details":{}}
{"timestamp":"2024-10-31T19:01:48.567Z","logLevel":"info","context":"general","message":"Merging CDX","details":{}}
{"timestamp":"2024-10-31T19:01:48.579Z","logLevel":"info","context":"general","message":"Exiting, Crawl status: done","details":{}}
