{"timestamp":"2024-10-13T12:20:59.666Z","logLevel":"info","context":"general","message":"Browsertrix-Crawler 1.3.3 (with warcio.js 2.3.1)","details":{}}
{"timestamp":"2024-10-13T12:20:59.667Z","logLevel":"info","context":"general","message":"Seeds","details":[{"url":"https://www.tg.no/","scopeType":"custom","include":["/www.tg.no/"],"exclude":[],"allowHash":false,"depth":-1,"sitemap":null,"auth":null,"_authEncoded":null,"maxExtraHops":0,"maxDepth":1000000,"_includeStr":["www.tg.no"]}]}
{"timestamp":"2024-10-13T12:20:59.668Z","logLevel":"info","context":"general","message":"Behavior Options","details":{"message":"{\"autoscroll\":true,\"autoplay\":true,\"autofetch\":true,\"siteSpecific\":true,\"log\":\"__bx_log\",\"startEarly\":true}"}}
{"timestamp":"2024-10-13T12:21:00.163Z","logLevel":"info","context":"worker","message":"Creating 4 workers","details":{}}
{"timestamp":"2024-10-13T12:21:00.164Z","logLevel":"info","context":"worker","message":"Worker starting","details":{"workerid":0}}
{"timestamp":"2024-10-13T12:21:00.165Z","logLevel":"info","context":"worker","message":"Worker starting","details":{"workerid":1}}
{"timestamp":"2024-10-13T12:21:00.165Z","logLevel":"info","context":"worker","message":"Worker starting","details":{"workerid":2}}
{"timestamp":"2024-10-13T12:21:00.166Z","logLevel":"info","context":"worker","message":"Worker starting","details":{"workerid":3}}
{"timestamp":"2024-10-13T12:21:00.485Z","logLevel":"info","context":"worker","message":"Starting page","details":{"workerid":0,"page":"https://www.tg.no/"}}
{"timestamp":"2024-10-13T12:21:00.486Z","logLevel":"info","context":"crawlStatus","message":"Crawl statistics","details":{"crawled":0,"total":1,"pending":1,"failed":0,"limit":{"max":0,"hit":false},"pendingPages":["{\"seedId\":0,\"started\":\"2024-10-13T12:21:00.168Z\",\"extraHops\":0,\"url\":\"https:\\/\\/www.tg.no\\/\",\"added\":\"2024-10-13T12:20:59.748Z\",\"depth\":0}"]}}
{"timestamp":"2024-10-13T12:21:00.736Z","logLevel":"info","context":"general","message":"Awaiting page load","details":{"page":"https://www.tg.no/","workerid":0}}
{"timestamp":"2024-10-13T12:21:00.941Z","logLevel":"warn","context":"recorder","message":"Request failed","details":{"url":"https://matomo.gathering.org/matomo.js","errorText":"net::ERR_BLOCKED_BY_CLIENT.Inspector","page":"https://www.tg.no/","workerid":0}}
{"timestamp":"2024-10-13T12:21:03.056Z","logLevel":"info","context":"behavior","message":"Running behaviors","details":{"frames":1,"frameUrls":["https://www.tg.no/"],"page":"https://www.tg.no/","workerid":0}}
{"timestamp":"2024-10-13T12:21:03.056Z","logLevel":"info","context":"behavior","message":"Run Script Started","details":{"frameUrl":"https://www.tg.no/","page":"https://www.tg.no/","workerid":0}}
{"timestamp":"2024-10-13T12:21:03.061Z","logLevel":"info","context":"behaviorScript","message":"Behavior log","details":{"state":{"segments":1},"msg":"Skipping autoscroll, page seems to not be responsive to scrolling events","page":"https://www.tg.no/","workerid":0}}
{"timestamp":"2024-10-13T12:21:03.061Z","logLevel":"info","context":"behaviorScript","message":"Behavior log","details":{"state":{"segments":1},"msg":"done!","page":"https://www.tg.no/","workerid":0}}
{"timestamp":"2024-10-13T12:21:03.366Z","logLevel":"info","context":"worker","message":"Starting page","details":{"workerid":1,"page":"https://www.tg.no/news/crews%C3%B8knader-er-%C3%A5pnet"}}
{"timestamp":"2024-10-13T12:21:03.367Z","logLevel":"info","context":"worker","message":"Starting page","details":{"workerid":3,"page":"https://www.tg.no/news/lan-og-datatreff-i-norge"}}
{"timestamp":"2024-10-13T12:21:03.367Z","logLevel":"info","context":"crawlStatus","message":"Crawl statistics","details":{"crawled":0,"total":7,"pending":4,"failed":0,"limit":{"max":0,"hit":false},"pendingPages":["{\"seedId\":0,\"started\":\"2024-10-13T12:21:03.186Z\",\"extraHops\":0,\"url\":\"https:\\/\\/www.tg.no\\/news\\/lan-og-datatreff-i-norge\",\"added\":\"2024-10-13T12:21:03.047Z\",\"depth\":1}","{\"seedId\":0,\"started\":\"2024-10-13T12:21:03.186Z\",\"extraHops\":0,\"url\":\"https:\\/\\/www.tg.no\\/news\\/kreativia-p%C3%A5-tg25-der-ideer-blir-til-virkelighet\",\"added\":\"2024-10-13T12:21:03.047Z\",\"depth\":1}","{\"seedId\":0,\"started\":\"2024-10-13T12:21:00.168Z\",\"extraHops\":0,\"url\":\"https:\\/\\/www.tg.no\\/\",\"added\":\"2024-10-13T12:20:59.748Z\",\"depth\":0}","{\"seedId\":0,\"started\":\"2024-10-13T12:21:03.186Z\",\"extraHops\":0,\"url\":\"https:\\/\\/www.tg.no\\/news\\/crews%C3%B8knader-er-%C3%A5pnet\",\"added\":\"2024-10-13T12:21:03.047Z\",\"depth\":1}"]}}
{"timestamp":"2024-10-13T12:21:03.368Z","logLevel":"info","context":"crawlStatus","message":"Crawl statistics","details":{"crawled":0,"total":7,"pending":4,"failed":0,"limit":{"max":0,"hit":false},"pendingPages":["{\"seedId\":0,\"started\":\"2024-10-13T12:21:03.186Z\",\"extraHops\":0,\"url\":\"https:\\/\\/www.tg.no\\/news\\/lan-og-datatreff-i-norge\",\"added\":\"2024-10-13T12:21:03.047Z\",\"depth\":1}","{\"seedId\":0,\"started\":\"2024-10-13T12:21:03.186Z\",\"extraHops\":0,\"url\":\"https:\\/\\/www.tg.no\\/news\\/kreativia-p%C3%A5-tg25-der-ideer-blir-til-virkelighet\",\"added\":\"2024-10-13T12:21:03.047Z\",\"depth\":1}","{\"seedId\":0,\"started\":\"2024-10-13T12:21:00.168Z\",\"extraHops\":0,\"url\":\"https:\\/\\/www.tg.no\\/\",\"added\":\"2024-10-13T12:20:59.748Z\",\"depth\":0}","{\"seedId\":0,\"started\":\"2024-10-13T12:21:03.186Z\",\"extraHops\":0,\"url\":\"https:\\/\\/www.tg.no\\/news\\/crews%C3%B8knader-er-%C3%A5pnet\",\"added\":\"2024-10-13T12:21:03.047Z\",\"depth\":1}"]}}
{"timestamp":"2024-10-13T12:21:03.368Z","logLevel":"info","context":"worker","message":"Starting page","details":{"workerid":2,"page":"https://www.tg.no/news/kreativia-p%C3%A5-tg25-der-ideer-blir-til-virkelighet"}}
{"timestamp":"2024-10-13T12:21:03.370Z","logLevel":"info","context":"crawlStatus","message":"Crawl statistics","details":{"crawled":0,"total":7,"pending":4,"failed":0,"limit":{"max":0,"hit":false},"pendingPages":["{\"seedId\":0,\"started\":\"2024-10-13T12:21:03.186Z\",\"extraHops\":0,\"url\":\"https:\\/\\/www.tg.no\\/news\\/lan-og-datatreff-i-norge\",\"added\":\"2024-10-13T12:21:03.047Z\",\"depth\":1}","{\"seedId\":0,\"started\":\"2024-10-13T12:21:03.186Z\",\"extraHops\":0,\"url\":\"https:\\/\\/www.tg.no\\/news\\/kreativia-p%C3%A5-tg25-der-ideer-blir-til-virkelighet\",\"added\":\"2024-10-13T12:21:03.047Z\",\"depth\":1}","{\"seedId\":0,\"started\":\"2024-10-13T12:21:00.168Z\",\"extraHops\":0,\"url\":\"https:\\/\\/www.tg.no\\/\",\"added\":\"2024-10-13T12:20:59.748Z\",\"depth\":0}","{\"seedId\":0,\"started\":\"2024-10-13T12:21:03.186Z\",\"extraHops\":0,\"url\":\"https:\\/\\/www.tg.no\\/news\\/crews%C3%B8knader-er-%C3%A5pnet\",\"added\":\"2024-10-13T12:21:03.047Z\",\"depth\":1}"]}}
{"timestamp":"2024-10-13T12:21:03.487Z","logLevel":"info","context":"general","message":"Awaiting page load","details":{"page":"https://www.tg.no/news/crews%C3%B8knader-er-%C3%A5pnet","workerid":1}}
{"timestamp":"2024-10-13T12:21:03.546Z","logLevel":"info","context":"general","message":"Awaiting page load","details":{"page":"https://www.tg.no/news/lan-og-datatreff-i-norge","workerid":3}}
{"timestamp":"2024-10-13T12:21:03.562Z","logLevel":"info","context":"behavior","message":"Run Script Finished","details":{"frameUrl":"https://www.tg.no/","page":"https://www.tg.no/","workerid":0}}
{"timestamp":"2024-10-13T12:21:03.562Z","logLevel":"info","context":"behavior","message":"Behaviors finished","details":{"finished":1,"page":"https://www.tg.no/","workerid":0}}
{"timestamp":"2024-10-13T12:21:03.600Z","logLevel":"info","context":"general","message":"Awaiting page load","details":{"page":"https://www.tg.no/news/kreativia-p%C3%A5-tg25-der-ideer-blir-til-virkelighet","workerid":2}}
{"timestamp":"2024-10-13T12:21:04.564Z","logLevel":"info","context":"pageStatus","message":"Page Finished","details":{"loadState":4,"page":"https://www.tg.no/","workerid":0}}
{"timestamp":"2024-10-13T12:21:04.568Z","logLevel":"info","context":"general","message":"Saving crawl state to: /crawls/collections/tgno/crawls/crawl-20241013122104-5463524649ff.yaml","details":{}}
{"timestamp":"2024-10-13T12:21:04.571Z","logLevel":"info","context":"worker","message":"Starting page","details":{"workerid":0,"page":"https://www.tg.no/news/the-gathering-25-e-sport-tar-sentrum"}}
{"timestamp":"2024-10-13T12:21:04.572Z","logLevel":"info","context":"crawlStatus","message":"Crawl statistics","details":{"crawled":1,"total":7,"pending":4,"failed":0,"limit":{"max":0,"hit":false},"pendingPages":["{\"seedId\":0,\"started\":\"2024-10-13T12:21:03.186Z\",\"extraHops\":0,\"url\":\"https:\\/\\/www.tg.no\\/news\\/lan-og-datatreff-i-norge\",\"added\":\"2024-10-13T12:21:03.047Z\",\"depth\":1}","{\"seedId\":0,\"started\":\"2024-10-13T12:21:03.186Z\",\"extraHops\":0,\"url\":\"https:\\/\\/www.tg.no\\/news\\/kreativia-p%C3%A5-tg25-der-ideer-blir-til-virkelighet\",\"added\":\"2024-10-13T12:21:03.047Z\",\"depth\":1}","{\"seedId\":0,\"started\":\"2024-10-13T12:21:04.571Z\",\"extraHops\":0,\"url\":\"https:\\/\\/www.tg.no\\/news\\/the-gathering-25-e-sport-tar-sentrum\",\"added\":\"2024-10-13T12:21:03.047Z\",\"depth\":1}","{\"seedId\":0,\"started\":\"2024-10-13T12:21:03.186Z\",\"extraHops\":0,\"url\":\"https:\\/\\/www.tg.no\\/news\\/crews%C3%B8knader-er-%C3%A5pnet\",\"added\":\"2024-10-13T12:21:03.047Z\",\"depth\":1}"]}}
{"timestamp":"2024-10-13T12:21:04.705Z","logLevel":"info","context":"general","message":"Awaiting page load","details":{"page":"https://www.tg.no/news/the-gathering-25-e-sport-tar-sentrum","workerid":0}}
{"timestamp":"2024-10-13T12:21:05.415Z","logLevel":"info","context":"behavior","message":"Running behaviors","details":{"frames":1,"frameUrls":["https://www.tg.no/news/crews%C3%B8knader-er-%C3%A5pnet"],"page":"https://www.tg.no/news/crews%C3%B8knader-er-%C3%A5pnet","workerid":1}}
{"timestamp":"2024-10-13T12:21:05.415Z","logLevel":"info","context":"behavior","message":"Run Script Started","details":{"frameUrl":"https://www.tg.no/news/crews%C3%B8knader-er-%C3%A5pnet","page":"https://www.tg.no/news/crews%C3%B8knader-er-%C3%A5pnet","workerid":1}}
{"timestamp":"2024-10-13T12:21:05.419Z","logLevel":"info","context":"behaviorScript","message":"Behavior log","details":{"state":{"segments":1},"msg":"Skipping autoscroll, page seems to not be responsive to scrolling events","page":"https://www.tg.no/news/crews%C3%B8knader-er-%C3%A5pnet","workerid":1}}
{"timestamp":"2024-10-13T12:21:05.419Z","logLevel":"info","context":"behaviorScript","message":"Behavior log","details":{"state":{"segments":1},"msg":"done!","page":"https://www.tg.no/news/crews%C3%B8knader-er-%C3%A5pnet","workerid":1}}
{"timestamp":"2024-10-13T12:21:05.532Z","logLevel":"info","context":"behavior","message":"Running behaviors","details":{"frames":1,"frameUrls":["https://www.tg.no/news/lan-og-datatreff-i-norge"],"page":"https://www.tg.no/news/lan-og-datatreff-i-norge","workerid":3}}
{"timestamp":"2024-10-13T12:21:05.532Z","logLevel":"info","context":"behavior","message":"Run Script Started","details":{"frameUrl":"https://www.tg.no/news/lan-og-datatreff-i-norge","page":"https://www.tg.no/news/lan-og-datatreff-i-norge","workerid":3}}
{"timestamp":"2024-10-13T12:21:05.536Z","logLevel":"info","context":"behaviorScript","message":"Behavior log","details":{"state":{"segments":1},"msg":"Skipping autoscroll, page seems to not be responsive to scrolling events","page":"https://www.tg.no/news/lan-og-datatreff-i-norge","workerid":3}}
{"timestamp":"2024-10-13T12:21:05.536Z","logLevel":"info","context":"behaviorScript","message":"Behavior log","details":{"state":{"segments":1},"msg":"done!","page":"https://www.tg.no/news/lan-og-datatreff-i-norge","workerid":3}}
{"timestamp":"2024-10-13T12:21:05.661Z","logLevel":"info","context":"behavior","message":"Running behaviors","details":{"frames":1,"frameUrls":["https://www.tg.no/news/kreativia-p%C3%A5-tg25-der-ideer-blir-til-virkelighet"],"page":"https://www.tg.no/news/kreativia-p%C3%A5-tg25-der-ideer-blir-til-virkelighet","workerid":2}}
{"timestamp":"2024-10-13T12:21:05.661Z","logLevel":"info","context":"behavior","message":"Run Script Started","details":{"frameUrl":"https://www.tg.no/news/kreativia-p%C3%A5-tg25-der-ideer-blir-til-virkelighet","page":"https://www.tg.no/news/kreativia-p%C3%A5-tg25-der-ideer-blir-til-virkelighet","workerid":2}}
{"timestamp":"2024-10-13T12:21:05.665Z","logLevel":"info","context":"behaviorScript","message":"Behavior log","details":{"state":{"segments":1},"msg":"Skipping autoscroll, page seems to not be responsive to scrolling events","page":"https://www.tg.no/news/kreativia-p%C3%A5-tg25-der-ideer-blir-til-virkelighet","workerid":2}}
{"timestamp":"2024-10-13T12:21:05.665Z","logLevel":"info","context":"behaviorScript","message":"Behavior log","details":{"state":{"segments":1},"msg":"done!","page":"https://www.tg.no/news/kreativia-p%C3%A5-tg25-der-ideer-blir-til-virkelighet","workerid":2}}
{"timestamp":"2024-10-13T12:21:05.919Z","logLevel":"info","context":"behavior","message":"Run Script Finished","details":{"frameUrl":"https://www.tg.no/news/crews%C3%B8knader-er-%C3%A5pnet","page":"https://www.tg.no/news/crews%C3%B8knader-er-%C3%A5pnet","workerid":1}}
{"timestamp":"2024-10-13T12:21:05.919Z","logLevel":"info","context":"behavior","message":"Behaviors finished","details":{"finished":1,"page":"https://www.tg.no/news/crews%C3%B8knader-er-%C3%A5pnet","workerid":1}}
{"timestamp":"2024-10-13T12:21:06.040Z","logLevel":"info","context":"behavior","message":"Run Script Finished","details":{"frameUrl":"https://www.tg.no/news/lan-og-datatreff-i-norge","page":"https://www.tg.no/news/lan-og-datatreff-i-norge","workerid":3}}
{"timestamp":"2024-10-13T12:21:06.040Z","logLevel":"info","context":"behavior","message":"Behaviors finished","details":{"finished":1,"page":"https://www.tg.no/news/lan-og-datatreff-i-norge","workerid":3}}
{"timestamp":"2024-10-13T12:21:06.166Z","logLevel":"info","context":"behavior","message":"Run Script Finished","details":{"frameUrl":"https://www.tg.no/news/kreativia-p%C3%A5-tg25-der-ideer-blir-til-virkelighet","page":"https://www.tg.no/news/kreativia-p%C3%A5-tg25-der-ideer-blir-til-virkelighet","workerid":2}}
{"timestamp":"2024-10-13T12:21:06.166Z","logLevel":"info","context":"behavior","message":"Behaviors finished","details":{"finished":1,"page":"https://www.tg.no/news/kreativia-p%C3%A5-tg25-der-ideer-blir-til-virkelighet","workerid":2}}
{"timestamp":"2024-10-13T12:21:06.607Z","logLevel":"info","context":"behavior","message":"Running behaviors","details":{"frames":1,"frameUrls":["https://www.tg.no/news/the-gathering-25-e-sport-tar-sentrum"],"page":"https://www.tg.no/news/the-gathering-25-e-sport-tar-sentrum","workerid":0}}
{"timestamp":"2024-10-13T12:21:06.607Z","logLevel":"info","context":"behavior","message":"Run Script Started","details":{"frameUrl":"https://www.tg.no/news/the-gathering-25-e-sport-tar-sentrum","page":"https://www.tg.no/news/the-gathering-25-e-sport-tar-sentrum","workerid":0}}
{"timestamp":"2024-10-13T12:21:06.611Z","logLevel":"info","context":"behaviorScript","message":"Behavior log","details":{"state":{"segments":1},"msg":"Skipping autoscroll, page seems to not be responsive to scrolling events","page":"https://www.tg.no/news/the-gathering-25-e-sport-tar-sentrum","workerid":0}}
{"timestamp":"2024-10-13T12:21:06.611Z","logLevel":"info","context":"behaviorScript","message":"Behavior log","details":{"state":{"segments":1},"msg":"done!","page":"https://www.tg.no/news/the-gathering-25-e-sport-tar-sentrum","workerid":0}}
{"timestamp":"2024-10-13T12:21:06.922Z","logLevel":"info","context":"pageStatus","message":"Page Finished","details":{"loadState":4,"page":"https://www.tg.no/news/crews%C3%B8knader-er-%C3%A5pnet","workerid":1}}
{"timestamp":"2024-10-13T12:21:06.924Z","logLevel":"info","context":"worker","message":"Starting page","details":{"workerid":1,"page":"https://www.tg.no/news/tg25-er-satt"}}
{"timestamp":"2024-10-13T12:21:06.924Z","logLevel":"info","context":"crawlStatus","message":"Crawl statistics","details":{"crawled":2,"total":7,"pending":4,"failed":0,"limit":{"max":0,"hit":false},"pendingPages":["{\"seedId\":0,\"started\":\"2024-10-13T12:21:03.186Z\",\"extraHops\":0,\"url\":\"https:\\/\\/www.tg.no\\/news\\/lan-og-datatreff-i-norge\",\"added\":\"2024-10-13T12:21:03.047Z\",\"depth\":1}","{\"seedId\":0,\"started\":\"2024-10-13T12:21:03.186Z\",\"extraHops\":0,\"url\":\"https:\\/\\/www.tg.no\\/news\\/kreativia-p%C3%A5-tg25-der-ideer-blir-til-virkelighet\",\"added\":\"2024-10-13T12:21:03.047Z\",\"depth\":1}","{\"seedId\":0,\"started\":\"2024-10-13T12:21:04.571Z\",\"extraHops\":0,\"url\":\"https:\\/\\/www.tg.no\\/news\\/the-gathering-25-e-sport-tar-sentrum\",\"added\":\"2024-10-13T12:21:03.047Z\",\"depth\":1}","{\"seedId\":0,\"started\":\"2024-10-13T12:21:06.924Z\",\"extraHops\":0,\"url\":\"https:\\/\\/www.tg.no\\/news\\/tg25-er-satt\",\"added\":\"2024-10-13T12:21:03.048Z\",\"depth\":1}"]}}
{"timestamp":"2024-10-13T12:21:07.042Z","logLevel":"info","context":"general","message":"Awaiting page load","details":{"page":"https://www.tg.no/news/tg25-er-satt","workerid":1}}
{"timestamp":"2024-10-13T12:21:07.046Z","logLevel":"info","context":"pageStatus","message":"Page Finished","details":{"loadState":4,"page":"https://www.tg.no/news/lan-og-datatreff-i-norge","workerid":3}}
{"timestamp":"2024-10-13T12:21:07.049Z","logLevel":"info","context":"worker","message":"Starting page","details":{"workerid":3,"page":"https://www.tg.no/news/vi-s%C3%B8ker-chiefs-og-andre-ledende-roller"}}
{"timestamp":"2024-10-13T12:21:07.050Z","logLevel":"info","context":"crawlStatus","message":"Crawl statistics","details":{"crawled":3,"total":7,"pending":4,"failed":0,"limit":{"max":0,"hit":false},"pendingPages":["{\"seedId\":0,\"started\":\"2024-10-13T12:21:03.186Z\",\"extraHops\":0,\"url\":\"https:\\/\\/www.tg.no\\/news\\/kreativia-p%C3%A5-tg25-der-ideer-blir-til-virkelighet\",\"added\":\"2024-10-13T12:21:03.047Z\",\"depth\":1}","{\"seedId\":0,\"started\":\"2024-10-13T12:21:07.049Z\",\"extraHops\":0,\"url\":\"https:\\/\\/www.tg.no\\/news\\/vi-s%C3%B8ker-chiefs-og-andre-ledende-roller\",\"added\":\"2024-10-13T12:21:03.048Z\",\"depth\":1}","{\"seedId\":0,\"started\":\"2024-10-13T12:21:04.571Z\",\"extraHops\":0,\"url\":\"https:\\/\\/www.tg.no\\/news\\/the-gathering-25-e-sport-tar-sentrum\",\"added\":\"2024-10-13T12:21:03.047Z\",\"depth\":1}","{\"seedId\":0,\"started\":\"2024-10-13T12:21:06.924Z\",\"extraHops\":0,\"url\":\"https:\\/\\/www.tg.no\\/news\\/tg25-er-satt\",\"added\":\"2024-10-13T12:21:03.048Z\",\"depth\":1}"]}}
{"timestamp":"2024-10-13T12:21:07.111Z","logLevel":"info","context":"behavior","message":"Run Script Finished","details":{"frameUrl":"https://www.tg.no/news/the-gathering-25-e-sport-tar-sentrum","page":"https://www.tg.no/news/the-gathering-25-e-sport-tar-sentrum","workerid":0}}
{"timestamp":"2024-10-13T12:21:07.111Z","logLevel":"info","context":"behavior","message":"Behaviors finished","details":{"finished":1,"page":"https://www.tg.no/news/the-gathering-25-e-sport-tar-sentrum","workerid":0}}
{"timestamp":"2024-10-13T12:21:07.170Z","logLevel":"info","context":"pageStatus","message":"Page Finished","details":{"loadState":4,"page":"https://www.tg.no/news/kreativia-p%C3%A5-tg25-der-ideer-blir-til-virkelighet","workerid":2}}
{"timestamp":"2024-10-13T12:21:07.205Z","logLevel":"info","context":"general","message":"Awaiting page load","details":{"page":"https://www.tg.no/news/vi-s%C3%B8ker-chiefs-og-andre-ledende-roller","workerid":3}}
{"timestamp":"2024-10-13T12:21:08.115Z","logLevel":"info","context":"pageStatus","message":"Page Finished","details":{"loadState":4,"page":"https://www.tg.no/news/the-gathering-25-e-sport-tar-sentrum","workerid":0}}
{"timestamp":"2024-10-13T12:21:09.045Z","logLevel":"info","context":"behavior","message":"Running behaviors","details":{"frames":1,"frameUrls":["https://www.tg.no/news/vi-s%C3%B8ker-chiefs-og-andre-ledende-roller"],"page":"https://www.tg.no/news/vi-s%C3%B8ker-chiefs-og-andre-ledende-roller","workerid":3}}
{"timestamp":"2024-10-13T12:21:09.045Z","logLevel":"info","context":"behavior","message":"Run Script Started","details":{"frameUrl":"https://www.tg.no/news/vi-s%C3%B8ker-chiefs-og-andre-ledende-roller","page":"https://www.tg.no/news/vi-s%C3%B8ker-chiefs-og-andre-ledende-roller","workerid":3}}
{"timestamp":"2024-10-13T12:21:09.048Z","logLevel":"info","context":"behaviorScript","message":"Behavior log","details":{"state":{"segments":1},"msg":"Skipping autoscroll, page seems to not be responsive to scrolling events","page":"https://www.tg.no/news/vi-s%C3%B8ker-chiefs-og-andre-ledende-roller","workerid":3}}
{"timestamp":"2024-10-13T12:21:09.048Z","logLevel":"info","context":"behaviorScript","message":"Behavior log","details":{"state":{"segments":1},"msg":"done!","page":"https://www.tg.no/news/vi-s%C3%B8ker-chiefs-og-andre-ledende-roller","workerid":3}}
{"timestamp":"2024-10-13T12:21:09.170Z","logLevel":"info","context":"behavior","message":"Running behaviors","details":{"frames":1,"frameUrls":["https://www.tg.no/news/tg25-er-satt"],"page":"https://www.tg.no/news/tg25-er-satt","workerid":1}}
{"timestamp":"2024-10-13T12:21:09.170Z","logLevel":"info","context":"behavior","message":"Run Script Started","details":{"frameUrl":"https://www.tg.no/news/tg25-er-satt","page":"https://www.tg.no/news/tg25-er-satt","workerid":1}}
{"timestamp":"2024-10-13T12:21:09.173Z","logLevel":"info","context":"behaviorScript","message":"Behavior log","details":{"state":{"segments":1},"msg":"Skipping autoscroll, page seems to not be responsive to scrolling events","page":"https://www.tg.no/news/tg25-er-satt","workerid":1}}
{"timestamp":"2024-10-13T12:21:09.174Z","logLevel":"info","context":"behaviorScript","message":"Behavior log","details":{"state":{"segments":1},"msg":"done!","page":"https://www.tg.no/news/tg25-er-satt","workerid":1}}
{"timestamp":"2024-10-13T12:21:09.548Z","logLevel":"info","context":"behavior","message":"Run Script Finished","details":{"frameUrl":"https://www.tg.no/news/vi-s%C3%B8ker-chiefs-og-andre-ledende-roller","page":"https://www.tg.no/news/vi-s%C3%B8ker-chiefs-og-andre-ledende-roller","workerid":3}}
{"timestamp":"2024-10-13T12:21:09.549Z","logLevel":"info","context":"behavior","message":"Behaviors finished","details":{"finished":1,"page":"https://www.tg.no/news/vi-s%C3%B8ker-chiefs-og-andre-ledende-roller","workerid":3}}
{"timestamp":"2024-10-13T12:21:09.676Z","logLevel":"info","context":"behavior","message":"Run Script Finished","details":{"frameUrl":"https://www.tg.no/news/tg25-er-satt","page":"https://www.tg.no/news/tg25-er-satt","workerid":1}}
{"timestamp":"2024-10-13T12:21:09.676Z","logLevel":"info","context":"behavior","message":"Behaviors finished","details":{"finished":1,"page":"https://www.tg.no/news/tg25-er-satt","workerid":1}}
{"timestamp":"2024-10-13T12:21:10.570Z","logLevel":"info","context":"pageStatus","message":"Page Finished","details":{"loadState":4,"page":"https://www.tg.no/news/vi-s%C3%B8ker-chiefs-og-andre-ledende-roller","workerid":3}}
{"timestamp":"2024-10-13T12:21:10.678Z","logLevel":"info","context":"pageStatus","message":"Page Finished","details":{"loadState":4,"page":"https://www.tg.no/news/tg25-er-satt","workerid":1}}
{"timestamp":"2024-10-13T12:21:10.689Z","logLevel":"info","context":"worker","message":"Worker done, all tasks complete","details":{"workerid":1}}
{"timestamp":"2024-10-13T12:21:10.697Z","logLevel":"info","context":"worker","message":"Worker done, all tasks complete","details":{"workerid":2}}
{"timestamp":"2024-10-13T12:21:11.095Z","logLevel":"info","context":"worker","message":"Worker done, all tasks complete","details":{"workerid":3}}
{"timestamp":"2024-10-13T12:21:11.175Z","logLevel":"info","context":"worker","message":"Worker done, all tasks complete","details":{"workerid":0}}
{"timestamp":"2024-10-13T12:21:11.270Z","logLevel":"info","context":"general","message":"Saving crawl state to: /crawls/collections/tgno/crawls/crawl-20241013122111-5463524649ff.yaml","details":{}}
{"timestamp":"2024-10-13T12:21:11.272Z","logLevel":"info","context":"crawlStatus","message":"Crawl statistics","details":{"crawled":7,"total":7,"pending":0,"failed":0,"limit":{"max":0,"hit":false},"pendingPages":[]}}
{"timestamp":"2024-10-13T12:21:11.273Z","logLevel":"info","context":"general","message":"Crawling done","details":{}}
{"timestamp":"2024-10-13T12:21:11.273Z","logLevel":"info","context":"general","message":"Merging CDX","details":{}}
{"timestamp":"2024-10-13T12:21:11.279Z","logLevel":"info","context":"general","message":"Exiting, Crawl status: done","details":{}}
